C51 COMPILER V9.60.0.0   MAIN                                                              12/09/2021 22:09:29 PAGE 1   


C51 COMPILER V9.60.0.0, COMPILATION OF MODULE MAIN
OBJECT MODULE PLACED IN .\build\template\User\main.o
COMPILER INVOKED BY: C:\Keil_v5\C51\BIN\C51.exe .\USER\MAIN.C PRINT(.\build\template\User\main.lst) OMF2 TABS(4) CODE NO
                    -COND SYMBOLS OPTIMIZE(8,SPEED) SMALL ROM(LARGE) INCDIR(C:\Keil_v5\C51\INC\STC;C:\Keil_v5\C51\INC) DEFINE(__UVISION_VERSI
                    -ON=526) OBJECT(.\build\template\User\main.o)

line level    source

   1          #include "main.h"
   2          #include "LCD1602.h"
   3          #include "HAL4_DS1302.h"
   4          #include "UART1.h"
   5          uint8_t second;
   6          
   7          char buf[20]={0};
   8          
   9          void main()
  10          {
  11   1        init_all_gpio_to_std8051_status();
  12   1        // P7PU|=1<<5;
  13   1        // P7PU|=1<<4;
  14   1        // P7PU|=1<<6;
  15   1        LCD_Init();
  16   1        Delay_ms(10);
  17   1        Uart1_Init__115200__44MHz2368__Send_only();
  18   1      
  19   1        DS1302_Init();
  20   1      
  21   1        Delay_ms(100);
  22   1        while (1)
  23   1        {
  24   2          second = DS1302_ReadByte(0x81);
  25   2         // second=second/16*10+second%16;//BCD码转十进制后读取
  26   2          UART1_SendChar(second);
  27   2          Delay_ms(1000);
  28   2        }
  29   1      }
C51 COMPILER V9.60.0.0   MAIN                                                              12/09/2021 22:09:29 PAGE 2   

ASSEMBLY LISTING OF GENERATED OBJECT CODE


             ; FUNCTION init_all_gpio_to_std8051_status (BEGIN)
                                           ; SOURCE LINE # 16
                                           ; SOURCE LINE # 17
                                           ; SOURCE LINE # 18
0000 E4                CLR     A
0001 F594              MOV     P0M0,A
                                           ; SOURCE LINE # 19
0003 F593              MOV     P0M1,A
                                           ; SOURCE LINE # 20
0005 F592              MOV     P1M0,A
                                           ; SOURCE LINE # 21
0007 F591              MOV     P1M1,A
                                           ; SOURCE LINE # 22
0009 F596              MOV     P2M0,A
                                           ; SOURCE LINE # 23
000B F595              MOV     P2M1,A
                                           ; SOURCE LINE # 24
000D F5B2              MOV     P3M0,A
                                           ; SOURCE LINE # 25
000F F5B1              MOV     P3M1,A
                                           ; SOURCE LINE # 26
0011 F5B4              MOV     P4M0,A
                                           ; SOURCE LINE # 27
0013 F5B3              MOV     P4M1,A
                                           ; SOURCE LINE # 28
0015 F5CA              MOV     P5M0,A
                                           ; SOURCE LINE # 29
0017 F5C9              MOV     P5M1,A
                                           ; SOURCE LINE # 30
0019 F5CC              MOV     P6M0,A
                                           ; SOURCE LINE # 31
001B F5CB              MOV     P6M1,A
                                           ; SOURCE LINE # 32
001D F5E2              MOV     P7M0,A
                                           ; SOURCE LINE # 33
001F F5E1              MOV     P7M1,A
                                           ; SOURCE LINE # 34
0021 22                RET     
             ; FUNCTION init_all_gpio_to_std8051_status (END)

             ; FUNCTION _Delay_ms (BEGIN)
                                           ; SOURCE LINE # 36
;---- Variable 'xms' assigned to Register 'R6/R7' ----
                                           ; SOURCE LINE # 37
0000         ?C0002:
                                           ; SOURCE LINE # 39
0000 EF                MOV     A,R7
0001 1F                DEC     R7
0002 AC06              MOV     R4,AR6
0004 7001              JNZ     ?C0044
0006 1E                DEC     R6
0007         ?C0044:
0007 4C                ORL     A,R4
0008 600C              JZ      ?C0009
                                           ; SOURCE LINE # 40
                                           ; SOURCE LINE # 44
000A 00                NOP     
                                           ; SOURCE LINE # 45
000B 00                NOP     
C51 COMPILER V9.60.0.0   MAIN                                                              12/09/2021 22:09:29 PAGE 3   

                                           ; SOURCE LINE # 46
;---- Variable 'i' assigned to Register 'R5' ----
000C 7D3A              MOV     R5,#03AH
                                           ; SOURCE LINE # 47
;---- Variable 'j' assigned to Register 'R4' ----
000E 7C70              MOV     R4,#070H
                                           ; SOURCE LINE # 49
0010         ?C0007:
                                           ; SOURCE LINE # 50
0010 DCFE              DJNZ    R4,?C0007
                                           ; SOURCE LINE # 51
0012 DDFC              DJNZ    R5,?C0007
                                           ; SOURCE LINE # 52
0014 80EA              SJMP    ?C0002
                                           ; SOURCE LINE # 53
0016         ?C0009:
0016 22                RET     
             ; FUNCTION _Delay_ms (END)

             ; FUNCTION DS1302_Init (BEGIN)
                                           ; SOURCE LINE # 16
                                           ; SOURCE LINE # 17
                                           ; SOURCE LINE # 18
0000 C2FC              CLR     DS1302_CE
                                           ; SOURCE LINE # 19
0002 C2FE              CLR     DS1302_CLK
                                           ; SOURCE LINE # 20
0004 C2FD              CLR     DS1302_IO
                                           ; SOURCE LINE # 21
0006 22                RET     
             ; FUNCTION DS1302_Init (END)

             ; FUNCTION L?0054 (BEGIN)
0000 F582              MOV     DPL,A
0002 EF                MOV     A,R7
0003 5582              ANL     A,DPL
0005 24FF              ADD     A,#0FFH
0007 92FD              MOV     DS1302_IO,C
             ; FUNCTION __DS1302_command_delay (BEGIN)
                                           ; SOURCE LINE # 28
                                           ; SOURCE LINE # 29
                                           ; SOURCE LINE # 30
0009 750000      R     MOV     i,#00H
000C 75000A      R     MOV     i+01H,#0AH
000F         ?C0011:
                                           ; SOURCE LINE # 31
000F E500        R     MOV     A,i+01H
0011 1500        R     DEC     i+01H
0013 7002              JNZ     ?C0045
0015 1500        R     DEC     i
0017         ?C0045:
0017 14                DEC     A
0018 AE00        R     MOV     R6,i
001A 4E                ORL     A,R6
001B 70F2              JNZ     ?C0011
                                           ; SOURCE LINE # 33
001D 22                RET     
             ; FUNCTION __DS1302_command_delay (END)

             ; FUNCTION _DS1302_WriteByte (BEGIN)
                                           ; SOURCE LINE # 35
;---- Variable 'Writed_Data' assigned to Register 'R5' ----
C51 COMPILER V9.60.0.0   MAIN                                                              12/09/2021 22:09:29 PAGE 4   

;---- Variable 'Command' assigned to Register 'R1' ----
0000 A907              MOV     R1,AR7
                                           ; SOURCE LINE # 36
                                           ; SOURCE LINE # 38
0002 D2FC              SETB    DS1302_CE
                                           ; SOURCE LINE # 39
;---- Variable 'i' assigned to Register 'R3' ----
0004 E4                CLR     A
0005 FB                MOV     R3,A
0006         ?C0014:
0006 EB                MOV     A,R3
0007 C3                CLR     C
0008 9408              SUBB    A,#08H
000A 7480              MOV     A,#080H
000C 9480              SUBB    A,#080H
000E 5022              JNC     ?C0015
                                           ; SOURCE LINE # 40
                                           ; SOURCE LINE # 41
0010 7E00              MOV     R6,#00H
0012 7401              MOV     A,#01H
0014 A803              MOV     R0,AR3
0016 08                INC     R0
0017 8005              SJMP    ?C0047
0019         ?C0046:
0019 C3                CLR     C
001A 33                RLC     A
001B CE                XCH     A,R6
001C 33                RLC     A
001D CE                XCH     A,R6
001E         ?C0047:
001E D8F9              DJNZ    R0,?C0046
0020 FF                MOV     R7,A
0021 E9                MOV     A,R1
                                           ; SOURCE LINE # 42
0022 120000      R     LCALL   L?0054
                                           ; SOURCE LINE # 43
0025 D2FE              SETB    DS1302_CLK
                                           ; SOURCE LINE # 44
0027 120000      R     LCALL   __DS1302_command_delay
                                           ; SOURCE LINE # 45
002A C2FE              CLR     DS1302_CLK
                                           ; SOURCE LINE # 46
002C 120000      R     LCALL   __DS1302_command_delay
                                           ; SOURCE LINE # 47
002F 0B                INC     R3
0030 80D4              SJMP    ?C0014
0032         ?C0015:
                                           ; SOURCE LINE # 48
0032 E4                CLR     A
0033 FB                MOV     R3,A
0034         ?C0017:
0034 EB                MOV     A,R3
0035 C3                CLR     C
0036 9408              SUBB    A,#08H
0038 7480              MOV     A,#080H
003A 9480              SUBB    A,#080H
003C 5022              JNC     ?C0018
                                           ; SOURCE LINE # 49
                                           ; SOURCE LINE # 50
003E 7E00              MOV     R6,#00H
0040 7401              MOV     A,#01H
0042 A803              MOV     R0,AR3
C51 COMPILER V9.60.0.0   MAIN                                                              12/09/2021 22:09:29 PAGE 5   

0044 08                INC     R0
0045 8005              SJMP    ?C0049
0047         ?C0048:
0047 C3                CLR     C
0048 33                RLC     A
0049 CE                XCH     A,R6
004A 33                RLC     A
004B CE                XCH     A,R6
004C         ?C0049:
004C D8F9              DJNZ    R0,?C0048
004E FF                MOV     R7,A
004F ED                MOV     A,R5
                                           ; SOURCE LINE # 51
0050 120000      R     LCALL   L?0054
                                           ; SOURCE LINE # 52
0053 D2FE              SETB    DS1302_CLK
                                           ; SOURCE LINE # 53
0055 120000      R     LCALL   __DS1302_command_delay
                                           ; SOURCE LINE # 54
0058 C2FE              CLR     DS1302_CLK
                                           ; SOURCE LINE # 55
005A 120000      R     LCALL   __DS1302_command_delay
                                           ; SOURCE LINE # 56
005D 0B                INC     R3
005E 80D4              SJMP    ?C0017
0060         ?C0018:
                                           ; SOURCE LINE # 57
0060 C2FC              CLR     DS1302_CE
                                           ; SOURCE LINE # 58
0062 22                RET     
             ; FUNCTION _DS1302_WriteByte (END)

             ; FUNCTION _DS1302_ReadByte (BEGIN)
                                           ; SOURCE LINE # 61
;---- Variable 'Command' assigned to Register 'R5' ----
0000 AD07              MOV     R5,AR7
                                           ; SOURCE LINE # 62
                                           ; SOURCE LINE # 63
;---- Variable 'Data' assigned to Register 'R1' ----
0002 E4                CLR     A
0003 F9                MOV     R1,A
                                           ; SOURCE LINE # 67
0004 120000      R     LCALL   __DS1302_command_delay
                                           ; SOURCE LINE # 69
0007 C2FC              CLR     DS1302_CE
                                           ; SOURCE LINE # 70
0009 C2FE              CLR     DS1302_CLK
                                           ; SOURCE LINE # 71
000B 430501            ORL     AR5,#01H
                                           ; SOURCE LINE # 72
000E D2FC              SETB    DS1302_CE
                                           ; SOURCE LINE # 73
;---- Variable 'i' assigned to Register 'R4' ----
0010 E4                CLR     A
0011 FC                MOV     R4,A
0012         ?C0021:
0012 EC                MOV     A,R4
0013 C3                CLR     C
0014 9408              SUBB    A,#08H
0016 7480              MOV     A,#080H
0018 9480              SUBB    A,#080H
001A 5033              JNC     ?C0022
C51 COMPILER V9.60.0.0   MAIN                                                              12/09/2021 22:09:29 PAGE 6   

                                           ; SOURCE LINE # 74
                                           ; SOURCE LINE # 75
001C 7E00              MOV     R6,#00H
001E 7401              MOV     A,#01H
0020 A804              MOV     R0,AR4
0022 08                INC     R0
0023 8005              SJMP    ?C0051
0025         ?C0050:
0025 C3                CLR     C
0026 33                RLC     A
0027 CE                XCH     A,R6
0028 33                RLC     A
0029 CE                XCH     A,R6
002A         ?C0051:
002A D8F9              DJNZ    R0,?C0050
002C FF                MOV     R7,A
002D ED                MOV     A,R5
002E FB                MOV     R3,A
002F EF                MOV     A,R7
0030 5B                ANL     A,R3
0031 6004              JZ      ?C0024
                                           ; SOURCE LINE # 76
                                           ; SOURCE LINE # 77
0033 D2FD              SETB    DS1302_IO
                                           ; SOURCE LINE # 79
0035 8002              SJMP    ?C0025
0037         ?C0024:
                                           ; SOURCE LINE # 80
0037 C2FD              CLR     DS1302_IO
                                           ; SOURCE LINE # 81
0039         ?C0025:
                                           ; SOURCE LINE # 82
0039 120000      R     LCALL   __DS1302_command_delay
                                           ; SOURCE LINE # 83
003C C2FE              CLR     DS1302_CLK
                                           ; SOURCE LINE # 84
003E 120000      R     LCALL   __DS1302_command_delay
                                           ; SOURCE LINE # 85
0041 D2FE              SETB    DS1302_CLK
                                           ; SOURCE LINE # 86
0043 120000      R     LCALL   __DS1302_command_delay
                                           ; SOURCE LINE # 87
0046 120000      R     LCALL   __DS1302_command_delay
                                           ; SOURCE LINE # 88
0049 120000      R     LCALL   __DS1302_command_delay
                                           ; SOURCE LINE # 89
004C 0C                INC     R4
004D 80C3              SJMP    ?C0021
004F         ?C0022:
                                           ; SOURCE LINE # 93
004F 120000      R     LCALL   __DS1302_command_delay
                                           ; SOURCE LINE # 94
0052 120000      R     LCALL   __DS1302_command_delay
                                           ; SOURCE LINE # 95
0055 E4                CLR     A
0056 FC                MOV     R4,A
0057         ?C0026:
0057 EC                MOV     A,R4
0058 C3                CLR     C
0059 9408              SUBB    A,#08H
005B 7480              MOV     A,#080H
005D 9480              SUBB    A,#080H
C51 COMPILER V9.60.0.0   MAIN                                                              12/09/2021 22:09:29 PAGE 7   

005F 5020              JNC     ?C0027
                                           ; SOURCE LINE # 96
                                           ; SOURCE LINE # 97
0061 D2FE              SETB    DS1302_CLK
                                           ; SOURCE LINE # 98
0063 120000      R     LCALL   __DS1302_command_delay
                                           ; SOURCE LINE # 99
0066 C2FE              CLR     DS1302_CLK
                                           ; SOURCE LINE # 100
0068 120000      R     LCALL   __DS1302_command_delay
                                           ; SOURCE LINE # 102
006B 30FD0D            JNB     DS1302_IO,?C0029
006E A804              MOV     R0,AR4
0070 7401              MOV     A,#01H
0072 08                INC     R0
0073 8002              SJMP    ?C0053
0075         ?C0052:
0075 C3                CLR     C
0076 33                RLC     A
0077         ?C0053:
0077 D8FC              DJNZ    R0,?C0052
0079 4201              ORL     AR1,A
007B         ?C0029:
                                           ; SOURCE LINE # 103
007B 120000      R     LCALL   __DS1302_command_delay
                                           ; SOURCE LINE # 104
007E 0C                INC     R4
007F 80D6              SJMP    ?C0026
0081         ?C0027:
                                           ; SOURCE LINE # 105
0081 C2FC              CLR     DS1302_CE
                                           ; SOURCE LINE # 108
0083 C2FD              CLR     DS1302_IO
                                           ; SOURCE LINE # 109
0085 AF01              MOV     R7,AR1
                                           ; SOURCE LINE # 110
0087 22                RET     
             ; FUNCTION _DS1302_ReadByte (END)

             ; FUNCTION UART1_Init_9600___44_2368MHz (BEGIN)
                                           ; SOURCE LINE # 12
                                           ; SOURCE LINE # 13
                                           ; SOURCE LINE # 14
0000 759840            MOV     SCON,#040H
                                           ; SOURCE LINE # 15
0003 438780            ORL     PCON,#080H
                                           ; SOURCE LINE # 16
0006 538EBF            ANL     AUXR,#0BFH
                                           ; SOURCE LINE # 17
0009 538EFE            ANL     AUXR,#0FEH
                                           ; SOURCE LINE # 18
000C 53890F            ANL     TMOD,#0FH
                                           ; SOURCE LINE # 19
000F 438920            ORL     TMOD,#020H
                                           ; SOURCE LINE # 20
0012 758BE8            MOV     TL1,#0E8H
                                           ; SOURCE LINE # 21
0015 758DE8            MOV     TH1,#0E8H
                                           ; SOURCE LINE # 22
0018 C2AB              CLR     ET1
                                           ; SOURCE LINE # 23
001A D28E              SETB    TR1
C51 COMPILER V9.60.0.0   MAIN                                                              12/09/2021 22:09:29 PAGE 8   

                                           ; SOURCE LINE # 24
001C 22                RET     
             ; FUNCTION UART1_Init_9600___44_2368MHz (END)

             ; FUNCTION Uart1_Init__115200__44MHz2368__Send_only (BEGIN)
                                           ; SOURCE LINE # 31
                                           ; SOURCE LINE # 32
                                           ; SOURCE LINE # 33
0000 759850            MOV     SCON,#050H
                                           ; SOURCE LINE # 34
0003 438E40            ORL     AUXR,#040H
                                           ; SOURCE LINE # 35
0006 538EFE            ANL     AUXR,#0FEH
                                           ; SOURCE LINE # 36
0009 53890F            ANL     TMOD,#0FH
                                           ; SOURCE LINE # 37
000C 758BA0            MOV     TL1,#0A0H
                                           ; SOURCE LINE # 38
000F 758DFF            MOV     TH1,#0FFH
                                           ; SOURCE LINE # 39
0012 C2AB              CLR     ET1
                                           ; SOURCE LINE # 40
0014 D28E              SETB    TR1
                                           ; SOURCE LINE # 41
0016 22                RET     
             ; FUNCTION Uart1_Init__115200__44MHz2368__Send_only (END)

             ; FUNCTION UartInit__9600__5MHz5296 (BEGIN)
                                           ; SOURCE LINE # 43
                                           ; SOURCE LINE # 44
                                           ; SOURCE LINE # 45
0000 759850            MOV     SCON,#050H
                                           ; SOURCE LINE # 46
0003 538EBF            ANL     AUXR,#0BFH
                                           ; SOURCE LINE # 47
0006 538EFE            ANL     AUXR,#0FEH
                                           ; SOURCE LINE # 48
0009 53890F            ANL     TMOD,#0FH
                                           ; SOURCE LINE # 49
000C 758BF4            MOV     TL1,#0F4H
                                           ; SOURCE LINE # 50
000F 758DFF            MOV     TH1,#0FFH
                                           ; SOURCE LINE # 51
0012 C2AB              CLR     ET1
                                           ; SOURCE LINE # 52
0014 D28E              SETB    TR1
                                           ; SOURCE LINE # 53
0016 22                RET     
             ; FUNCTION UartInit__9600__5MHz5296 (END)

             ; FUNCTION Uart1_Init__115200__44MHz2368__Send_Rev_both (BEGIN)
                                           ; SOURCE LINE # 61
                                           ; SOURCE LINE # 62
                                           ; SOURCE LINE # 63
0000 759850            MOV     SCON,#050H
                                           ; SOURCE LINE # 64
0003 438E40            ORL     AUXR,#040H
                                           ; SOURCE LINE # 65
0006 538EFE            ANL     AUXR,#0FEH
                                           ; SOURCE LINE # 66
0009 53890F            ANL     TMOD,#0FH
                                           ; SOURCE LINE # 67
C51 COMPILER V9.60.0.0   MAIN                                                              12/09/2021 22:09:29 PAGE 9   

000C 758BA0            MOV     TL1,#0A0H
                                           ; SOURCE LINE # 68
000F 758DFF            MOV     TH1,#0FFH
                                           ; SOURCE LINE # 69
0012 C2AB              CLR     ET1
                                           ; SOURCE LINE # 70
0014 D28E              SETB    TR1
                                           ; SOURCE LINE # 71
0016 D2AC              SETB    ES
                                           ; SOURCE LINE # 72
0018 D2AF              SETB    EA
                                           ; SOURCE LINE # 73
001A 22                RET     
             ; FUNCTION Uart1_Init__115200__44MHz2368__Send_Rev_both (END)

             ; FUNCTION _UART1_SendChar (BEGIN)
                                           ; SOURCE LINE # 81
;---- Variable 'c' assigned to Register 'R7' ----
                                           ; SOURCE LINE # 82
                                           ; SOURCE LINE # 83
0000 8F99              MOV     SBUF,R7
0002         ?C0035:
                                           ; SOURCE LINE # 84
0002 3099FD            JNB     TI,?C0035
                                           ; SOURCE LINE # 86
0005 C299              CLR     TI
                                           ; SOURCE LINE # 87
0007 22                RET     
             ; FUNCTION _UART1_SendChar (END)

             ; FUNCTION _UART1_SendStr (BEGIN)
                                           ; SOURCE LINE # 94
0000 8B00        R     MOV     s,R3
0002 8A00        R     MOV     s+01H,R2
0004 8900        R     MOV     s+02H,R1
                                           ; SOURCE LINE # 95
                                           ; SOURCE LINE # 96
;---- Variable 'i' assigned to Register 'R6' ----
0006 E4                CLR     A
0007 FE                MOV     R6,A
0008         ?C0038:
                                           ; SOURCE LINE # 97
0008 AB00        R     MOV     R3,s
000A AA00        R     MOV     R2,s+01H
000C A900        R     MOV     R1,s+02H
000E 8E82              MOV     DPL,R6
0010 758300            MOV     DPH,#00H
0013 120000      E     LCALL   ?C?CLDOPTR
0016 6011              JZ      ?C0040
                                           ; SOURCE LINE # 98
                                           ; SOURCE LINE # 99
0018 AF06              MOV     R7,AR6
001A 0E                INC     R6
001B 8F82              MOV     DPL,R7
001D 758300            MOV     DPH,#00H
0020 120000      E     LCALL   ?C?CLDOPTR
0023 FF                MOV     R7,A
0024 120000      R     LCALL   _UART1_SendChar
                                           ; SOURCE LINE # 100
0027 80DF              SJMP    ?C0038
                                           ; SOURCE LINE # 101
0029         ?C0040:
C51 COMPILER V9.60.0.0   MAIN                                                              12/09/2021 22:09:29 PAGE 10  

0029 22                RET     
             ; FUNCTION _UART1_SendStr (END)

             ; FUNCTION main (BEGIN)
                                           ; SOURCE LINE # 9
                                           ; SOURCE LINE # 10
                                           ; SOURCE LINE # 11
0000 120000      R     LCALL   init_all_gpio_to_std8051_status
                                           ; SOURCE LINE # 15
0003 120000      E     LCALL   LCD_Init
                                           ; SOURCE LINE # 16
0006 7F0A              MOV     R7,#0AH
0008 7E00              MOV     R6,#00H
000A 120000      R     LCALL   _Delay_ms
                                           ; SOURCE LINE # 17
000D 120000      R     LCALL   Uart1_Init__115200__44MHz2368__Send_only
                                           ; SOURCE LINE # 19
0010 120000      R     LCALL   DS1302_Init
                                           ; SOURCE LINE # 21
0013 7F64              MOV     R7,#064H
0015 7E00              MOV     R6,#00H
0017 120000      R     LCALL   _Delay_ms
001A         ?C0041:
                                           ; SOURCE LINE # 22
                                           ; SOURCE LINE # 23
                                           ; SOURCE LINE # 24
001A 7F81              MOV     R7,#081H
001C 120000      R     LCALL   _DS1302_ReadByte
001F 8F00        R     MOV     second,R7
                                           ; SOURCE LINE # 26
0021 120000      R     LCALL   _UART1_SendChar
                                           ; SOURCE LINE # 27
0024 7FE8              MOV     R7,#0E8H
0026 7E03              MOV     R6,#03H
0028 120000      R     LCALL   _Delay_ms
                                           ; SOURCE LINE # 28
002B 80ED              SJMP    ?C0041
             ; FUNCTION main (END)

C51 COMPILER V9.60.0.0   MAIN                                                              12/09/2021 22:09:29 PAGE 11  

NAME                                    CLASS   MSPACE  TYPE    OFFSET  SIZE
====                                    =====   ======  ====    ======  ====


uint16_t . . . . . . . . . . . . . . .  TYPEDEF  -----  U_INT    -----  2
CCF2 . . . . . . . . . . . . . . . . .  ABSBIT   -----  BIT      00DAH  1
P0M1 . . . . . . . . . . . . . . . . .  SFR      DATA   U_CHAR   0093H  1
P1M0 . . . . . . . . . . . . . . . . .  SFR      DATA   U_CHAR   0092H  1
second . . . . . . . . . . . . . . . .  PUBLIC   DATA   U_CHAR   0000H  1
CCF3 . . . . . . . . . . . . . . . . .  ABSBIT   -----  BIT      00DBH  1
P2M0 . . . . . . . . . . . . . . . . .  SFR      DATA   U_CHAR   0096H  1
P1M1 . . . . . . . . . . . . . . . . .  SFR      DATA   U_CHAR   0091H  1
P0 . . . . . . . . . . . . . . . . . .  SFR      DATA   U_CHAR   0080H  1
P3M0 . . . . . . . . . . . . . . . . .  SFR      DATA   U_CHAR   00B2H  1
P2M1 . . . . . . . . . . . . . . . . .  SFR      DATA   U_CHAR   0095H  1
P1 . . . . . . . . . . . . . . . . . .  SFR      DATA   U_CHAR   0090H  1
P4M0 . . . . . . . . . . . . . . . . .  SFR      DATA   U_CHAR   00B4H  1
P3M1 . . . . . . . . . . . . . . . . .  SFR      DATA   U_CHAR   00B1H  1
P2 . . . . . . . . . . . . . . . . . .  SFR      DATA   U_CHAR   00A0H  1
P5M0 . . . . . . . . . . . . . . . . .  SFR      DATA   U_CHAR   00CAH  1
P4M1 . . . . . . . . . . . . . . . . .  SFR      DATA   U_CHAR   00B3H  1
P3 . . . . . . . . . . . . . . . . . .  SFR      DATA   U_CHAR   00B0H  1
WKTCH. . . . . . . . . . . . . . . . .  SFR      DATA   U_CHAR   00ABH  1
AC . . . . . . . . . . . . . . . . . .  ABSBIT   -----  BIT      00D6H  1
P6M0 . . . . . . . . . . . . . . . . .  SFR      DATA   U_CHAR   00CCH  1
P5M1 . . . . . . . . . . . . . . . . .  SFR      DATA   U_CHAR   00C9H  1
P4 . . . . . . . . . . . . . . . . . .  SFR      DATA   U_CHAR   00C0H  1
P7M0 . . . . . . . . . . . . . . . . .  SFR      DATA   U_CHAR   00E2H  1
P6M1 . . . . . . . . . . . . . . . . .  SFR      DATA   U_CHAR   00CBH  1
P5 . . . . . . . . . . . . . . . . . .  SFR      DATA   U_CHAR   00C8H  1
P6 . . . . . . . . . . . . . . . . . .  SFR      DATA   U_CHAR   00E8H  1
P7M1 . . . . . . . . . . . . . . . . .  SFR      DATA   U_CHAR   00E1H  1
EA . . . . . . . . . . . . . . . . . .  ABSBIT   -----  BIT      00AFH  1
int32_t. . . . . . . . . . . . . . . .  TYPEDEF  -----  LONG     -----  4
P7 . . . . . . . . . . . . . . . . . .  SFR      DATA   U_CHAR   00F8H  1
WKTCL. . . . . . . . . . . . . . . . .  SFR      DATA   U_CHAR   00AAH  1
SPCTL. . . . . . . . . . . . . . . . .  SFR      DATA   U_CHAR   00CEH  1
int16_t. . . . . . . . . . . . . . . .  TYPEDEF  -----  INT      -----  2
CF . . . . . . . . . . . . . . . . . .  ABSBIT   -----  BIT      00DFH  1
CH . . . . . . . . . . . . . . . . . .  SFR      DATA   U_CHAR   00F9H  1
P_SW1. . . . . . . . . . . . . . . . .  SFR      DATA   U_CHAR   00A2H  1
P_SW2. . . . . . . . . . . . . . . . .  SFR      DATA   U_CHAR   00BAH  1
DPH1 . . . . . . . . . . . . . . . . .  SFR      DATA   U_CHAR   00E5H  1
EADC . . . . . . . . . . . . . . . . .  ABSBIT   -----  BIT      00ADH  1
IE . . . . . . . . . . . . . . . . . .  SFR      DATA   U_CHAR   00A8H  1
CL . . . . . . . . . . . . . . . . . .  SFR      DATA   U_CHAR   00E9H  1
IAP_CMD. . . . . . . . . . . . . . . .  SFR      DATA   U_CHAR   00C5H  1
CCAP0H . . . . . . . . . . . . . . . .  SFR      DATA   U_CHAR   00FAH  1
size_t . . . . . . . . . . . . . . . .  TYPEDEF  -----  U_INT    -----  2
CCAP1H . . . . . . . . . . . . . . . .  SFR      DATA   U_CHAR   00FBH  1
DPL1 . . . . . . . . . . . . . . . . .  SFR      DATA   U_CHAR   00E4H  1
CCAP2H . . . . . . . . . . . . . . . .  SFR      DATA   U_CHAR   00FCH  1
ADC_RES. . . . . . . . . . . . . . . .  SFR      DATA   U_CHAR   00BDH  1
IP2H . . . . . . . . . . . . . . . . .  SFR      DATA   U_CHAR   00B6H  1
IP3H . . . . . . . . . . . . . . . . .  SFR      DATA   U_CHAR   00EEH  1
CCAP0L . . . . . . . . . . . . . . . .  SFR      DATA   U_CHAR   00EAH  1
CR . . . . . . . . . . . . . . . . . .  ABSBIT   -----  BIT      00DEH  1
TA . . . . . . . . . . . . . . . . . .  SFR      DATA   U_CHAR   00AEH  1
CCAP1L . . . . . . . . . . . . . . . .  SFR      DATA   U_CHAR   00EBH  1
CCAPM0 . . . . . . . . . . . . . . . .  SFR      DATA   U_CHAR   00DAH  1
_UART1_SendStr . . . . . . . . . . . .  PUBLIC   CODE   PROC     0000H  -----
C51 COMPILER V9.60.0.0   MAIN                                                              12/09/2021 22:09:29 PAGE 12  

NAME                                    CLASS   MSPACE  TYPE    OFFSET  SIZE
====                                    =====   ======  ====    ======  ====


  s. . . . . . . . . . . . . . . . . .  AUTO     DATA   PTR      0000H  3
  i. . . . . . . . . . . . . . . . . .  * REG *  DATA   U_CHAR   0006H  1
CCAP2L . . . . . . . . . . . . . . . .  SFR      DATA   U_CHAR   00ECH  1
CCAPM1 . . . . . . . . . . . . . . . .  SFR      DATA   U_CHAR   00DBH  1
INTCLKO. . . . . . . . . . . . . . . .  SFR      DATA   U_CHAR   008FH  1
CCAPM2 . . . . . . . . . . . . . . . .  SFR      DATA   U_CHAR   00DCH  1
ES . . . . . . . . . . . . . . . . . .  ABSBIT   -----  BIT      00ACH  1
PADC . . . . . . . . . . . . . . . . .  ABSBIT   -----  BIT      00BDH  1
IP . . . . . . . . . . . . . . . . . .  SFR      DATA   U_CHAR   00B8H  1
DS1302_CLK . . . . . . . . . . . . . .  ABSBIT   -----  BIT      00FEH  1
ADCCFG . . . . . . . . . . . . . . . .  SFR      DATA   U_CHAR   00DEH  1
RI . . . . . . . . . . . . . . . . . .  ABSBIT   -----  BIT      0098H  1
CY . . . . . . . . . . . . . . . . . .  ABSBIT   -----  BIT      00D7H  1
TI . . . . . . . . . . . . . . . . . .  ABSBIT   -----  BIT      0099H  1
IAP_ADDRH. . . . . . . . . . . . . . .  SFR      DATA   U_CHAR   00C3H  1
UartInit__9600__5MHz5296 . . . . . . .  PUBLIC   CODE   PROC     0000H  -----
PS . . . . . . . . . . . . . . . . . .  ABSBIT   -----  BIT      00BCH  1
SP . . . . . . . . . . . . . . . . . .  SFR      DATA   U_CHAR   0081H  1
CMOD . . . . . . . . . . . . . . . . .  SFR      DATA   U_CHAR   00D9H  1
CCON . . . . . . . . . . . . . . . . .  SFR      DATA   U_CHAR   00D8H  1
IAP_ADDRL. . . . . . . . . . . . . . .  SFR      DATA   U_CHAR   00C4H  1
OV . . . . . . . . . . . . . . . . . .  ABSBIT   -----  BIT      00D2H  1
PPCA . . . . . . . . . . . . . . . . .  ABSBIT   -----  BIT      00BFH  1
LIRTRIM. . . . . . . . . . . . . . . .  SFR      DATA   U_CHAR   009EH  1
main . . . . . . . . . . . . . . . . .  PUBLIC   CODE   PROC     0000H  -----
CMPCR1 . . . . . . . . . . . . . . . .  SFR      DATA   U_CHAR   00E6H  1
CMPCR2 . . . . . . . . . . . . . . . .  SFR      DATA   U_CHAR   00E7H  1
Uart1_Init__115200__44MHz2368__Send_Re  PUBLIC   CODE   PROC     0000H  -----
ELVD . . . . . . . . . . . . . . . . .  ABSBIT   -----  BIT      00AEH  1
init_all_gpio_to_std8051_status. . . .  PUBLIC   CODE   PROC     0000H  -----
P00. . . . . . . . . . . . . . . . . .  ABSBIT   -----  BIT      0080H  1
Uart1_Init__115200__44MHz2368__Send_onlyPUBLIC   CODE   PROC     0000H  -----
ADC_CONTR. . . . . . . . . . . . . . .  SFR      DATA   U_CHAR   00BCH  1
SBUF . . . . . . . . . . . . . . . . .  SFR      DATA   U_CHAR   0099H  1
P10. . . . . . . . . . . . . . . . . .  ABSBIT   -----  BIT      0090H  1
PCON . . . . . . . . . . . . . . . . .  SFR      DATA   U_CHAR   0087H  1
P01. . . . . . . . . . . . . . . . . .  ABSBIT   -----  BIT      0081H  1
P20. . . . . . . . . . . . . . . . . .  ABSBIT   -----  BIT      00A0H  1
P11. . . . . . . . . . . . . . . . . .  ABSBIT   -----  BIT      0091H  1
P02. . . . . . . . . . . . . . . . . .  ABSBIT   -----  BIT      0082H  1
_Delay_ms. . . . . . . . . . . . . . .  PUBLIC   CODE   PROC     0000H  -----
  xms. . . . . . . . . . . . . . . . .  * REG *  DATA   U_INT    0006H  2
  i. . . . . . . . . . . . . . . . . .  * REG *  DATA   U_CHAR   0005H  1
  j. . . . . . . . . . . . . . . . . .  * REG *  DATA   U_CHAR   0004H  1
IAP_TPS. . . . . . . . . . . . . . . .  SFR      DATA   U_CHAR   00F5H  1
P30. . . . . . . . . . . . . . . . . .  ABSBIT   -----  BIT      00B0H  1
P21. . . . . . . . . . . . . . . . . .  ABSBIT   -----  BIT      00A1H  1
P12. . . . . . . . . . . . . . . . . .  ABSBIT   -----  BIT      0092H  1
P03. . . . . . . . . . . . . . . . . .  ABSBIT   -----  BIT      0083H  1
P40. . . . . . . . . . . . . . . . . .  ABSBIT   -----  BIT      00C0H  1
P31. . . . . . . . . . . . . . . . . .  ABSBIT   -----  BIT      00B1H  1
P22. . . . . . . . . . . . . . . . . .  ABSBIT   -----  BIT      00A2H  1
SCON . . . . . . . . . . . . . . . . .  SFR      DATA   U_CHAR   0098H  1
P13. . . . . . . . . . . . . . . . . .  ABSBIT   -----  BIT      0093H  1
P04. . . . . . . . . . . . . . . . . .  ABSBIT   -----  BIT      0084H  1
P50. . . . . . . . . . . . . . . . . .  ABSBIT   -----  BIT      00C8H  1
P41. . . . . . . . . . . . . . . . . .  ABSBIT   -----  BIT      00C1H  1
C51 COMPILER V9.60.0.0   MAIN                                                              12/09/2021 22:09:29 PAGE 13  

NAME                                    CLASS   MSPACE  TYPE    OFFSET  SIZE
====                                    =====   ======  ====    ======  ====


P32. . . . . . . . . . . . . . . . . .  ABSBIT   -----  BIT      00B2H  1
P23. . . . . . . . . . . . . . . . . .  ABSBIT   -----  BIT      00A3H  1
P14. . . . . . . . . . . . . . . . . .  ABSBIT   -----  BIT      0094H  1
TMOD . . . . . . . . . . . . . . . . .  SFR      DATA   U_CHAR   0089H  1
TCON . . . . . . . . . . . . . . . . .  SFR      DATA   U_CHAR   0088H  1
P05. . . . . . . . . . . . . . . . . .  ABSBIT   -----  BIT      0085H  1
P60. . . . . . . . . . . . . . . . . .  ABSBIT   -----  BIT      00E8H  1
P51. . . . . . . . . . . . . . . . . .  ABSBIT   -----  BIT      00C9H  1
P42. . . . . . . . . . . . . . . . . .  ABSBIT   -----  BIT      00C2H  1
P33. . . . . . . . . . . . . . . . . .  ABSBIT   -----  BIT      00B3H  1
P24. . . . . . . . . . . . . . . . . .  ABSBIT   -----  BIT      00A4H  1
P15. . . . . . . . . . . . . . . . . .  ABSBIT   -----  BIT      0095H  1
P06. . . . . . . . . . . . . . . . . .  ABSBIT   -----  BIT      0086H  1
P70. . . . . . . . . . . . . . . . . .  ABSBIT   -----  BIT      00F8H  1
P61. . . . . . . . . . . . . . . . . .  ABSBIT   -----  BIT      00E9H  1
P52. . . . . . . . . . . . . . . . . .  ABSBIT   -----  BIT      00CAH  1
P43. . . . . . . . . . . . . . . . . .  ABSBIT   -----  BIT      00C3H  1
PLVD . . . . . . . . . . . . . . . . .  ABSBIT   -----  BIT      00BEH  1
P34. . . . . . . . . . . . . . . . . .  ABSBIT   -----  BIT      00B4H  1
P25. . . . . . . . . . . . . . . . . .  ABSBIT   -----  BIT      00A5H  1
P16. . . . . . . . . . . . . . . . . .  ABSBIT   -----  BIT      0096H  1
P07. . . . . . . . . . . . . . . . . .  ABSBIT   -----  BIT      0087H  1
P71. . . . . . . . . . . . . . . . . .  ABSBIT   -----  BIT      00F9H  1
P62. . . . . . . . . . . . . . . . . .  ABSBIT   -----  BIT      00EAH  1
P53. . . . . . . . . . . . . . . . . .  ABSBIT   -----  BIT      00CBH  1
P44. . . . . . . . . . . . . . . . . .  ABSBIT   -----  BIT      00C4H  1
P35. . . . . . . . . . . . . . . . . .  ABSBIT   -----  BIT      00B5H  1
P26. . . . . . . . . . . . . . . . . .  ABSBIT   -----  BIT      00A6H  1
P17. . . . . . . . . . . . . . . . . .  ABSBIT   -----  BIT      0097H  1
P72. . . . . . . . . . . . . . . . . .  ABSBIT   -----  BIT      00FAH  1
P63. . . . . . . . . . . . . . . . . .  ABSBIT   -----  BIT      00EBH  1
P54. . . . . . . . . . . . . . . . . .  ABSBIT   -----  BIT      00CCH  1
P45. . . . . . . . . . . . . . . . . .  ABSBIT   -----  BIT      00C5H  1
P36. . . . . . . . . . . . . . . . . .  ABSBIT   -----  BIT      00B6H  1
P27. . . . . . . . . . . . . . . . . .  ABSBIT   -----  BIT      00A7H  1
P73. . . . . . . . . . . . . . . . . .  ABSBIT   -----  BIT      00FBH  1
P64. . . . . . . . . . . . . . . . . .  ABSBIT   -----  BIT      00ECH  1
P55. . . . . . . . . . . . . . . . . .  ABSBIT   -----  BIT      00CDH  1
P46. . . . . . . . . . . . . . . . . .  ABSBIT   -----  BIT      00C6H  1
P37. . . . . . . . . . . . . . . . . .  ABSBIT   -----  BIT      00B7H  1
P74. . . . . . . . . . . . . . . . . .  ABSBIT   -----  BIT      00FCH  1
P65. . . . . . . . . . . . . . . . . .  ABSBIT   -----  BIT      00EDH  1
P56. . . . . . . . . . . . . . . . . .  ABSBIT   -----  BIT      00CEH  1
P47. . . . . . . . . . . . . . . . . .  ABSBIT   -----  BIT      00C7H  1
P75. . . . . . . . . . . . . . . . . .  ABSBIT   -----  BIT      00FDH  1
P66. . . . . . . . . . . . . . . . . .  ABSBIT   -----  BIT      00EEH  1
P57. . . . . . . . . . . . . . . . . .  ABSBIT   -----  BIT      00CFH  1
P76. . . . . . . . . . . . . . . . . .  ABSBIT   -----  BIT      00FEH  1
P67. . . . . . . . . . . . . . . . . .  ABSBIT   -----  BIT      00EFH  1
buf. . . . . . . . . . . . . . . . . .  PUBLIC   DATA   ARRAY    0001H  20
P77. . . . . . . . . . . . . . . . . .  ABSBIT   -----  BIT      00FFH  1
BUS_SPEED. . . . . . . . . . . . . . .  SFR      DATA   U_CHAR   00A1H  1
IE0. . . . . . . . . . . . . . . . . .  ABSBIT   -----  BIT      0089H  1
IE1. . . . . . . . . . . . . . . . . .  ABSBIT   -----  BIT      008BH  1
IE2. . . . . . . . . . . . . . . . . .  SFR      DATA   U_CHAR   00AFH  1
B. . . . . . . . . . . . . . . . . . .  SFR      DATA   U_CHAR   00F0H  1
AUXR . . . . . . . . . . . . . . . . .  SFR      DATA   U_CHAR   008EH  1
C51 COMPILER V9.60.0.0   MAIN                                                              12/09/2021 22:09:29 PAGE 14  

NAME                                    CLASS   MSPACE  TYPE    OFFSET  SIZE
====                                    =====   ======  ====    ======  ====


IAP_CONTR. . . . . . . . . . . . . . .  SFR      DATA   U_CHAR   00C7H  1
PWMCFG . . . . . . . . . . . . . . . .  SFR      DATA   U_CHAR   00F6H  1
DS1302_CE. . . . . . . . . . . . . . .  ABSBIT   -----  BIT      00FCH  1
ACC. . . . . . . . . . . . . . . . . .  SFR      DATA   U_CHAR   00E0H  1
ET0. . . . . . . . . . . . . . . . . .  ABSBIT   -----  BIT      00A9H  1
LCD_Init . . . . . . . . . . . . . . .  EXTERN   CODE   PROC     -----  -----
ET1. . . . . . . . . . . . . . . . . .  ABSBIT   -----  BIT      00ABH  1
TF0. . . . . . . . . . . . . . . . . .  ABSBIT   -----  BIT      008DH  1
RSTCFG . . . . . . . . . . . . . . . .  SFR      DATA   U_CHAR   00FFH  1
IP2. . . . . . . . . . . . . . . . . .  SFR      DATA   U_CHAR   00B5H  1
TF1. . . . . . . . . . . . . . . . . .  ABSBIT   -----  BIT      008FH  1
IP3. . . . . . . . . . . . . . . . . .  SFR      DATA   U_CHAR   00DFH  1
RB8. . . . . . . . . . . . . . . . . .  ABSBIT   -----  BIT      009AH  1
TH0. . . . . . . . . . . . . . . . . .  SFR      DATA   U_CHAR   008CH  1
EX0. . . . . . . . . . . . . . . . . .  ABSBIT   -----  BIT      00A8H  1
TH1. . . . . . . . . . . . . . . . . .  SFR      DATA   U_CHAR   008DH  1
IT0. . . . . . . . . . . . . . . . . .  ABSBIT   -----  BIT      0088H  1
T2H. . . . . . . . . . . . . . . . . .  SFR      DATA   U_CHAR   00D6H  1
EX1. . . . . . . . . . . . . . . . . .  ABSBIT   -----  BIT      00AAH  1
TB8. . . . . . . . . . . . . . . . . .  ABSBIT   -----  BIT      009BH  1
IT1. . . . . . . . . . . . . . . . . .  ABSBIT   -----  BIT      008AH  1
uint8_t. . . . . . . . . . . . . . . .  TYPEDEF  -----  U_CHAR   -----  1
T3H. . . . . . . . . . . . . . . . . .  SFR      DATA   U_CHAR   00D4H  1
P. . . . . . . . . . . . . . . . . . .  ABSBIT   -----  BIT      00D0H  1
T4H. . . . . . . . . . . . . . . . . .  SFR      DATA   U_CHAR   00D2H  1
SM0. . . . . . . . . . . . . . . . . .  ABSBIT   -----  BIT      009FH  1
TL0. . . . . . . . . . . . . . . . . .  SFR      DATA   U_CHAR   008AH  1
SM1. . . . . . . . . . . . . . . . . .  ABSBIT   -----  BIT      009EH  1
TL1. . . . . . . . . . . . . . . . . .  SFR      DATA   U_CHAR   008BH  1
T2L. . . . . . . . . . . . . . . . . .  SFR      DATA   U_CHAR   00D7H  1
SM2. . . . . . . . . . . . . . . . . .  ABSBIT   -----  BIT      009DH  1
T3L. . . . . . . . . . . . . . . . . .  SFR      DATA   U_CHAR   00D5H  1
_DS1302_ReadByte . . . . . . . . . . .  PUBLIC   CODE   PROC     0000H  -----
  Command. . . . . . . . . . . . . . .  * REG *  DATA   U_CHAR   0005H  1
  i. . . . . . . . . . . . . . . . . .  * REG *  DATA   U_CHAR   0004H  1
  Data . . . . . . . . . . . . . . . .  * REG *  DATA   U_CHAR   0001H  1
T4L. . . . . . . . . . . . . . . . . .  SFR      DATA   U_CHAR   00D3H  1
PT0. . . . . . . . . . . . . . . . . .  ABSBIT   -----  BIT      00B9H  1
__DS1302_command_delay . . . . . . . .  PUBLIC   CODE   PROC     0009H  -----
  i. . . . . . . . . . . . . . . . . .  AUTO     DATA   INT      0000H  2
DS1302_Init. . . . . . . . . . . . . .  PUBLIC   CODE   PROC     0000H  -----
RS0. . . . . . . . . . . . . . . . . .  ABSBIT   -----  BIT      00D3H  1
PT1. . . . . . . . . . . . . . . . . .  ABSBIT   -----  BIT      00BBH  1
RS1. . . . . . . . . . . . . . . . . .  ABSBIT   -----  BIT      00D4H  1
IAP_DATA . . . . . . . . . . . . . . .  SFR      DATA   U_CHAR   00C2H  1
TR0. . . . . . . . . . . . . . . . . .  ABSBIT   -----  BIT      008CH  1
DS1302_IO. . . . . . . . . . . . . . .  ABSBIT   -----  BIT      00FDH  1
TR1. . . . . . . . . . . . . . . . . .  ABSBIT   -----  BIT      008EH  1
WDT_CONTR. . . . . . . . . . . . . . .  SFR      DATA   U_CHAR   00C1H  1
PX0. . . . . . . . . . . . . . . . . .  ABSBIT   -----  BIT      00B8H  1
int8_t . . . . . . . . . . . . . . . .  TYPEDEF  -----  CHAR     -----  1
PX1. . . . . . . . . . . . . . . . . .  ABSBIT   -----  BIT      00BAH  1
IRTRIM . . . . . . . . . . . . . . . .  SFR      DATA   U_CHAR   009FH  1
PCA_PWM0 . . . . . . . . . . . . . . .  SFR      DATA   U_CHAR   00F2H  1
PCA_PWM1 . . . . . . . . . . . . . . .  SFR      DATA   U_CHAR   00F3H  1
_UART1_SendChar. . . . . . . . . . . .  PUBLIC   CODE   PROC     0000H  -----
  c. . . . . . . . . . . . . . . . . .  * REG *  DATA   CHAR     0007H  1
C51 COMPILER V9.60.0.0   MAIN                                                              12/09/2021 22:09:29 PAGE 15  

NAME                                    CLASS   MSPACE  TYPE    OFFSET  SIZE
====                                    =====   ======  ====    ======  ====


PCA_PWM2 . . . . . . . . . . . . . . .  SFR      DATA   U_CHAR   00F4H  1
DPH. . . . . . . . . . . . . . . . . .  SFR      DATA   U_CHAR   0083H  1
T4T3M. . . . . . . . . . . . . . . . .  SFR      DATA   U_CHAR   00D1H  1
ADC_RESL . . . . . . . . . . . . . . .  SFR      DATA   U_CHAR   00BEH  1
DPL. . . . . . . . . . . . . . . . . .  SFR      DATA   U_CHAR   0082H  1
SPSTAT . . . . . . . . . . . . . . . .  SFR      DATA   U_CHAR   00CDH  1
IPH. . . . . . . . . . . . . . . . . .  SFR      DATA   U_CHAR   00B7H  1
PWMSET . . . . . . . . . . . . . . . .  SFR      DATA   U_CHAR   00F1H  1
UART1_Init_9600___44_2368MHz . . . . .  PUBLIC   CODE   PROC     0000H  -----
S2BUF. . . . . . . . . . . . . . . . .  SFR      DATA   U_CHAR   009BH  1
_DS1302_WriteByte. . . . . . . . . . .  PUBLIC   CODE   PROC     0000H  -----
  Command. . . . . . . . . . . . . . .  * REG *  DATA   U_CHAR   0001H  1
  Writed_Data. . . . . . . . . . . . .  * REG *  DATA   U_CHAR   0005H  1
  i. . . . . . . . . . . . . . . . . .  * REG *  DATA   U_CHAR   0003H  1
S3BUF. . . . . . . . . . . . . . . . .  SFR      DATA   U_CHAR   00ADH  1
REN. . . . . . . . . . . . . . . . . .  ABSBIT   -----  BIT      009CH  1
S4BUF. . . . . . . . . . . . . . . . .  SFR      DATA   U_CHAR   0085H  1
S2CON. . . . . . . . . . . . . . . . .  SFR      DATA   U_CHAR   009AH  1
DPS. . . . . . . . . . . . . . . . . .  SFR      DATA   U_CHAR   00E3H  1
S3CON. . . . . . . . . . . . . . . . .  SFR      DATA   U_CHAR   00ACH  1
S4CON. . . . . . . . . . . . . . . . .  SFR      DATA   U_CHAR   0084H  1
AUXINTIF . . . . . . . . . . . . . . .  SFR      DATA   U_CHAR   00EFH  1
SADEN. . . . . . . . . . . . . . . . .  SFR      DATA   U_CHAR   00B9H  1
SADDR. . . . . . . . . . . . . . . . .  SFR      DATA   U_CHAR   00A9H  1
IAP_TRIG . . . . . . . . . . . . . . .  SFR      DATA   U_CHAR   00C6H  1
F0 . . . . . . . . . . . . . . . . . .  ABSBIT   -----  BIT      00D5H  1
IRCBAND. . . . . . . . . . . . . . . .  SFR      DATA   U_CHAR   009DH  1
PSW. . . . . . . . . . . . . . . . . .  SFR      DATA   U_CHAR   00D0H  1
uint32_t . . . . . . . . . . . . . . .  TYPEDEF  -----  U_LONG   -----  4
CCF0 . . . . . . . . . . . . . . . . .  ABSBIT   -----  BIT      00D8H  1
CCF1 . . . . . . . . . . . . . . . . .  ABSBIT   -----  BIT      00D9H  1
SPDAT. . . . . . . . . . . . . . . . .  SFR      DATA   U_CHAR   00CFH  1
P0M0 . . . . . . . . . . . . . . . . .  SFR      DATA   U_CHAR   0094H  1


MODULE INFORMATION:   STATIC OVERLAYABLE
   CODE SIZE        =    526    ----
   CONSTANT SIZE    =   ----    ----
   XDATA SIZE       =   ----    ----
   PDATA SIZE       =   ----    ----
   DATA SIZE        =     21       5
   IDATA SIZE       =   ----    ----
   BIT SIZE         =   ----    ----
   EDATA SIZE       =   ----    ----
   HDATA SIZE       =   ----    ----
   XDATA CONST SIZE =   ----    ----
   FAR CONST SIZE   =   ----    ----
END OF MODULE INFORMATION.


C51 COMPILATION COMPLETE.  0 WARNING(S),  0 ERROR(S)
