[2021-12-02 18:16:02]	compilation failed at : "e:\CanDelete\VSCode_C51_Projs\template\template.c", exit code: 2
  at unify_builder.Program.Main (System.String[] args) [0x01190] in <d55019557b4d40fcb0bf157239868dbe>:0 

[2021-12-02 18:16:21]	[done]
	build successfully !

[2021-12-02 18:24:27]	[done]
	build successfully !

[2021-12-02 18:28:03]	[done]
	build successfully !

[2021-12-02 18:29:22]	[done]
	build successfully !

[2021-12-02 18:41:30]	compilation failed at : "e:\CanDelete\VSCode_C51_Projs\template\template.c", exit code: 2
  at unify_builder.Program.Main (System.String[] args) [0x01190] in <d55019557b4d40fcb0bf157239868dbe>:0 

[2021-12-02 18:44:23]	compilation failed at : "e:\CanDelete\VSCode_C51_Projs\template\template.c", exit code: 2
  at unify_builder.Program.Main (System.String[] args) [0x01190] in <d55019557b4d40fcb0bf157239868dbe>:0 

[2021-12-02 18:44:37]	compilation failed at : "e:\CanDelete\VSCode_C51_Projs\template\template.c", exit code: 2
  at unify_builder.Program.Main (System.String[] args) [0x01190] in <d55019557b4d40fcb0bf157239868dbe>:0 

[2021-12-02 18:44:47]	[done]
	build successfully !

[2021-12-02 18:45:39]	[done]
	build successfully !

[2021-12-02 18:46:04]	[done]
	build successfully !

[2021-12-02 18:46:54]	[done]
	build successfully !

[2021-12-02 18:47:34]	[done]
	build successfully !

[2021-12-02 18:47:59]	[done]
	build successfully !

[2021-12-02 18:48:37]	[done]
	build successfully !

[2021-12-02 18:48:57]	[done]
	build successfully !

[2021-12-02 18:49:21]	[done]
	build successfully !

[2021-12-02 18:50:00]	[done]
	build successfully !

[2021-12-02 19:13:21]	[done]
	build successfully !

[2021-12-02 19:15:33]	[done]
	build successfully !

[2021-12-02 19:15:50]	[done]
	build successfully !

[2021-12-02 19:16:13]	[done]
	build successfully !

[2021-12-02 19:18:16]	[done]
	build successfully !

[2021-12-02 19:20:19]	compilation failed at : "e:\CanDelete\VSCode_C51_Projs\template\template.c", exit code: 2
  at unify_builder.Program.Main (System.String[] args) [0x01190] in <d55019557b4d40fcb0bf157239868dbe>:0 

[2021-12-02 19:21:06]	compilation failed at : "e:\CanDelete\VSCode_C51_Projs\template\template.c", exit code: 2
  at unify_builder.Program.Main (System.String[] args) [0x01190] in <d55019557b4d40fcb0bf157239868dbe>:0 

[2021-12-02 19:22:28]	compilation failed at : "e:\CanDelete\VSCode_C51_Projs\template\template.c", exit code: 2
  at unify_builder.Program.Main (System.String[] args) [0x01190] in <d55019557b4d40fcb0bf157239868dbe>:0 

[2021-12-02 19:38:21]	[done]
	build successfully !

[2021-12-02 19:40:12]	[done]
	build successfully !

[2021-12-02 19:41:24]	[done]
	build successfully !

[2021-12-02 19:41:49]	[done]
	build successfully !

[2021-12-02 19:42:22]	[done]
	build successfully !

[2021-12-02 19:42:54]	[done]
	build successfully !

[2021-12-02 19:45:58]	[done]
	build successfully !

[2021-12-02 19:46:27]	[done]
	build successfully !

[2021-12-02 19:47:45]	[done]
	build successfully !

[2021-12-02 19:48:23]	compilation failed at : "e:\CanDelete\VSCode_C51_Projs\template\template.c", exit code: 2
  at unify_builder.Program.Main (System.String[] args) [0x01190] in <d55019557b4d40fcb0bf157239868dbe>:0 

[2021-12-02 19:48:32]	compilation failed at : "e:\CanDelete\VSCode_C51_Projs\template\template.c", exit code: 2
  at unify_builder.Program.Main (System.String[] args) [0x01190] in <d55019557b4d40fcb0bf157239868dbe>:0 

[2021-12-02 19:48:54]	compilation failed at : "e:\CanDelete\VSCode_C51_Projs\template\template.c", exit code: 2
  at unify_builder.Program.Main (System.String[] args) [0x01190] in <d55019557b4d40fcb0bf157239868dbe>:0 

[2021-12-02 19:48:58]	[done]
	build successfully !

[2021-12-02 19:49:21]	[done]
	build successfully !

[2021-12-02 19:49:44]	[done]
	build successfully !

[2021-12-02 19:51:23]	[done]
	build successfully !

[2021-12-02 19:51:43]	[done]
	build successfully !

[2021-12-02 19:59:52]	[done]
	build successfully !

[2021-12-02 20:00:30]	compilation failed at : "e:\CanDelete\VSCode_C51_Projs\template\template.c", exit code: 2
  at unify_builder.Program.Main (System.String[] args) [0x01190] in <d55019557b4d40fcb0bf157239868dbe>:0 

[2021-12-02 20:00:33]	[done]
	build successfully !

[2021-12-02 20:02:30]	[done]
	build successfully !

[2021-12-02 20:02:47]	[done]
	build successfully !

[2021-12-02 20:03:02]	[done]
	build successfully !

[2021-12-02 20:03:12]	[done]
	build successfully !

[2021-12-02 20:03:25]	[done]
	build successfully !

[2021-12-02 20:03:35]	[done]
	build successfully !

[2021-12-02 20:04:17]	[done]
	build successfully !

[2021-12-02 20:04:44]	[done]
	build successfully !

[2021-12-02 20:05:03]	[done]
	build successfully !

[2021-12-02 20:05:22]	[done]
	build successfully !

[2021-12-02 20:05:49]	[done]
	build successfully !

[2021-12-02 20:10:31]	[done]
	build successfully !

[2021-12-02 20:10:50]	[done]
	build successfully !

[2021-12-02 20:11:17]	[done]
	build successfully !

[2021-12-02 20:11:41]	[done]
	build successfully !

[2021-12-02 20:11:50]	[done]
	build successfully !

[2021-12-02 20:12:18]	[done]
	build successfully !

[2021-12-02 20:13:10]	compilation failed at : "e:\CanDelete\VSCode_C51_Projs\template\template.c", exit code: 2
  at unify_builder.Program.Main (System.String[] args) [0x01190] in <d55019557b4d40fcb0bf157239868dbe>:0 

[2021-12-02 20:13:25]	[done]
	build successfully !

[2021-12-02 20:13:43]	[done]
	build successfully !

[2021-12-02 20:14:27]	[done]
	build successfully !

[2021-12-02 20:14:45]	[done]
	build successfully !

[2021-12-02 20:14:56]	[done]
	build successfully !

[2021-12-02 20:15:10]	[done]
	build successfully !

[2021-12-02 20:16:07]	[done]
	build successfully !

[2021-12-02 20:18:09]	[done]
	build successfully !

[2021-12-02 20:18:21]	[done]
	build successfully !

[2021-12-02 20:19:46]	[done]
	build successfully !

[2021-12-02 20:20:53]	[done]
	build successfully !

[2021-12-02 20:21:10]	[done]
	build successfully !

[2021-12-02 20:31:32]	[done]
	build successfully !

[2021-12-02 20:59:01]	[done]
	build successfully !

[2021-12-02 21:22:48]	compilation failed at : "e:\CanDelete\VSCode_C51_Projs\template\template.c", exit code: 2
  at unify_builder.Program.Main (System.String[] args) [0x01190] in <d55019557b4d40fcb0bf157239868dbe>:0 

[2021-12-02 21:23:41]	[done]
	build successfully !

[2021-12-02 21:25:01]	[done]
	build successfully !

[2021-12-02 21:26:01]	[done]
	build successfully !

[2021-12-02 21:27:24]	[done]
	build successfully !

[2021-12-02 21:27:46]	[done]
	build successfully !

[2021-12-02 21:34:29]	[done]
	build successfully !

[2021-12-02 21:36:51]	[done]
	build successfully !

[2021-12-02 21:37:51]	[done]
	build successfully !

[2021-12-02 21:38:25]	[done]
	build successfully !

[2021-12-02 21:39:14]	[done]
	build successfully !

[2021-12-02 21:40:13]	[done]
	build successfully !

[2021-12-02 21:40:51]	[done]
	build successfully !

[2021-12-02 21:43:09]	[done]
	build successfully !

[2021-12-02 22:44:37]	[done]
	build successfully !

[2021-12-02 22:45:23]	[done]
	build successfully !

[2021-12-02 22:45:53]	[done]
	build successfully !

[2021-12-02 22:46:16]	[done]
	build successfully !

[2021-12-02 22:48:07]	[done]
	build successfully !

[2021-12-02 22:48:30]	[done]
	build successfully !

[2021-12-02 22:49:09]	[done]
	build successfully !

[2021-12-02 22:51:10]	[done]
	build successfully !

[2021-12-02 22:51:22]	[done]
	build successfully !

[2021-12-02 22:51:46]	[done]
	build successfully !

[2021-12-02 23:09:35]	[done]
	build successfully !

[2021-12-02 23:09:53]	[done]
	build successfully !

[2021-12-02 23:16:00]	[done]
	build successfully !

[2021-12-02 23:20:16]	[done]
	build successfully !

[2021-12-02 23:23:55]	[done]
	build successfully !

[2021-12-02 23:24:23]	[done]
	build successfully !

[2021-12-02 23:26:37]	[done]
	build successfully !

[2021-12-02 23:32:29]	[done]
	build successfully !

[2021-12-02 23:38:41]	compilation failed at : "e:\CanDelete\VSCode_C51_Projs\2-3流水灯\template.c", exit code: 2
  at unify_builder.Program.Main (System.String[] args) [0x01190] in <d55019557b4d40fcb0bf157239868dbe>:0 

[2021-12-02 23:39:05]	compilation failed at : "e:\CanDelete\VSCode_C51_Projs\2-3流水灯\template.c", exit code: 3
  at unify_builder.Program.Main (System.String[] args) [0x01190] in <d55019557b4d40fcb0bf157239868dbe>:0 

[2021-12-02 23:41:21]	compilation failed at : "e:\CanDelete\VSCode_C51_Projs\2-3流水灯\template.c", exit code: 3
  at unify_builder.Program.Main (System.String[] args) [0x01190] in <d55019557b4d40fcb0bf157239868dbe>:0 

[2021-12-02 23:41:55]	compilation failed at : "e:\CanDelete\VSCode_C51_Projs\2-3流水灯\template.c", exit code: 2
  at unify_builder.Program.Main (System.String[] args) [0x01190] in <d55019557b4d40fcb0bf157239868dbe>:0 

[2021-12-02 23:42:11]	compilation failed at : "e:\CanDelete\VSCode_C51_Projs\2-3流水灯\template.c", exit code: 2
  at unify_builder.Program.Main (System.String[] args) [0x01190] in <d55019557b4d40fcb0bf157239868dbe>:0 

[2021-12-02 23:42:17]	compilation failed at : "e:\CanDelete\VSCode_C51_Projs\2-3流水灯\template.c", exit code: 2
  at unify_builder.Program.Main (System.String[] args) [0x01190] in <d55019557b4d40fcb0bf157239868dbe>:0 

[2021-12-02 23:42:22]	compilation failed at : "e:\CanDelete\VSCode_C51_Projs\2-3流水灯\template.c", exit code: 2
  at unify_builder.Program.Main (System.String[] args) [0x01190] in <d55019557b4d40fcb0bf157239868dbe>:0 

[2021-12-02 23:42:29]	[done]
	build successfully !

[2021-12-02 23:42:36]	[done]
	build successfully !

[2021-12-02 23:44:42]	[done]
	build successfully !

[2021-12-02 23:45:04]	[done]
	build successfully !

[2021-12-02 23:46:52]	[done]
	build successfully !

[2021-12-02 23:48:37]	[done]
	build successfully !

[2021-12-02 23:49:38]	[done]
	build successfully !

[2021-12-02 23:53:09]	[done]
	build successfully !

[2021-12-02 23:54:08]	[done]
	build successfully !

[2021-12-02 23:55:24]	[done]
	build successfully !

[2021-12-02 23:56:42]	[done]
	build successfully !

[2021-12-03 13:45:50]	[done]
	build successfully !

[2021-12-03 13:47:26]	[done]
	build successfully !

[2021-12-03 13:48:52]	[done]
	build successfully !

[2021-12-03 13:50:41]	[done]
	build successfully !

[2021-12-03 13:51:11]	[done]
	build successfully !

[2021-12-03 13:52:12]	[done]
	build successfully !

[2021-12-03 13:53:43]	[done]
	build successfully !

[2021-12-03 13:54:58]	compilation failed at : "e:\CanDelete\VSCode_C51_Projs\2-3流水灯\template.c", exit code: 2
  at unify_builder.Program.Main (System.String[] args) [0x01190] in <d55019557b4d40fcb0bf157239868dbe>:0 

[2021-12-03 13:55:08]	compilation failed at : "e:\CanDelete\VSCode_C51_Projs\2-3流水灯\template.c", exit code: 2
  at unify_builder.Program.Main (System.String[] args) [0x01190] in <d55019557b4d40fcb0bf157239868dbe>:0 

[2021-12-03 13:55:25]	[done]
	build successfully !

[2021-12-03 13:56:29]	[done]
	build successfully !

