C51 COMPILER V9.60.0.0   MAIN                                                              12/06/2021 22:39:57 PAGE 1   


C51 COMPILER V9.60.0.0, COMPILATION OF MODULE MAIN
OBJECT MODULE PLACED IN .\build\template\User\main.o
COMPILER INVOKED BY: C:\Keil_v5\C51\BIN\C51.exe .\USER\MAIN.C PRINT(.\build\template\User\main.lst) OMF2 TABS(4) CODE NO
                    -COND SYMBOLS OPTIMIZE(8,SPEED) SMALL ROM(LARGE) INCDIR(C:\Keil_v5\C51\INC\STC;C:\Keil_v5\C51\INC) DEFINE(__UVISION_VERSI
                    -ON=526) OBJECT(.\build\template\User\main.o)

line level    source

   1          #include "main.h"
   2          #include "stdio.h"
   3          #include "UART1.h"
   4          #include "LCD1602.h"
   5          
   6          char buf[20];
   7          uint8_t cnt=0;
   8          void main()
   9          {
  10   1        init_all_gpio_to_std8051_status();
  11   1        Uart1_Init__115200__44MHz2368__Send_Rev_both();
  12   1        LCD_Init();
  13   1      
  14   1        while (1)
  15   1        {
  16   2          LCD_ShowString(1,1,buf);
  17   2        }
  18   1      }
  19          
  20          void UART1_Routine() interrupt 4{
  21   1        
  22   1        if (RI==1)
  23   1        {
  24   2          buf[cnt++]=SBUF;
  25   2          RI=0;
  26   2          /* code */
  27   2        }
  28   1        
  29   1      }
C51 COMPILER V9.60.0.0   MAIN                                                              12/06/2021 22:39:57 PAGE 2   

ASSEMBLY LISTING OF GENERATED OBJECT CODE


             ; FUNCTION init_all_gpio_to_std8051_status (BEGIN)
                                           ; SOURCE LINE # 16
                                           ; SOURCE LINE # 17
                                           ; SOURCE LINE # 18
0000 E4                CLR     A
0001 F594              MOV     P0M0,A
                                           ; SOURCE LINE # 19
0003 F593              MOV     P0M1,A
                                           ; SOURCE LINE # 20
0005 F592              MOV     P1M0,A
                                           ; SOURCE LINE # 21
0007 F591              MOV     P1M1,A
                                           ; SOURCE LINE # 22
0009 F596              MOV     P2M0,A
                                           ; SOURCE LINE # 23
000B F595              MOV     P2M1,A
                                           ; SOURCE LINE # 24
000D F5B2              MOV     P3M0,A
                                           ; SOURCE LINE # 25
000F F5B1              MOV     P3M1,A
                                           ; SOURCE LINE # 26
0011 F5B4              MOV     P4M0,A
                                           ; SOURCE LINE # 27
0013 F5B3              MOV     P4M1,A
                                           ; SOURCE LINE # 28
0015 F5CA              MOV     P5M0,A
                                           ; SOURCE LINE # 29
0017 F5C9              MOV     P5M1,A
                                           ; SOURCE LINE # 30
0019 F5CC              MOV     P6M0,A
                                           ; SOURCE LINE # 31
001B F5CB              MOV     P6M1,A
                                           ; SOURCE LINE # 32
001D F5E2              MOV     P7M0,A
                                           ; SOURCE LINE # 33
001F F5E1              MOV     P7M1,A
                                           ; SOURCE LINE # 34
0021 22                RET     
             ; FUNCTION init_all_gpio_to_std8051_status (END)

             ; FUNCTION _Delay_ms (BEGIN)
                                           ; SOURCE LINE # 36
;---- Variable 'xms' assigned to Register 'R6/R7' ----
                                           ; SOURCE LINE # 37
0000         ?C0002:
                                           ; SOURCE LINE # 39
0000 EF                MOV     A,R7
0001 1F                DEC     R7
0002 AC06              MOV     R4,AR6
0004 7001              JNZ     ?C0024
0006 1E                DEC     R6
0007         ?C0024:
0007 4C                ORL     A,R4
0008 600A              JZ      ?C0009
                                           ; SOURCE LINE # 40
                                           ; SOURCE LINE # 43
;---- Variable 'i' assigned to Register 'R5' ----
000A 7D3C              MOV     R5,#03CH
                                           ; SOURCE LINE # 44
C51 COMPILER V9.60.0.0   MAIN                                                              12/06/2021 22:39:57 PAGE 3   

;---- Variable 'j' assigned to Register 'R4' ----
000C 7C93              MOV     R4,#093H
                                           ; SOURCE LINE # 46
000E         ?C0007:
                                           ; SOURCE LINE # 47
000E DCFE              DJNZ    R4,?C0007
                                           ; SOURCE LINE # 49
0010 DDFC              DJNZ    R5,?C0007
                                           ; SOURCE LINE # 51
0012 80EC              SJMP    ?C0002
                                           ; SOURCE LINE # 52
0014         ?C0009:
0014 22                RET     
             ; FUNCTION _Delay_ms (END)

             ; FUNCTION UART1_Init_9600___44_2368MHz (BEGIN)
                                           ; SOURCE LINE # 12
                                           ; SOURCE LINE # 13
                                           ; SOURCE LINE # 14
0000 759840            MOV     SCON,#040H
                                           ; SOURCE LINE # 15
0003 438780            ORL     PCON,#080H
                                           ; SOURCE LINE # 16
0006 538EBF            ANL     AUXR,#0BFH
                                           ; SOURCE LINE # 17
0009 538EFE            ANL     AUXR,#0FEH
                                           ; SOURCE LINE # 18
000C 53890F            ANL     TMOD,#0FH
                                           ; SOURCE LINE # 19
000F 438920            ORL     TMOD,#020H
                                           ; SOURCE LINE # 20
0012 758BE8            MOV     TL1,#0E8H
                                           ; SOURCE LINE # 21
0015 758DE8            MOV     TH1,#0E8H
                                           ; SOURCE LINE # 22
0018 C2AB              CLR     ET1
                                           ; SOURCE LINE # 23
001A D28E              SETB    TR1
                                           ; SOURCE LINE # 24
001C 22                RET     
             ; FUNCTION UART1_Init_9600___44_2368MHz (END)

             ; FUNCTION Uart1_Init__115200__44MHz2368__Send_only (BEGIN)
                                           ; SOURCE LINE # 31
                                           ; SOURCE LINE # 32
                                           ; SOURCE LINE # 33
0000 759850            MOV     SCON,#050H
                                           ; SOURCE LINE # 34
0003 438E40            ORL     AUXR,#040H
                                           ; SOURCE LINE # 35
0006 538EFE            ANL     AUXR,#0FEH
                                           ; SOURCE LINE # 36
0009 53890F            ANL     TMOD,#0FH
                                           ; SOURCE LINE # 37
000C 758BA0            MOV     TL1,#0A0H
                                           ; SOURCE LINE # 38
000F 758DFF            MOV     TH1,#0FFH
                                           ; SOURCE LINE # 39
0012 C2AB              CLR     ET1
                                           ; SOURCE LINE # 40
0014 D28E              SETB    TR1
                                           ; SOURCE LINE # 41
C51 COMPILER V9.60.0.0   MAIN                                                              12/06/2021 22:39:57 PAGE 4   

0016 22                RET     
             ; FUNCTION Uart1_Init__115200__44MHz2368__Send_only (END)

             ; FUNCTION Uart1_Init__115200__44MHz2368__Send_Rev_both (BEGIN)
                                           ; SOURCE LINE # 49
                                           ; SOURCE LINE # 50
                                           ; SOURCE LINE # 51
0000 759850            MOV     SCON,#050H
                                           ; SOURCE LINE # 52
0003 438E40            ORL     AUXR,#040H
                                           ; SOURCE LINE # 53
0006 538EFE            ANL     AUXR,#0FEH
                                           ; SOURCE LINE # 54
0009 53890F            ANL     TMOD,#0FH
                                           ; SOURCE LINE # 55
000C 758BA0            MOV     TL1,#0A0H
                                           ; SOURCE LINE # 56
000F 758DFF            MOV     TH1,#0FFH
                                           ; SOURCE LINE # 57
0012 C2AB              CLR     ET1
                                           ; SOURCE LINE # 58
0014 D28E              SETB    TR1
                                           ; SOURCE LINE # 59
0016 D2AC              SETB    ES
                                           ; SOURCE LINE # 60
0018 D2AF              SETB    EA
                                           ; SOURCE LINE # 61
001A 22                RET     
             ; FUNCTION Uart1_Init__115200__44MHz2368__Send_Rev_both (END)

             ; FUNCTION _UART1_SendChar (BEGIN)
                                           ; SOURCE LINE # 69
;---- Variable 'c' assigned to Register 'R7' ----
                                           ; SOURCE LINE # 70
                                           ; SOURCE LINE # 71
0000 8F99              MOV     SBUF,R7
0002         ?C0013:
                                           ; SOURCE LINE # 72
0002 3099FD            JNB     TI,?C0013
                                           ; SOURCE LINE # 74
0005 C299              CLR     TI
                                           ; SOURCE LINE # 75
0007 22                RET     
             ; FUNCTION _UART1_SendChar (END)

             ; FUNCTION _UART1_SendStr (BEGIN)
                                           ; SOURCE LINE # 82
0000 8B00        R     MOV     s,R3
0002 8A00        R     MOV     s+01H,R2
0004 8900        R     MOV     s+02H,R1
                                           ; SOURCE LINE # 83
                                           ; SOURCE LINE # 84
;---- Variable 'i' assigned to Register 'R6' ----
0006 E4                CLR     A
0007 FE                MOV     R6,A
0008         ?C0016:
                                           ; SOURCE LINE # 85
0008 AB00        R     MOV     R3,s
000A AA00        R     MOV     R2,s+01H
000C A900        R     MOV     R1,s+02H
000E 8E82              MOV     DPL,R6
0010 758300            MOV     DPH,#00H
C51 COMPILER V9.60.0.0   MAIN                                                              12/06/2021 22:39:57 PAGE 5   

0013 120000      E     LCALL   ?C?CLDOPTR
0016 6011              JZ      ?C0018
                                           ; SOURCE LINE # 86
                                           ; SOURCE LINE # 87
0018 AF06              MOV     R7,AR6
001A 0E                INC     R6
001B 8F82              MOV     DPL,R7
001D 758300            MOV     DPH,#00H
0020 120000      E     LCALL   ?C?CLDOPTR
0023 FF                MOV     R7,A
0024 120000      R     LCALL   _UART1_SendChar
                                           ; SOURCE LINE # 88
0027 80DF              SJMP    ?C0016
                                           ; SOURCE LINE # 89
0029         ?C0018:
0029 22                RET     
             ; FUNCTION _UART1_SendStr (END)

             ; FUNCTION main (BEGIN)
                                           ; SOURCE LINE # 8
                                           ; SOURCE LINE # 9
                                           ; SOURCE LINE # 10
0000 120000      R     LCALL   init_all_gpio_to_std8051_status
                                           ; SOURCE LINE # 11
0003 120000      R     LCALL   Uart1_Init__115200__44MHz2368__Send_Rev_both
                                           ; SOURCE LINE # 12
0006 120000      E     LCALL   LCD_Init
0009         ?C0019:
                                           ; SOURCE LINE # 14
                                           ; SOURCE LINE # 15
                                           ; SOURCE LINE # 16
0009 7B00              MOV     R3,#00H
000B 7A00        R     MOV     R2,#HIGH buf
000D 7900        R     MOV     R1,#LOW buf
000F 7D01              MOV     R5,#01H
0011 7F01              MOV     R7,#01H
0013 120000      E     LCALL   _LCD_ShowString
                                           ; SOURCE LINE # 17
0016 80F1              SJMP    ?C0019
             ; FUNCTION main (END)

             ; FUNCTION UART1_Routine (BEGIN)
0000 C0E0              PUSH    ACC
0002 C0D0              PUSH    PSW
0004 75D000            MOV     PSW,#00H
0007 C000              PUSH    AR0
0009 C007              PUSH    AR7
                                           ; SOURCE LINE # 20
                                           ; SOURCE LINE # 22
000B 30980C            JNB     RI,?C0023
                                           ; SOURCE LINE # 23
                                           ; SOURCE LINE # 24
000E AF00        R     MOV     R7,cnt
0010 0500        R     INC     cnt
0012 7400        R     MOV     A,#LOW buf
0014 2F                ADD     A,R7
0015 F8                MOV     R0,A
0016 A699              MOV     @R0,SBUF
                                           ; SOURCE LINE # 25
0018 C298              CLR     RI
                                           ; SOURCE LINE # 27
                                           ; SOURCE LINE # 29
C51 COMPILER V9.60.0.0   MAIN                                                              12/06/2021 22:39:57 PAGE 6   

001A         ?C0023:
001A D007              POP     AR7
001C D000              POP     AR0
001E D0D0              POP     PSW
0020 D0E0              POP     ACC
0022 32                RETI    
             ; FUNCTION UART1_Routine (END)

C51 COMPILER V9.60.0.0   MAIN                                                              12/06/2021 22:39:57 PAGE 7   

NAME                                    CLASS   MSPACE  TYPE    OFFSET  SIZE
====                                    =====   ======  ====    ======  ====


uint16_t . . . . . . . . . . . . . . .  TYPEDEF  -----  U_INT    -----  2
CCF2 . . . . . . . . . . . . . . . . .  ABSBIT   -----  BIT      00DAH  1
P0M1 . . . . . . . . . . . . . . . . .  SFR      DATA   U_CHAR   0093H  1
P1M0 . . . . . . . . . . . . . . . . .  SFR      DATA   U_CHAR   0092H  1
CCF3 . . . . . . . . . . . . . . . . .  ABSBIT   -----  BIT      00DBH  1
P2M0 . . . . . . . . . . . . . . . . .  SFR      DATA   U_CHAR   0096H  1
P1M1 . . . . . . . . . . . . . . . . .  SFR      DATA   U_CHAR   0091H  1
P0 . . . . . . . . . . . . . . . . . .  SFR      DATA   U_CHAR   0080H  1
P3M0 . . . . . . . . . . . . . . . . .  SFR      DATA   U_CHAR   00B2H  1
P2M1 . . . . . . . . . . . . . . . . .  SFR      DATA   U_CHAR   0095H  1
P1 . . . . . . . . . . . . . . . . . .  SFR      DATA   U_CHAR   0090H  1
P4M0 . . . . . . . . . . . . . . . . .  SFR      DATA   U_CHAR   00B4H  1
P3M1 . . . . . . . . . . . . . . . . .  SFR      DATA   U_CHAR   00B1H  1
P2 . . . . . . . . . . . . . . . . . .  SFR      DATA   U_CHAR   00A0H  1
P5M0 . . . . . . . . . . . . . . . . .  SFR      DATA   U_CHAR   00CAH  1
P4M1 . . . . . . . . . . . . . . . . .  SFR      DATA   U_CHAR   00B3H  1
P3 . . . . . . . . . . . . . . . . . .  SFR      DATA   U_CHAR   00B0H  1
WKTCH. . . . . . . . . . . . . . . . .  SFR      DATA   U_CHAR   00ABH  1
AC . . . . . . . . . . . . . . . . . .  ABSBIT   -----  BIT      00D6H  1
P6M0 . . . . . . . . . . . . . . . . .  SFR      DATA   U_CHAR   00CCH  1
P5M1 . . . . . . . . . . . . . . . . .  SFR      DATA   U_CHAR   00C9H  1
P4 . . . . . . . . . . . . . . . . . .  SFR      DATA   U_CHAR   00C0H  1
P7M0 . . . . . . . . . . . . . . . . .  SFR      DATA   U_CHAR   00E2H  1
P6M1 . . . . . . . . . . . . . . . . .  SFR      DATA   U_CHAR   00CBH  1
P5 . . . . . . . . . . . . . . . . . .  SFR      DATA   U_CHAR   00C8H  1
P6 . . . . . . . . . . . . . . . . . .  SFR      DATA   U_CHAR   00E8H  1
P7M1 . . . . . . . . . . . . . . . . .  SFR      DATA   U_CHAR   00E1H  1
EA . . . . . . . . . . . . . . . . . .  ABSBIT   -----  BIT      00AFH  1
int32_t. . . . . . . . . . . . . . . .  TYPEDEF  -----  LONG     -----  4
P7 . . . . . . . . . . . . . . . . . .  SFR      DATA   U_CHAR   00F8H  1
WKTCL. . . . . . . . . . . . . . . . .  SFR      DATA   U_CHAR   00AAH  1
SPCTL. . . . . . . . . . . . . . . . .  SFR      DATA   U_CHAR   00CEH  1
int16_t. . . . . . . . . . . . . . . .  TYPEDEF  -----  INT      -----  2
CF . . . . . . . . . . . . . . . . . .  ABSBIT   -----  BIT      00DFH  1
CH . . . . . . . . . . . . . . . . . .  SFR      DATA   U_CHAR   00F9H  1
P_SW1. . . . . . . . . . . . . . . . .  SFR      DATA   U_CHAR   00A2H  1
P_SW2. . . . . . . . . . . . . . . . .  SFR      DATA   U_CHAR   00BAH  1
DPH1 . . . . . . . . . . . . . . . . .  SFR      DATA   U_CHAR   00E5H  1
EADC . . . . . . . . . . . . . . . . .  ABSBIT   -----  BIT      00ADH  1
IE . . . . . . . . . . . . . . . . . .  SFR      DATA   U_CHAR   00A8H  1
CL . . . . . . . . . . . . . . . . . .  SFR      DATA   U_CHAR   00E9H  1
IAP_CMD. . . . . . . . . . . . . . . .  SFR      DATA   U_CHAR   00C5H  1
CCAP0H . . . . . . . . . . . . . . . .  SFR      DATA   U_CHAR   00FAH  1
size_t . . . . . . . . . . . . . . . .  TYPEDEF  -----  U_INT    -----  2
CCAP1H . . . . . . . . . . . . . . . .  SFR      DATA   U_CHAR   00FBH  1
DPL1 . . . . . . . . . . . . . . . . .  SFR      DATA   U_CHAR   00E4H  1
CCAP2H . . . . . . . . . . . . . . . .  SFR      DATA   U_CHAR   00FCH  1
ADC_RES. . . . . . . . . . . . . . . .  SFR      DATA   U_CHAR   00BDH  1
IP2H . . . . . . . . . . . . . . . . .  SFR      DATA   U_CHAR   00B6H  1
IP3H . . . . . . . . . . . . . . . . .  SFR      DATA   U_CHAR   00EEH  1
CCAP0L . . . . . . . . . . . . . . . .  SFR      DATA   U_CHAR   00EAH  1
CR . . . . . . . . . . . . . . . . . .  ABSBIT   -----  BIT      00DEH  1
TA . . . . . . . . . . . . . . . . . .  SFR      DATA   U_CHAR   00AEH  1
CCAP1L . . . . . . . . . . . . . . . .  SFR      DATA   U_CHAR   00EBH  1
CCAPM0 . . . . . . . . . . . . . . . .  SFR      DATA   U_CHAR   00DAH  1
_UART1_SendStr . . . . . . . . . . . .  PUBLIC   CODE   PROC     0000H  -----
  s. . . . . . . . . . . . . . . . . .  AUTO     DATA   PTR      0000H  3
C51 COMPILER V9.60.0.0   MAIN                                                              12/06/2021 22:39:57 PAGE 8   

NAME                                    CLASS   MSPACE  TYPE    OFFSET  SIZE
====                                    =====   ======  ====    ======  ====


  i. . . . . . . . . . . . . . . . . .  * REG *  DATA   U_CHAR   0006H  1
CCAP2L . . . . . . . . . . . . . . . .  SFR      DATA   U_CHAR   00ECH  1
CCAPM1 . . . . . . . . . . . . . . . .  SFR      DATA   U_CHAR   00DBH  1
INTCLKO. . . . . . . . . . . . . . . .  SFR      DATA   U_CHAR   008FH  1
CCAPM2 . . . . . . . . . . . . . . . .  SFR      DATA   U_CHAR   00DCH  1
ES . . . . . . . . . . . . . . . . . .  ABSBIT   -----  BIT      00ACH  1
PADC . . . . . . . . . . . . . . . . .  ABSBIT   -----  BIT      00BDH  1
IP . . . . . . . . . . . . . . . . . .  SFR      DATA   U_CHAR   00B8H  1
ADCCFG . . . . . . . . . . . . . . . .  SFR      DATA   U_CHAR   00DEH  1
RI . . . . . . . . . . . . . . . . . .  ABSBIT   -----  BIT      0098H  1
CY . . . . . . . . . . . . . . . . . .  ABSBIT   -----  BIT      00D7H  1
TI . . . . . . . . . . . . . . . . . .  ABSBIT   -----  BIT      0099H  1
IAP_ADDRH. . . . . . . . . . . . . . .  SFR      DATA   U_CHAR   00C3H  1
PS . . . . . . . . . . . . . . . . . .  ABSBIT   -----  BIT      00BCH  1
SP . . . . . . . . . . . . . . . . . .  SFR      DATA   U_CHAR   0081H  1
CMOD . . . . . . . . . . . . . . . . .  SFR      DATA   U_CHAR   00D9H  1
CCON . . . . . . . . . . . . . . . . .  SFR      DATA   U_CHAR   00D8H  1
IAP_ADDRL. . . . . . . . . . . . . . .  SFR      DATA   U_CHAR   00C4H  1
OV . . . . . . . . . . . . . . . . . .  ABSBIT   -----  BIT      00D2H  1
PPCA . . . . . . . . . . . . . . . . .  ABSBIT   -----  BIT      00BFH  1
LIRTRIM. . . . . . . . . . . . . . . .  SFR      DATA   U_CHAR   009EH  1
main . . . . . . . . . . . . . . . . .  PUBLIC   CODE   PROC     0000H  -----
CMPCR1 . . . . . . . . . . . . . . . .  SFR      DATA   U_CHAR   00E6H  1
CMPCR2 . . . . . . . . . . . . . . . .  SFR      DATA   U_CHAR   00E7H  1
Uart1_Init__115200__44MHz2368__Send_Re  PUBLIC   CODE   PROC     0000H  -----
ELVD . . . . . . . . . . . . . . . . .  ABSBIT   -----  BIT      00AEH  1
init_all_gpio_to_std8051_status. . . .  PUBLIC   CODE   PROC     0000H  -----
P00. . . . . . . . . . . . . . . . . .  ABSBIT   -----  BIT      0080H  1
Uart1_Init__115200__44MHz2368__Send_onlyPUBLIC   CODE   PROC     0000H  -----
ADC_CONTR. . . . . . . . . . . . . . .  SFR      DATA   U_CHAR   00BCH  1
SBUF . . . . . . . . . . . . . . . . .  SFR      DATA   U_CHAR   0099H  1
P10. . . . . . . . . . . . . . . . . .  ABSBIT   -----  BIT      0090H  1
PCON . . . . . . . . . . . . . . . . .  SFR      DATA   U_CHAR   0087H  1
P01. . . . . . . . . . . . . . . . . .  ABSBIT   -----  BIT      0081H  1
P20. . . . . . . . . . . . . . . . . .  ABSBIT   -----  BIT      00A0H  1
P11. . . . . . . . . . . . . . . . . .  ABSBIT   -----  BIT      0091H  1
P02. . . . . . . . . . . . . . . . . .  ABSBIT   -----  BIT      0082H  1
_Delay_ms. . . . . . . . . . . . . . .  PUBLIC   CODE   PROC     0000H  -----
  xms. . . . . . . . . . . . . . . . .  * REG *  DATA   U_INT    0006H  2
  i. . . . . . . . . . . . . . . . . .  * REG *  DATA   U_CHAR   0005H  1
  j. . . . . . . . . . . . . . . . . .  * REG *  DATA   U_CHAR   0004H  1
IAP_TPS. . . . . . . . . . . . . . . .  SFR      DATA   U_CHAR   00F5H  1
P30. . . . . . . . . . . . . . . . . .  ABSBIT   -----  BIT      00B0H  1
P21. . . . . . . . . . . . . . . . . .  ABSBIT   -----  BIT      00A1H  1
P12. . . . . . . . . . . . . . . . . .  ABSBIT   -----  BIT      0092H  1
P03. . . . . . . . . . . . . . . . . .  ABSBIT   -----  BIT      0083H  1
P40. . . . . . . . . . . . . . . . . .  ABSBIT   -----  BIT      00C0H  1
P31. . . . . . . . . . . . . . . . . .  ABSBIT   -----  BIT      00B1H  1
P22. . . . . . . . . . . . . . . . . .  ABSBIT   -----  BIT      00A2H  1
SCON . . . . . . . . . . . . . . . . .  SFR      DATA   U_CHAR   0098H  1
P13. . . . . . . . . . . . . . . . . .  ABSBIT   -----  BIT      0093H  1
P04. . . . . . . . . . . . . . . . . .  ABSBIT   -----  BIT      0084H  1
P50. . . . . . . . . . . . . . . . . .  ABSBIT   -----  BIT      00C8H  1
P41. . . . . . . . . . . . . . . . . .  ABSBIT   -----  BIT      00C1H  1
P32. . . . . . . . . . . . . . . . . .  ABSBIT   -----  BIT      00B2H  1
P23. . . . . . . . . . . . . . . . . .  ABSBIT   -----  BIT      00A3H  1
P14. . . . . . . . . . . . . . . . . .  ABSBIT   -----  BIT      0094H  1
C51 COMPILER V9.60.0.0   MAIN                                                              12/06/2021 22:39:57 PAGE 9   

NAME                                    CLASS   MSPACE  TYPE    OFFSET  SIZE
====                                    =====   ======  ====    ======  ====


TMOD . . . . . . . . . . . . . . . . .  SFR      DATA   U_CHAR   0089H  1
TCON . . . . . . . . . . . . . . . . .  SFR      DATA   U_CHAR   0088H  1
P05. . . . . . . . . . . . . . . . . .  ABSBIT   -----  BIT      0085H  1
P60. . . . . . . . . . . . . . . . . .  ABSBIT   -----  BIT      00E8H  1
P51. . . . . . . . . . . . . . . . . .  ABSBIT   -----  BIT      00C9H  1
P42. . . . . . . . . . . . . . . . . .  ABSBIT   -----  BIT      00C2H  1
P33. . . . . . . . . . . . . . . . . .  ABSBIT   -----  BIT      00B3H  1
P24. . . . . . . . . . . . . . . . . .  ABSBIT   -----  BIT      00A4H  1
P15. . . . . . . . . . . . . . . . . .  ABSBIT   -----  BIT      0095H  1
P06. . . . . . . . . . . . . . . . . .  ABSBIT   -----  BIT      0086H  1
P70. . . . . . . . . . . . . . . . . .  ABSBIT   -----  BIT      00F8H  1
P61. . . . . . . . . . . . . . . . . .  ABSBIT   -----  BIT      00E9H  1
P52. . . . . . . . . . . . . . . . . .  ABSBIT   -----  BIT      00CAH  1
P43. . . . . . . . . . . . . . . . . .  ABSBIT   -----  BIT      00C3H  1
PLVD . . . . . . . . . . . . . . . . .  ABSBIT   -----  BIT      00BEH  1
P34. . . . . . . . . . . . . . . . . .  ABSBIT   -----  BIT      00B4H  1
P25. . . . . . . . . . . . . . . . . .  ABSBIT   -----  BIT      00A5H  1
P16. . . . . . . . . . . . . . . . . .  ABSBIT   -----  BIT      0096H  1
P07. . . . . . . . . . . . . . . . . .  ABSBIT   -----  BIT      0087H  1
P71. . . . . . . . . . . . . . . . . .  ABSBIT   -----  BIT      00F9H  1
P62. . . . . . . . . . . . . . . . . .  ABSBIT   -----  BIT      00EAH  1
P53. . . . . . . . . . . . . . . . . .  ABSBIT   -----  BIT      00CBH  1
P44. . . . . . . . . . . . . . . . . .  ABSBIT   -----  BIT      00C4H  1
P35. . . . . . . . . . . . . . . . . .  ABSBIT   -----  BIT      00B5H  1
P26. . . . . . . . . . . . . . . . . .  ABSBIT   -----  BIT      00A6H  1
P17. . . . . . . . . . . . . . . . . .  ABSBIT   -----  BIT      0097H  1
P72. . . . . . . . . . . . . . . . . .  ABSBIT   -----  BIT      00FAH  1
P63. . . . . . . . . . . . . . . . . .  ABSBIT   -----  BIT      00EBH  1
P54. . . . . . . . . . . . . . . . . .  ABSBIT   -----  BIT      00CCH  1
P45. . . . . . . . . . . . . . . . . .  ABSBIT   -----  BIT      00C5H  1
P36. . . . . . . . . . . . . . . . . .  ABSBIT   -----  BIT      00B6H  1
P27. . . . . . . . . . . . . . . . . .  ABSBIT   -----  BIT      00A7H  1
UART1_Routine. . . . . . . . . . . . .  PUBLIC   CODE   PROC     0000H  -----
P73. . . . . . . . . . . . . . . . . .  ABSBIT   -----  BIT      00FBH  1
P64. . . . . . . . . . . . . . . . . .  ABSBIT   -----  BIT      00ECH  1
P55. . . . . . . . . . . . . . . . . .  ABSBIT   -----  BIT      00CDH  1
P46. . . . . . . . . . . . . . . . . .  ABSBIT   -----  BIT      00C6H  1
P37. . . . . . . . . . . . . . . . . .  ABSBIT   -----  BIT      00B7H  1
P74. . . . . . . . . . . . . . . . . .  ABSBIT   -----  BIT      00FCH  1
P65. . . . . . . . . . . . . . . . . .  ABSBIT   -----  BIT      00EDH  1
P56. . . . . . . . . . . . . . . . . .  ABSBIT   -----  BIT      00CEH  1
P47. . . . . . . . . . . . . . . . . .  ABSBIT   -----  BIT      00C7H  1
P75. . . . . . . . . . . . . . . . . .  ABSBIT   -----  BIT      00FDH  1
P66. . . . . . . . . . . . . . . . . .  ABSBIT   -----  BIT      00EEH  1
P57. . . . . . . . . . . . . . . . . .  ABSBIT   -----  BIT      00CFH  1
P76. . . . . . . . . . . . . . . . . .  ABSBIT   -----  BIT      00FEH  1
P67. . . . . . . . . . . . . . . . . .  ABSBIT   -----  BIT      00EFH  1
buf. . . . . . . . . . . . . . . . . .  PUBLIC   DATA   ARRAY    0000H  20
P77. . . . . . . . . . . . . . . . . .  ABSBIT   -----  BIT      00FFH  1
BUS_SPEED. . . . . . . . . . . . . . .  SFR      DATA   U_CHAR   00A1H  1
IE0. . . . . . . . . . . . . . . . . .  ABSBIT   -----  BIT      0089H  1
IE1. . . . . . . . . . . . . . . . . .  ABSBIT   -----  BIT      008BH  1
IE2. . . . . . . . . . . . . . . . . .  SFR      DATA   U_CHAR   00AFH  1
B. . . . . . . . . . . . . . . . . . .  SFR      DATA   U_CHAR   00F0H  1
AUXR . . . . . . . . . . . . . . . . .  SFR      DATA   U_CHAR   008EH  1
IAP_CONTR. . . . . . . . . . . . . . .  SFR      DATA   U_CHAR   00C7H  1
cnt. . . . . . . . . . . . . . . . . .  PUBLIC   DATA   U_CHAR   0014H  1
C51 COMPILER V9.60.0.0   MAIN                                                              12/06/2021 22:39:57 PAGE 10  

NAME                                    CLASS   MSPACE  TYPE    OFFSET  SIZE
====                                    =====   ======  ====    ======  ====


PWMCFG . . . . . . . . . . . . . . . .  SFR      DATA   U_CHAR   00F6H  1
ACC. . . . . . . . . . . . . . . . . .  SFR      DATA   U_CHAR   00E0H  1
ET0. . . . . . . . . . . . . . . . . .  ABSBIT   -----  BIT      00A9H  1
LCD_Init . . . . . . . . . . . . . . .  EXTERN   CODE   PROC     -----  -----
ET1. . . . . . . . . . . . . . . . . .  ABSBIT   -----  BIT      00ABH  1
TF0. . . . . . . . . . . . . . . . . .  ABSBIT   -----  BIT      008DH  1
RSTCFG . . . . . . . . . . . . . . . .  SFR      DATA   U_CHAR   00FFH  1
IP2. . . . . . . . . . . . . . . . . .  SFR      DATA   U_CHAR   00B5H  1
TF1. . . . . . . . . . . . . . . . . .  ABSBIT   -----  BIT      008FH  1
IP3. . . . . . . . . . . . . . . . . .  SFR      DATA   U_CHAR   00DFH  1
RB8. . . . . . . . . . . . . . . . . .  ABSBIT   -----  BIT      009AH  1
TH0. . . . . . . . . . . . . . . . . .  SFR      DATA   U_CHAR   008CH  1
EX0. . . . . . . . . . . . . . . . . .  ABSBIT   -----  BIT      00A8H  1
TH1. . . . . . . . . . . . . . . . . .  SFR      DATA   U_CHAR   008DH  1
IT0. . . . . . . . . . . . . . . . . .  ABSBIT   -----  BIT      0088H  1
T2H. . . . . . . . . . . . . . . . . .  SFR      DATA   U_CHAR   00D6H  1
EX1. . . . . . . . . . . . . . . . . .  ABSBIT   -----  BIT      00AAH  1
TB8. . . . . . . . . . . . . . . . . .  ABSBIT   -----  BIT      009BH  1
IT1. . . . . . . . . . . . . . . . . .  ABSBIT   -----  BIT      008AH  1
uint8_t. . . . . . . . . . . . . . . .  TYPEDEF  -----  U_CHAR   -----  1
T3H. . . . . . . . . . . . . . . . . .  SFR      DATA   U_CHAR   00D4H  1
P. . . . . . . . . . . . . . . . . . .  ABSBIT   -----  BIT      00D0H  1
T4H. . . . . . . . . . . . . . . . . .  SFR      DATA   U_CHAR   00D2H  1
SM0. . . . . . . . . . . . . . . . . .  ABSBIT   -----  BIT      009FH  1
TL0. . . . . . . . . . . . . . . . . .  SFR      DATA   U_CHAR   008AH  1
SM1. . . . . . . . . . . . . . . . . .  ABSBIT   -----  BIT      009EH  1
TL1. . . . . . . . . . . . . . . . . .  SFR      DATA   U_CHAR   008BH  1
T2L. . . . . . . . . . . . . . . . . .  SFR      DATA   U_CHAR   00D7H  1
SM2. . . . . . . . . . . . . . . . . .  ABSBIT   -----  BIT      009DH  1
_LCD_ShowString. . . . . . . . . . . .  EXTERN   CODE   PROC     -----  -----
T3L. . . . . . . . . . . . . . . . . .  SFR      DATA   U_CHAR   00D5H  1
T4L. . . . . . . . . . . . . . . . . .  SFR      DATA   U_CHAR   00D3H  1
PT0. . . . . . . . . . . . . . . . . .  ABSBIT   -----  BIT      00B9H  1
RS0. . . . . . . . . . . . . . . . . .  ABSBIT   -----  BIT      00D3H  1
PT1. . . . . . . . . . . . . . . . . .  ABSBIT   -----  BIT      00BBH  1
RS1. . . . . . . . . . . . . . . . . .  ABSBIT   -----  BIT      00D4H  1
IAP_DATA . . . . . . . . . . . . . . .  SFR      DATA   U_CHAR   00C2H  1
TR0. . . . . . . . . . . . . . . . . .  ABSBIT   -----  BIT      008CH  1
TR1. . . . . . . . . . . . . . . . . .  ABSBIT   -----  BIT      008EH  1
WDT_CONTR. . . . . . . . . . . . . . .  SFR      DATA   U_CHAR   00C1H  1
PX0. . . . . . . . . . . . . . . . . .  ABSBIT   -----  BIT      00B8H  1
int8_t . . . . . . . . . . . . . . . .  TYPEDEF  -----  CHAR     -----  1
PX1. . . . . . . . . . . . . . . . . .  ABSBIT   -----  BIT      00BAH  1
IRTRIM . . . . . . . . . . . . . . . .  SFR      DATA   U_CHAR   009FH  1
PCA_PWM0 . . . . . . . . . . . . . . .  SFR      DATA   U_CHAR   00F2H  1
PCA_PWM1 . . . . . . . . . . . . . . .  SFR      DATA   U_CHAR   00F3H  1
_UART1_SendChar. . . . . . . . . . . .  PUBLIC   CODE   PROC     0000H  -----
  c. . . . . . . . . . . . . . . . . .  * REG *  DATA   CHAR     0007H  1
PCA_PWM2 . . . . . . . . . . . . . . .  SFR      DATA   U_CHAR   00F4H  1
DPH. . . . . . . . . . . . . . . . . .  SFR      DATA   U_CHAR   0083H  1
T4T3M. . . . . . . . . . . . . . . . .  SFR      DATA   U_CHAR   00D1H  1
ADC_RESL . . . . . . . . . . . . . . .  SFR      DATA   U_CHAR   00BEH  1
DPL. . . . . . . . . . . . . . . . . .  SFR      DATA   U_CHAR   0082H  1
SPSTAT . . . . . . . . . . . . . . . .  SFR      DATA   U_CHAR   00CDH  1
IPH. . . . . . . . . . . . . . . . . .  SFR      DATA   U_CHAR   00B7H  1
PWMSET . . . . . . . . . . . . . . . .  SFR      DATA   U_CHAR   00F1H  1
UART1_Init_9600___44_2368MHz . . . . .  PUBLIC   CODE   PROC     0000H  -----
C51 COMPILER V9.60.0.0   MAIN                                                              12/06/2021 22:39:57 PAGE 11  

NAME                                    CLASS   MSPACE  TYPE    OFFSET  SIZE
====                                    =====   ======  ====    ======  ====


S2BUF. . . . . . . . . . . . . . . . .  SFR      DATA   U_CHAR   009BH  1
S3BUF. . . . . . . . . . . . . . . . .  SFR      DATA   U_CHAR   00ADH  1
REN. . . . . . . . . . . . . . . . . .  ABSBIT   -----  BIT      009CH  1
S4BUF. . . . . . . . . . . . . . . . .  SFR      DATA   U_CHAR   0085H  1
S2CON. . . . . . . . . . . . . . . . .  SFR      DATA   U_CHAR   009AH  1
DPS. . . . . . . . . . . . . . . . . .  SFR      DATA   U_CHAR   00E3H  1
S3CON. . . . . . . . . . . . . . . . .  SFR      DATA   U_CHAR   00ACH  1
S4CON. . . . . . . . . . . . . . . . .  SFR      DATA   U_CHAR   0084H  1
AUXINTIF . . . . . . . . . . . . . . .  SFR      DATA   U_CHAR   00EFH  1
SADEN. . . . . . . . . . . . . . . . .  SFR      DATA   U_CHAR   00B9H  1
SADDR. . . . . . . . . . . . . . . . .  SFR      DATA   U_CHAR   00A9H  1
IAP_TRIG . . . . . . . . . . . . . . .  SFR      DATA   U_CHAR   00C6H  1
F0 . . . . . . . . . . . . . . . . . .  ABSBIT   -----  BIT      00D5H  1
IRCBAND. . . . . . . . . . . . . . . .  SFR      DATA   U_CHAR   009DH  1
PSW. . . . . . . . . . . . . . . . . .  SFR      DATA   U_CHAR   00D0H  1
uint32_t . . . . . . . . . . . . . . .  TYPEDEF  -----  U_LONG   -----  4
CCF0 . . . . . . . . . . . . . . . . .  ABSBIT   -----  BIT      00D8H  1
CCF1 . . . . . . . . . . . . . . . . .  ABSBIT   -----  BIT      00D9H  1
SPDAT. . . . . . . . . . . . . . . . .  SFR      DATA   U_CHAR   00CFH  1
P0M0 . . . . . . . . . . . . . . . . .  SFR      DATA   U_CHAR   0094H  1


MODULE INFORMATION:   STATIC OVERLAYABLE
   CODE SIZE        =    246    ----
   CONSTANT SIZE    =   ----    ----
   XDATA SIZE       =   ----    ----
   PDATA SIZE       =   ----    ----
   DATA SIZE        =     21       3
   IDATA SIZE       =   ----    ----
   BIT SIZE         =   ----    ----
   EDATA SIZE       =   ----    ----
   HDATA SIZE       =   ----    ----
   XDATA CONST SIZE =   ----    ----
   FAR CONST SIZE   =   ----    ----
END OF MODULE INFORMATION.


C51 COMPILATION COMPLETE.  0 WARNING(S),  0 ERROR(S)
