C51 COMPILER V9.60.0.0   TEMPLATE                                                          12/04/2021 12:45:06 PAGE 1   


C51 COMPILER V9.60.0.0, COMPILATION OF MODULE TEMPLATE
OBJECT MODULE PLACED IN .\build\template\template.o
COMPILER INVOKED BY: C:\Keil_v5\C51\BIN\C51.exe .\TEMPLATE.C PRINT(.\build\template\template.lst) OMF2 TABS(4) CODE NOCO
                    -ND SYMBOLS OPTIMIZE(8,SPEED) SMALL ROM(LARGE) INCDIR(C:\Keil_v5\C51\INC\STC;C:\Keil_v5\C51\INC) DEFINE(__UVISION_VERSION
                    -=526) OBJECT(.\build\template\template.o)

line level    source

   1          /*
   2          /// 74HC595 芯片原理
   3          
   4          详细内容参考：https://arduino.nxez.com/2016/12/20/74hc595-chip-principle-and-arduino-use-example.ht
             -ml
   5             ┌───────┐
   6           Q1│   U   │ VCC
   7             │       │
   8           Q2│       │ Q0
   9             │       │
  10           Q3│       │ DS
  11             │       │
  12           Q4│       │ OE --
  13             │       │
  14           Q5│       │ STCP
  15             │       │
  16           Q6│       │ SHCP
  17             │       │
  18           Q7│       │ MR ++
  19             │       │
  20          GND│       │ Q7S
  21             └───────┘
  22          
  23          
  24          分别解释一下：
  25          
  26          GND接地，VCC接5V电源，这个就不用说了。
  27          
  28          Q0-Q7这8根引脚是芯片的输出引脚，直接跟数码管的8段引脚相连。
  29          对应关系要看你怎么接线和写代码时传送数据的顺序了。
  30          
  31          
  32          DS是串行输入引脚，所谓串行就是使数据在一根信号线上按顺序一位一位地传输
             -就像一串糖葫芦。
  33          这个引脚我们接到单片机任意一个GPIO口上（输出模式）。
  34          
  35          
  36          SHCP是移位寄存器的时钟引脚。听上去有点复杂，其实很简单。
  37          74HC595内部有一个8位的移位寄存器用来保存从DS引脚输入的数据。
  38          那么74HC595怎么知道什么时候该从DS引脚上取数据了呢？正是通过SHCP这个时钟引脚
             -来实现的。
  39          只有在SHCP发生一次上升沿的时候，74HC595才会从DS引脚上取得当前的数据（高/低
             -平）并把取到的这一位数据保存到移位寄存器里。
  40          同样的，这个引脚也接到单片机任意一个GPIO口上。
  41          当我们向芯片发送数据时，要先在DS引脚上准备好要传送的数据，
  42          然后制造一次SHCP引脚的上升沿（先拉低电平再拉高电平），
  43          74HC595会在这个上升沿将DS引脚上的数据存入移位寄存器D0，
  44          同时D0原来的数据会顺移到D1，D1的数据位移到D2。。。D6的数据位移到D7。
  45          而原先D7的数据已经没有地方储存了，这一位数据会被输出到引脚Q7S上。
  46          这个引脚的作用我们下一篇再说，本文暂时用不到这个引脚。（
  47          注意这里说的不是输出引脚Q0-Q7，而是指内部的8位移位寄存器里每一个“小房间
             -，芯片手册上并没有给这些小房间编号，这里为了说明方便进行了编号）
  48          
C51 COMPILER V9.60.0.0   TEMPLATE                                                          12/04/2021 12:45:06 PAGE 2   

  49          
  50          STCP是芯片内部另外一个8位锁存寄存器的时钟引脚。
  51          当移位寄存器的8位数据全部传输完毕后，制造一次锁存器时钟引脚的上升沿（先
             -拉低电平再拉高电平）。
  52          74HC595会在这个上升沿将移位寄存器里的8位数据复制到锁存器中（锁存器里原来
             -数据将被替换）。
  53          注意，到这里为止，这8位数据还只是被保存在锁存器里，并没有输出到数码管上
             -。这个引脚同样连接到单片机任意一个GPIO口上即可。
  54          
  55          
  56          OE是输出使能引脚，在其他芯片里也很常见。作用是控制锁存器里的数据是否最
             -输出到Q0-Q7输出引脚上。
  57          低电平时输出，高电平时不输出（既不是高电平，也不是低电平而是高阻态，不
             -电）。本例为了方便直接接在GND上使其一直保持低电平输出数据。
  58          
  59          
  60          MR是用来重置内部寄存器的引脚。低电平时重置内部寄存器(MemoryReset?)。本例为了
             -方便直接连接在Vcc上一直保持高电平。
  61          
  62          
  63          Q7S引脚，串行输出引脚，本文不使用，下一篇再解释它的作用。
  64          
  65          
  66          关于锁存器。顾名思义就是将数据保存并锁定。一旦进入了锁存器，除非断电或
             -置数据（MR口设置为低电平），锁存器的数据不会再改变。
  67          好处是，当你需要更新数据时，将数据串行输入移位寄存器的过程中，锁存器里
             -数据不会有任何影响，也就不会有闪烁了。
  68          一直到移位寄存器8位数据准备完毕，再制造一次STCP的上升沿一次性更新锁存器
             -数据，更新输出。
  69          
  70          */
  71          
  72          #include "STC8A8K64D4.h"
  73          
  74          #include "alib.h"
  75          
  76          #include <stdio.h>
  77          
  78          //此处是595芯片的三个数据输入端口，可以替换为自己单片机的对应GPIO
  79          #define P_DS P35
  80          #define P_STCP P13
  81          #define P_SHCP P15
  82          
  83          //使SHCP制造一次上升沿，然后再复位为低电平
  84          void SHCP_rising_edge(void)
  85          {
  86   1        P_SHCP = 1;
  87   1        _nop_();
  88   1        _nop_();
  89   1        P_SHCP = 0;
  90   1      }
  91          //使STCP制造一次上升沿，然后再复位为低电平
  92          void STCP_rising_edge(void)
  93          {
  94   1        P_STCP = 1;
  95   1        _nop_();
  96   1        _nop_();
  97   1        P_STCP = 0;
  98   1      }
  99          
 100          void Input_to_74HC595(uint8_t c)
 101          {
C51 COMPILER V9.60.0.0   TEMPLATE                                                          12/04/2021 12:45:06 PAGE 3   

 102   1        int i;
 103   1        for (i = 0; i < 8; i++)
 104   1        {
 105   2          P_DS = ((c & (1 << i)) == 0) ? 0 : 1;
 106   2          SHCP_rising_edge();
 107   2        }
 108   1        STCP_rising_edge();
 109   1      }
 110          
 111          uint8_t num_arr[] = {
 112              0xfc, //11111100
 113              0x60, //01100000
 114              0xdb, //11011011
 115              0xf2, //11110110
 116              0x66, //01100110
 117              0xb6, //10110110
 118              0xbe, //10111110
 119              0xe0, //11100000
 120              0xfe, //11111110
 121              0xf6, //11110110
 122          };
 123          
 124          void main()
 125          {
 126   1        uint8_t num_arr_index;
 127   1      
 128   1        init_all_gpio_to_std8051_status();
 129   1        P_STCP = 0;
 130   1        P_SHCP = 0;
 131   1        P_DS = 0;
 132   1      
 133   1        while (1)
 134   1        {
 135   2          for (num_arr_index = 0; num_arr_index < 10; num_arr_index++)
 136   2          {
 137   3            Input_to_74HC595(num_arr[num_arr_index]);
 138   3            Delay_ms(300);
 139   3          }
 140   2        }
 141   1      }
C51 COMPILER V9.60.0.0   TEMPLATE                                                          12/04/2021 12:45:06 PAGE 4   

ASSEMBLY LISTING OF GENERATED OBJECT CODE


             ; FUNCTION init_all_gpio_to_std8051_status (BEGIN)
                                           ; SOURCE LINE # 8
                                           ; SOURCE LINE # 9
                                           ; SOURCE LINE # 10
0000 E4                CLR     A
0001 F594              MOV     P0M0,A
                                           ; SOURCE LINE # 11
0003 F593              MOV     P0M1,A
                                           ; SOURCE LINE # 12
0005 F592              MOV     P1M0,A
                                           ; SOURCE LINE # 13
0007 F591              MOV     P1M1,A
                                           ; SOURCE LINE # 14
0009 F596              MOV     P2M0,A
                                           ; SOURCE LINE # 15
000B F595              MOV     P2M1,A
                                           ; SOURCE LINE # 16
000D F5B2              MOV     P3M0,A
                                           ; SOURCE LINE # 17
000F F5B1              MOV     P3M1,A
                                           ; SOURCE LINE # 18
0011 F5B4              MOV     P4M0,A
                                           ; SOURCE LINE # 19
0013 F5B3              MOV     P4M1,A
                                           ; SOURCE LINE # 20
0015 F5CA              MOV     P5M0,A
                                           ; SOURCE LINE # 21
0017 F5C9              MOV     P5M1,A
                                           ; SOURCE LINE # 22
0019 F5CC              MOV     P6M0,A
                                           ; SOURCE LINE # 23
001B F5CB              MOV     P6M1,A
                                           ; SOURCE LINE # 24
001D F5E2              MOV     P7M0,A
                                           ; SOURCE LINE # 25
001F F5E1              MOV     P7M1,A
                                           ; SOURCE LINE # 26
0021 22                RET     
             ; FUNCTION init_all_gpio_to_std8051_status (END)

             ; FUNCTION _Delay_ms (BEGIN)
                                           ; SOURCE LINE # 28
;---- Variable 'xms' assigned to Register 'R6/R7' ----
                                           ; SOURCE LINE # 29
0000         ?C0002:
                                           ; SOURCE LINE # 31
0000 EF                MOV     A,R7
0001 1F                DEC     R7
0002 AC06              MOV     R4,AR6
0004 7001              JNZ     ?C0024
0006 1E                DEC     R6
0007         ?C0024:
0007 4C                ORL     A,R4
0008 600A              JZ      ?C0009
                                           ; SOURCE LINE # 32
                                           ; SOURCE LINE # 35
;---- Variable 'i' assigned to Register 'R5' ----
000A 7D3C              MOV     R5,#03CH
                                           ; SOURCE LINE # 36
C51 COMPILER V9.60.0.0   TEMPLATE                                                          12/04/2021 12:45:06 PAGE 5   

;---- Variable 'j' assigned to Register 'R4' ----
000C 7C93              MOV     R4,#093H
                                           ; SOURCE LINE # 38
000E         ?C0007:
                                           ; SOURCE LINE # 39
000E DCFE              DJNZ    R4,?C0007
                                           ; SOURCE LINE # 41
0010 DDFC              DJNZ    R5,?C0007
                                           ; SOURCE LINE # 43
0012 80EC              SJMP    ?C0002
                                           ; SOURCE LINE # 44
0014         ?C0009:
0014 22                RET     
             ; FUNCTION _Delay_ms (END)

             ; FUNCTION SHCP_rising_edge (BEGIN)
                                           ; SOURCE LINE # 84
                                           ; SOURCE LINE # 85
                                           ; SOURCE LINE # 86
0000 D295              SETB    P15
                                           ; SOURCE LINE # 87
0002 00                NOP     
                                           ; SOURCE LINE # 88
0003 00                NOP     
                                           ; SOURCE LINE # 89
0004 C295              CLR     P15
                                           ; SOURCE LINE # 90
0006 22                RET     
             ; FUNCTION SHCP_rising_edge (END)

             ; FUNCTION STCP_rising_edge (BEGIN)
                                           ; SOURCE LINE # 92
                                           ; SOURCE LINE # 93
                                           ; SOURCE LINE # 94
0000 D293              SETB    P13
                                           ; SOURCE LINE # 95
0002 00                NOP     
                                           ; SOURCE LINE # 96
0003 00                NOP     
                                           ; SOURCE LINE # 97
0004 C293              CLR     P13
                                           ; SOURCE LINE # 98
0006 22                RET     
             ; FUNCTION STCP_rising_edge (END)

             ; FUNCTION _Input_to_74HC595 (BEGIN)
                                           ; SOURCE LINE # 100
;---- Variable 'c' assigned to Register 'R1' ----
0000 A907              MOV     R1,AR7
                                           ; SOURCE LINE # 101
                                           ; SOURCE LINE # 103
;---- Variable 'i' assigned to Register 'R4/R5' ----
0002 E4                CLR     A
0003 FD                MOV     R5,A
0004 FC                MOV     R4,A
0005         ?C0012:
                                           ; SOURCE LINE # 104
                                           ; SOURCE LINE # 105
0005 AF05              MOV     R7,AR5
0007 7E00              MOV     R6,#00H
0009 7401              MOV     A,#01H
000B A807              MOV     R0,AR7
C51 COMPILER V9.60.0.0   TEMPLATE                                                          12/04/2021 12:45:06 PAGE 6   

000D 08                INC     R0
000E 8005              SJMP    ?C0026
0010         ?C0025:
0010 C3                CLR     C
0011 33                RLC     A
0012 CE                XCH     A,R6
0013 33                RLC     A
0014 CE                XCH     A,R6
0015         ?C0026:
0015 D8F9              DJNZ    R0,?C0025
0017 FF                MOV     R7,A
0018 E9                MOV     A,R1
0019 FB                MOV     R3,A
001A EF                MOV     A,R7
001B 5B                ANL     A,R3
001C D3                SETB    C
001D 7001              JNZ     ?C0015
001F C3                CLR     C
0020         ?C0015:
0020         ?C0016:
0020 92B5              MOV     P35,C
                                           ; SOURCE LINE # 106
0022 120000      R     LCALL   SHCP_rising_edge
                                           ; SOURCE LINE # 107
0025 0D                INC     R5
0026 BD0001            CJNE    R5,#00H,?C0027
0029 0C                INC     R4
002A         ?C0027:
002A ED                MOV     A,R5
002B 6408              XRL     A,#08H
002D 4C                ORL     A,R4
002E 70D5              JNZ     ?C0012
0030         ?C0013:
                                           ; SOURCE LINE # 108
0030 020000      R     LJMP    STCP_rising_edge
             ; FUNCTION _Input_to_74HC595 (END)

             ; FUNCTION main (BEGIN)
                                           ; SOURCE LINE # 124
                                           ; SOURCE LINE # 125
                                           ; SOURCE LINE # 128
0000 120000      R     LCALL   init_all_gpio_to_std8051_status
                                           ; SOURCE LINE # 129
0003 C293              CLR     P13
                                           ; SOURCE LINE # 130
0005 C295              CLR     P15
                                           ; SOURCE LINE # 131
0007 C2B5              CLR     P35
0009         ?C0018:
                                           ; SOURCE LINE # 133
                                           ; SOURCE LINE # 134
                                           ; SOURCE LINE # 135
;---- Variable 'num_arr_index' assigned to Register 'R2' ----
0009 E4                CLR     A
000A FA                MOV     R2,A
000B         ?C0020:
000B EA                MOV     A,R2
000C C3                CLR     C
000D 940A              SUBB    A,#0AH
000F 7480              MOV     A,#080H
0011 9480              SUBB    A,#080H
0013 50F4              JNC     ?C0018
C51 COMPILER V9.60.0.0   TEMPLATE                                                          12/04/2021 12:45:06 PAGE 7   

                                           ; SOURCE LINE # 136
                                           ; SOURCE LINE # 137
0015 7400        R     MOV     A,#LOW num_arr
0017 2A                ADD     A,R2
0018 F8                MOV     R0,A
0019 E6                MOV     A,@R0
001A FF                MOV     R7,A
001B 120000      R     LCALL   _Input_to_74HC595
                                           ; SOURCE LINE # 138
001E 7F2C              MOV     R7,#02CH
0020 7E01              MOV     R6,#01H
0022 120000      R     LCALL   _Delay_ms
                                           ; SOURCE LINE # 139
0025 0A                INC     R2
0026 80E3              SJMP    ?C0020
             ; FUNCTION main (END)

C51 COMPILER V9.60.0.0   TEMPLATE                                                          12/04/2021 12:45:06 PAGE 8   

NAME                                    CLASS   MSPACE  TYPE    OFFSET  SIZE
====                                    =====   ======  ====    ======  ====


uint16_t . . . . . . . . . . . . . . .  TYPEDEF  -----  U_INT    -----  2
CCF2 . . . . . . . . . . . . . . . . .  ABSBIT   -----  BIT      00DAH  1
P0M1 . . . . . . . . . . . . . . . . .  SFR      DATA   U_CHAR   0093H  1
P1M0 . . . . . . . . . . . . . . . . .  SFR      DATA   U_CHAR   0092H  1
CCF3 . . . . . . . . . . . . . . . . .  ABSBIT   -----  BIT      00DBH  1
P2M0 . . . . . . . . . . . . . . . . .  SFR      DATA   U_CHAR   0096H  1
P1M1 . . . . . . . . . . . . . . . . .  SFR      DATA   U_CHAR   0091H  1
P0 . . . . . . . . . . . . . . . . . .  SFR      DATA   U_CHAR   0080H  1
P3M0 . . . . . . . . . . . . . . . . .  SFR      DATA   U_CHAR   00B2H  1
P2M1 . . . . . . . . . . . . . . . . .  SFR      DATA   U_CHAR   0095H  1
P1 . . . . . . . . . . . . . . . . . .  SFR      DATA   U_CHAR   0090H  1
P4M0 . . . . . . . . . . . . . . . . .  SFR      DATA   U_CHAR   00B4H  1
P3M1 . . . . . . . . . . . . . . . . .  SFR      DATA   U_CHAR   00B1H  1
P2 . . . . . . . . . . . . . . . . . .  SFR      DATA   U_CHAR   00A0H  1
P5M0 . . . . . . . . . . . . . . . . .  SFR      DATA   U_CHAR   00CAH  1
P4M1 . . . . . . . . . . . . . . . . .  SFR      DATA   U_CHAR   00B3H  1
P3 . . . . . . . . . . . . . . . . . .  SFR      DATA   U_CHAR   00B0H  1
WKTCH. . . . . . . . . . . . . . . . .  SFR      DATA   U_CHAR   00ABH  1
AC . . . . . . . . . . . . . . . . . .  ABSBIT   -----  BIT      00D6H  1
P6M0 . . . . . . . . . . . . . . . . .  SFR      DATA   U_CHAR   00CCH  1
P5M1 . . . . . . . . . . . . . . . . .  SFR      DATA   U_CHAR   00C9H  1
P4 . . . . . . . . . . . . . . . . . .  SFR      DATA   U_CHAR   00C0H  1
P7M0 . . . . . . . . . . . . . . . . .  SFR      DATA   U_CHAR   00E2H  1
P6M1 . . . . . . . . . . . . . . . . .  SFR      DATA   U_CHAR   00CBH  1
P5 . . . . . . . . . . . . . . . . . .  SFR      DATA   U_CHAR   00C8H  1
P6 . . . . . . . . . . . . . . . . . .  SFR      DATA   U_CHAR   00E8H  1
P7M1 . . . . . . . . . . . . . . . . .  SFR      DATA   U_CHAR   00E1H  1
EA . . . . . . . . . . . . . . . . . .  ABSBIT   -----  BIT      00AFH  1
int32_t. . . . . . . . . . . . . . . .  TYPEDEF  -----  LONG     -----  4
P7 . . . . . . . . . . . . . . . . . .  SFR      DATA   U_CHAR   00F8H  1
WKTCL. . . . . . . . . . . . . . . . .  SFR      DATA   U_CHAR   00AAH  1
SPCTL. . . . . . . . . . . . . . . . .  SFR      DATA   U_CHAR   00CEH  1
int16_t. . . . . . . . . . . . . . . .  TYPEDEF  -----  INT      -----  2
CF . . . . . . . . . . . . . . . . . .  ABSBIT   -----  BIT      00DFH  1
CH . . . . . . . . . . . . . . . . . .  SFR      DATA   U_CHAR   00F9H  1
P_SW1. . . . . . . . . . . . . . . . .  SFR      DATA   U_CHAR   00A2H  1
P_SW2. . . . . . . . . . . . . . . . .  SFR      DATA   U_CHAR   00BAH  1
DPH1 . . . . . . . . . . . . . . . . .  SFR      DATA   U_CHAR   00E5H  1
EADC . . . . . . . . . . . . . . . . .  ABSBIT   -----  BIT      00ADH  1
IE . . . . . . . . . . . . . . . . . .  SFR      DATA   U_CHAR   00A8H  1
CL . . . . . . . . . . . . . . . . . .  SFR      DATA   U_CHAR   00E9H  1
IAP_CMD. . . . . . . . . . . . . . . .  SFR      DATA   U_CHAR   00C5H  1
CCAP0H . . . . . . . . . . . . . . . .  SFR      DATA   U_CHAR   00FAH  1
size_t . . . . . . . . . . . . . . . .  TYPEDEF  -----  U_INT    -----  2
CCAP1H . . . . . . . . . . . . . . . .  SFR      DATA   U_CHAR   00FBH  1
DPL1 . . . . . . . . . . . . . . . . .  SFR      DATA   U_CHAR   00E4H  1
CCAP2H . . . . . . . . . . . . . . . .  SFR      DATA   U_CHAR   00FCH  1
ADC_RES. . . . . . . . . . . . . . . .  SFR      DATA   U_CHAR   00BDH  1
IP2H . . . . . . . . . . . . . . . . .  SFR      DATA   U_CHAR   00B6H  1
IP3H . . . . . . . . . . . . . . . . .  SFR      DATA   U_CHAR   00EEH  1
CCAP0L . . . . . . . . . . . . . . . .  SFR      DATA   U_CHAR   00EAH  1
CR . . . . . . . . . . . . . . . . . .  ABSBIT   -----  BIT      00DEH  1
TA . . . . . . . . . . . . . . . . . .  SFR      DATA   U_CHAR   00AEH  1
CCAP1L . . . . . . . . . . . . . . . .  SFR      DATA   U_CHAR   00EBH  1
CCAPM0 . . . . . . . . . . . . . . . .  SFR      DATA   U_CHAR   00DAH  1
CCAP2L . . . . . . . . . . . . . . . .  SFR      DATA   U_CHAR   00ECH  1
CCAPM1 . . . . . . . . . . . . . . . .  SFR      DATA   U_CHAR   00DBH  1
C51 COMPILER V9.60.0.0   TEMPLATE                                                          12/04/2021 12:45:06 PAGE 9   

NAME                                    CLASS   MSPACE  TYPE    OFFSET  SIZE
====                                    =====   ======  ====    ======  ====


INTCLKO. . . . . . . . . . . . . . . .  SFR      DATA   U_CHAR   008FH  1
SHCP_rising_edge . . . . . . . . . . .  PUBLIC   CODE   PROC     0000H  -----
CCAPM2 . . . . . . . . . . . . . . . .  SFR      DATA   U_CHAR   00DCH  1
ES . . . . . . . . . . . . . . . . . .  ABSBIT   -----  BIT      00ACH  1
PADC . . . . . . . . . . . . . . . . .  ABSBIT   -----  BIT      00BDH  1
IP . . . . . . . . . . . . . . . . . .  SFR      DATA   U_CHAR   00B8H  1
ADCCFG . . . . . . . . . . . . . . . .  SFR      DATA   U_CHAR   00DEH  1
RI . . . . . . . . . . . . . . . . . .  ABSBIT   -----  BIT      0098H  1
CY . . . . . . . . . . . . . . . . . .  ABSBIT   -----  BIT      00D7H  1
TI . . . . . . . . . . . . . . . . . .  ABSBIT   -----  BIT      0099H  1
IAP_ADDRH. . . . . . . . . . . . . . .  SFR      DATA   U_CHAR   00C3H  1
PS . . . . . . . . . . . . . . . . . .  ABSBIT   -----  BIT      00BCH  1
SP . . . . . . . . . . . . . . . . . .  SFR      DATA   U_CHAR   0081H  1
STCP_rising_edge . . . . . . . . . . .  PUBLIC   CODE   PROC     0000H  -----
CMOD . . . . . . . . . . . . . . . . .  SFR      DATA   U_CHAR   00D9H  1
CCON . . . . . . . . . . . . . . . . .  SFR      DATA   U_CHAR   00D8H  1
IAP_ADDRL. . . . . . . . . . . . . . .  SFR      DATA   U_CHAR   00C4H  1
OV . . . . . . . . . . . . . . . . . .  ABSBIT   -----  BIT      00D2H  1
PPCA . . . . . . . . . . . . . . . . .  ABSBIT   -----  BIT      00BFH  1
LIRTRIM. . . . . . . . . . . . . . . .  SFR      DATA   U_CHAR   009EH  1
main . . . . . . . . . . . . . . . . .  PUBLIC   CODE   PROC     0000H  -----
  num_arr_index. . . . . . . . . . . .  * REG *  DATA   U_CHAR   0002H  1
CMPCR1 . . . . . . . . . . . . . . . .  SFR      DATA   U_CHAR   00E6H  1
CMPCR2 . . . . . . . . . . . . . . . .  SFR      DATA   U_CHAR   00E7H  1
ELVD . . . . . . . . . . . . . . . . .  ABSBIT   -----  BIT      00AEH  1
init_all_gpio_to_std8051_status. . . .  PUBLIC   CODE   PROC     0000H  -----
P00. . . . . . . . . . . . . . . . . .  ABSBIT   -----  BIT      0080H  1
ADC_CONTR. . . . . . . . . . . . . . .  SFR      DATA   U_CHAR   00BCH  1
SBUF . . . . . . . . . . . . . . . . .  SFR      DATA   U_CHAR   0099H  1
P10. . . . . . . . . . . . . . . . . .  ABSBIT   -----  BIT      0090H  1
PCON . . . . . . . . . . . . . . . . .  SFR      DATA   U_CHAR   0087H  1
P01. . . . . . . . . . . . . . . . . .  ABSBIT   -----  BIT      0081H  1
P20. . . . . . . . . . . . . . . . . .  ABSBIT   -----  BIT      00A0H  1
P11. . . . . . . . . . . . . . . . . .  ABSBIT   -----  BIT      0091H  1
P02. . . . . . . . . . . . . . . . . .  ABSBIT   -----  BIT      0082H  1
_Delay_ms. . . . . . . . . . . . . . .  PUBLIC   CODE   PROC     0000H  -----
  xms. . . . . . . . . . . . . . . . .  * REG *  DATA   U_INT    0006H  2
  i. . . . . . . . . . . . . . . . . .  * REG *  DATA   U_CHAR   0005H  1
  j. . . . . . . . . . . . . . . . . .  * REG *  DATA   U_CHAR   0004H  1
IAP_TPS. . . . . . . . . . . . . . . .  SFR      DATA   U_CHAR   00F5H  1
P30. . . . . . . . . . . . . . . . . .  ABSBIT   -----  BIT      00B0H  1
P21. . . . . . . . . . . . . . . . . .  ABSBIT   -----  BIT      00A1H  1
P12. . . . . . . . . . . . . . . . . .  ABSBIT   -----  BIT      0092H  1
P03. . . . . . . . . . . . . . . . . .  ABSBIT   -----  BIT      0083H  1
P40. . . . . . . . . . . . . . . . . .  ABSBIT   -----  BIT      00C0H  1
P31. . . . . . . . . . . . . . . . . .  ABSBIT   -----  BIT      00B1H  1
P22. . . . . . . . . . . . . . . . . .  ABSBIT   -----  BIT      00A2H  1
SCON . . . . . . . . . . . . . . . . .  SFR      DATA   U_CHAR   0098H  1
P13. . . . . . . . . . . . . . . . . .  ABSBIT   -----  BIT      0093H  1
P04. . . . . . . . . . . . . . . . . .  ABSBIT   -----  BIT      0084H  1
P50. . . . . . . . . . . . . . . . . .  ABSBIT   -----  BIT      00C8H  1
P41. . . . . . . . . . . . . . . . . .  ABSBIT   -----  BIT      00C1H  1
P32. . . . . . . . . . . . . . . . . .  ABSBIT   -----  BIT      00B2H  1
P23. . . . . . . . . . . . . . . . . .  ABSBIT   -----  BIT      00A3H  1
P14. . . . . . . . . . . . . . . . . .  ABSBIT   -----  BIT      0094H  1
TMOD . . . . . . . . . . . . . . . . .  SFR      DATA   U_CHAR   0089H  1
TCON . . . . . . . . . . . . . . . . .  SFR      DATA   U_CHAR   0088H  1
C51 COMPILER V9.60.0.0   TEMPLATE                                                          12/04/2021 12:45:06 PAGE 10  

NAME                                    CLASS   MSPACE  TYPE    OFFSET  SIZE
====                                    =====   ======  ====    ======  ====


P05. . . . . . . . . . . . . . . . . .  ABSBIT   -----  BIT      0085H  1
P60. . . . . . . . . . . . . . . . . .  ABSBIT   -----  BIT      00E8H  1
P51. . . . . . . . . . . . . . . . . .  ABSBIT   -----  BIT      00C9H  1
P42. . . . . . . . . . . . . . . . . .  ABSBIT   -----  BIT      00C2H  1
P33. . . . . . . . . . . . . . . . . .  ABSBIT   -----  BIT      00B3H  1
P24. . . . . . . . . . . . . . . . . .  ABSBIT   -----  BIT      00A4H  1
P15. . . . . . . . . . . . . . . . . .  ABSBIT   -----  BIT      0095H  1
P06. . . . . . . . . . . . . . . . . .  ABSBIT   -----  BIT      0086H  1
P70. . . . . . . . . . . . . . . . . .  ABSBIT   -----  BIT      00F8H  1
P61. . . . . . . . . . . . . . . . . .  ABSBIT   -----  BIT      00E9H  1
P52. . . . . . . . . . . . . . . . . .  ABSBIT   -----  BIT      00CAH  1
P43. . . . . . . . . . . . . . . . . .  ABSBIT   -----  BIT      00C3H  1
PLVD . . . . . . . . . . . . . . . . .  ABSBIT   -----  BIT      00BEH  1
P34. . . . . . . . . . . . . . . . . .  ABSBIT   -----  BIT      00B4H  1
P25. . . . . . . . . . . . . . . . . .  ABSBIT   -----  BIT      00A5H  1
P16. . . . . . . . . . . . . . . . . .  ABSBIT   -----  BIT      0096H  1
P07. . . . . . . . . . . . . . . . . .  ABSBIT   -----  BIT      0087H  1
P71. . . . . . . . . . . . . . . . . .  ABSBIT   -----  BIT      00F9H  1
P62. . . . . . . . . . . . . . . . . .  ABSBIT   -----  BIT      00EAH  1
P53. . . . . . . . . . . . . . . . . .  ABSBIT   -----  BIT      00CBH  1
P44. . . . . . . . . . . . . . . . . .  ABSBIT   -----  BIT      00C4H  1
P35. . . . . . . . . . . . . . . . . .  ABSBIT   -----  BIT      00B5H  1
P26. . . . . . . . . . . . . . . . . .  ABSBIT   -----  BIT      00A6H  1
P17. . . . . . . . . . . . . . . . . .  ABSBIT   -----  BIT      0097H  1
P72. . . . . . . . . . . . . . . . . .  ABSBIT   -----  BIT      00FAH  1
P63. . . . . . . . . . . . . . . . . .  ABSBIT   -----  BIT      00EBH  1
P54. . . . . . . . . . . . . . . . . .  ABSBIT   -----  BIT      00CCH  1
P45. . . . . . . . . . . . . . . . . .  ABSBIT   -----  BIT      00C5H  1
P36. . . . . . . . . . . . . . . . . .  ABSBIT   -----  BIT      00B6H  1
P27. . . . . . . . . . . . . . . . . .  ABSBIT   -----  BIT      00A7H  1
P73. . . . . . . . . . . . . . . . . .  ABSBIT   -----  BIT      00FBH  1
P64. . . . . . . . . . . . . . . . . .  ABSBIT   -----  BIT      00ECH  1
P55. . . . . . . . . . . . . . . . . .  ABSBIT   -----  BIT      00CDH  1
P46. . . . . . . . . . . . . . . . . .  ABSBIT   -----  BIT      00C6H  1
P37. . . . . . . . . . . . . . . . . .  ABSBIT   -----  BIT      00B7H  1
P74. . . . . . . . . . . . . . . . . .  ABSBIT   -----  BIT      00FCH  1
P65. . . . . . . . . . . . . . . . . .  ABSBIT   -----  BIT      00EDH  1
P56. . . . . . . . . . . . . . . . . .  ABSBIT   -----  BIT      00CEH  1
P47. . . . . . . . . . . . . . . . . .  ABSBIT   -----  BIT      00C7H  1
P75. . . . . . . . . . . . . . . . . .  ABSBIT   -----  BIT      00FDH  1
P66. . . . . . . . . . . . . . . . . .  ABSBIT   -----  BIT      00EEH  1
P57. . . . . . . . . . . . . . . . . .  ABSBIT   -----  BIT      00CFH  1
P76. . . . . . . . . . . . . . . . . .  ABSBIT   -----  BIT      00FEH  1
P67. . . . . . . . . . . . . . . . . .  ABSBIT   -----  BIT      00EFH  1
P77. . . . . . . . . . . . . . . . . .  ABSBIT   -----  BIT      00FFH  1
BUS_SPEED. . . . . . . . . . . . . . .  SFR      DATA   U_CHAR   00A1H  1
IE0. . . . . . . . . . . . . . . . . .  ABSBIT   -----  BIT      0089H  1
IE1. . . . . . . . . . . . . . . . . .  ABSBIT   -----  BIT      008BH  1
IE2. . . . . . . . . . . . . . . . . .  SFR      DATA   U_CHAR   00AFH  1
B. . . . . . . . . . . . . . . . . . .  SFR      DATA   U_CHAR   00F0H  1
AUXR . . . . . . . . . . . . . . . . .  SFR      DATA   U_CHAR   008EH  1
IAP_CONTR. . . . . . . . . . . . . . .  SFR      DATA   U_CHAR   00C7H  1
PWMCFG . . . . . . . . . . . . . . . .  SFR      DATA   U_CHAR   00F6H  1
ACC. . . . . . . . . . . . . . . . . .  SFR      DATA   U_CHAR   00E0H  1
ET0. . . . . . . . . . . . . . . . . .  ABSBIT   -----  BIT      00A9H  1
ET1. . . . . . . . . . . . . . . . . .  ABSBIT   -----  BIT      00ABH  1
TF0. . . . . . . . . . . . . . . . . .  ABSBIT   -----  BIT      008DH  1
C51 COMPILER V9.60.0.0   TEMPLATE                                                          12/04/2021 12:45:06 PAGE 11  

NAME                                    CLASS   MSPACE  TYPE    OFFSET  SIZE
====                                    =====   ======  ====    ======  ====


RSTCFG . . . . . . . . . . . . . . . .  SFR      DATA   U_CHAR   00FFH  1
IP2. . . . . . . . . . . . . . . . . .  SFR      DATA   U_CHAR   00B5H  1
TF1. . . . . . . . . . . . . . . . . .  ABSBIT   -----  BIT      008FH  1
IP3. . . . . . . . . . . . . . . . . .  SFR      DATA   U_CHAR   00DFH  1
RB8. . . . . . . . . . . . . . . . . .  ABSBIT   -----  BIT      009AH  1
TH0. . . . . . . . . . . . . . . . . .  SFR      DATA   U_CHAR   008CH  1
EX0. . . . . . . . . . . . . . . . . .  ABSBIT   -----  BIT      00A8H  1
TH1. . . . . . . . . . . . . . . . . .  SFR      DATA   U_CHAR   008DH  1
IT0. . . . . . . . . . . . . . . . . .  ABSBIT   -----  BIT      0088H  1
T2H. . . . . . . . . . . . . . . . . .  SFR      DATA   U_CHAR   00D6H  1
EX1. . . . . . . . . . . . . . . . . .  ABSBIT   -----  BIT      00AAH  1
TB8. . . . . . . . . . . . . . . . . .  ABSBIT   -----  BIT      009BH  1
IT1. . . . . . . . . . . . . . . . . .  ABSBIT   -----  BIT      008AH  1
uint8_t. . . . . . . . . . . . . . . .  TYPEDEF  -----  U_CHAR   -----  1
T3H. . . . . . . . . . . . . . . . . .  SFR      DATA   U_CHAR   00D4H  1
P. . . . . . . . . . . . . . . . . . .  ABSBIT   -----  BIT      00D0H  1
T4H. . . . . . . . . . . . . . . . . .  SFR      DATA   U_CHAR   00D2H  1
SM0. . . . . . . . . . . . . . . . . .  ABSBIT   -----  BIT      009FH  1
TL0. . . . . . . . . . . . . . . . . .  SFR      DATA   U_CHAR   008AH  1
SM1. . . . . . . . . . . . . . . . . .  ABSBIT   -----  BIT      009EH  1
TL1. . . . . . . . . . . . . . . . . .  SFR      DATA   U_CHAR   008BH  1
T2L. . . . . . . . . . . . . . . . . .  SFR      DATA   U_CHAR   00D7H  1
SM2. . . . . . . . . . . . . . . . . .  ABSBIT   -----  BIT      009DH  1
_Input_to_74HC595. . . . . . . . . . .  PUBLIC   CODE   PROC     0000H  -----
  c. . . . . . . . . . . . . . . . . .  * REG *  DATA   U_CHAR   0001H  1
  i. . . . . . . . . . . . . . . . . .  * REG *  DATA   INT      0004H  2
T3L. . . . . . . . . . . . . . . . . .  SFR      DATA   U_CHAR   00D5H  1
T4L. . . . . . . . . . . . . . . . . .  SFR      DATA   U_CHAR   00D3H  1
PT0. . . . . . . . . . . . . . . . . .  ABSBIT   -----  BIT      00B9H  1
RS0. . . . . . . . . . . . . . . . . .  ABSBIT   -----  BIT      00D3H  1
PT1. . . . . . . . . . . . . . . . . .  ABSBIT   -----  BIT      00BBH  1
RS1. . . . . . . . . . . . . . . . . .  ABSBIT   -----  BIT      00D4H  1
IAP_DATA . . . . . . . . . . . . . . .  SFR      DATA   U_CHAR   00C2H  1
TR0. . . . . . . . . . . . . . . . . .  ABSBIT   -----  BIT      008CH  1
TR1. . . . . . . . . . . . . . . . . .  ABSBIT   -----  BIT      008EH  1
WDT_CONTR. . . . . . . . . . . . . . .  SFR      DATA   U_CHAR   00C1H  1
PX0. . . . . . . . . . . . . . . . . .  ABSBIT   -----  BIT      00B8H  1
int8_t . . . . . . . . . . . . . . . .  TYPEDEF  -----  CHAR     -----  1
PX1. . . . . . . . . . . . . . . . . .  ABSBIT   -----  BIT      00BAH  1
IRTRIM . . . . . . . . . . . . . . . .  SFR      DATA   U_CHAR   009FH  1
PCA_PWM0 . . . . . . . . . . . . . . .  SFR      DATA   U_CHAR   00F2H  1
PCA_PWM1 . . . . . . . . . . . . . . .  SFR      DATA   U_CHAR   00F3H  1
PCA_PWM2 . . . . . . . . . . . . . . .  SFR      DATA   U_CHAR   00F4H  1
DPH. . . . . . . . . . . . . . . . . .  SFR      DATA   U_CHAR   0083H  1
T4T3M. . . . . . . . . . . . . . . . .  SFR      DATA   U_CHAR   00D1H  1
ADC_RESL . . . . . . . . . . . . . . .  SFR      DATA   U_CHAR   00BEH  1
DPL. . . . . . . . . . . . . . . . . .  SFR      DATA   U_CHAR   0082H  1
SPSTAT . . . . . . . . . . . . . . . .  SFR      DATA   U_CHAR   00CDH  1
IPH. . . . . . . . . . . . . . . . . .  SFR      DATA   U_CHAR   00B7H  1
PWMSET . . . . . . . . . . . . . . . .  SFR      DATA   U_CHAR   00F1H  1
S2BUF. . . . . . . . . . . . . . . . .  SFR      DATA   U_CHAR   009BH  1
S3BUF. . . . . . . . . . . . . . . . .  SFR      DATA   U_CHAR   00ADH  1
REN. . . . . . . . . . . . . . . . . .  ABSBIT   -----  BIT      009CH  1
S4BUF. . . . . . . . . . . . . . . . .  SFR      DATA   U_CHAR   0085H  1
S2CON. . . . . . . . . . . . . . . . .  SFR      DATA   U_CHAR   009AH  1
DPS. . . . . . . . . . . . . . . . . .  SFR      DATA   U_CHAR   00E3H  1
S3CON. . . . . . . . . . . . . . . . .  SFR      DATA   U_CHAR   00ACH  1
C51 COMPILER V9.60.0.0   TEMPLATE                                                          12/04/2021 12:45:06 PAGE 12  

NAME                                    CLASS   MSPACE  TYPE    OFFSET  SIZE
====                                    =====   ======  ====    ======  ====


S4CON. . . . . . . . . . . . . . . . .  SFR      DATA   U_CHAR   0084H  1
AUXINTIF . . . . . . . . . . . . . . .  SFR      DATA   U_CHAR   00EFH  1
SADEN. . . . . . . . . . . . . . . . .  SFR      DATA   U_CHAR   00B9H  1
SADDR. . . . . . . . . . . . . . . . .  SFR      DATA   U_CHAR   00A9H  1
IAP_TRIG . . . . . . . . . . . . . . .  SFR      DATA   U_CHAR   00C6H  1
F0 . . . . . . . . . . . . . . . . . .  ABSBIT   -----  BIT      00D5H  1
IRCBAND. . . . . . . . . . . . . . . .  SFR      DATA   U_CHAR   009DH  1
num_arr. . . . . . . . . . . . . . . .  PUBLIC   DATA   ARRAY    0000H  10
PSW. . . . . . . . . . . . . . . . . .  SFR      DATA   U_CHAR   00D0H  1
uint32_t . . . . . . . . . . . . . . .  TYPEDEF  -----  U_LONG   -----  4
CCF0 . . . . . . . . . . . . . . . . .  ABSBIT   -----  BIT      00D8H  1
CCF1 . . . . . . . . . . . . . . . . .  ABSBIT   -----  BIT      00D9H  1
SPDAT. . . . . . . . . . . . . . . . .  SFR      DATA   U_CHAR   00CFH  1
P0M0 . . . . . . . . . . . . . . . . .  SFR      DATA   U_CHAR   0094H  1


MODULE INFORMATION:   STATIC OVERLAYABLE
   CODE SIZE        =    160    ----
   CONSTANT SIZE    =   ----    ----
   XDATA SIZE       =   ----    ----
   PDATA SIZE       =   ----    ----
   DATA SIZE        =     10    ----
   IDATA SIZE       =   ----    ----
   BIT SIZE         =   ----    ----
   EDATA SIZE       =   ----    ----
   HDATA SIZE       =   ----    ----
   XDATA CONST SIZE =   ----    ----
   FAR CONST SIZE   =   ----    ----
END OF MODULE INFORMATION.


C51 COMPILATION COMPLETE.  0 WARNING(S),  0 ERROR(S)
