C51 COMPILER V9.60.0.0   MAIN                                                              12/09/2021 20:53:55 PAGE 1   


C51 COMPILER V9.60.0.0, COMPILATION OF MODULE MAIN
OBJECT MODULE PLACED IN .\build\template\User\main.o
COMPILER INVOKED BY: C:\Keil_v5\C51\BIN\C51.exe .\USER\MAIN.C PRINT(.\build\template\User\main.lst) OMF2 TABS(4) CODE NO
                    -COND SYMBOLS OPTIMIZE(8,SPEED) SMALL ROM(LARGE) INCDIR(C:\Keil_v5\C51\INC\STC;C:\Keil_v5\C51\INC) DEFINE(__UVISION_VERSI
                    -ON=526) OBJECT(.\build\template\User\main.o)

line level    source

   1          #include "main.h"
   2          #include "Timer0.h"
   3          
   4          //播放小星星，可以修改define来播放其他音乐
   5          #define music_table music_table_kiss_the_rain
   6          
   7          #define SPEED 800
   8          
   9          
  10          //音符与索引的关系
  11          #define XZ0 0
  12          #define L1  1
  13          #define L1U  2
  14          #define L2  3
  15          #define L2U  4
  16          #define L3  5
  17          #define L4  6
  18          #define L4U  7
  19          #define L5  8
  20          #define L5U  9
  21          #define L6  10
  22          #define L6U  11
  23          #define L7  12
  24          
  25          #define M1  13
  26          #define M1U  14
  27          #define M2  15
  28          #define M2U 16
  29          #define M3  17
  30          #define M4  18
  31          #define M4U  19
  32          #define M5  20
  33          #define M5U  21
  34          #define M6  22
  35          #define M6U  23
  36          #define M7  24
  37          
  38          #define H1  25
  39          #define H1U  26
  40          #define H2  27
  41          #define H2U  28
  42          #define H3  29
  43          #define H4  30
  44          #define H4U  31
  45          #define H5  32
  46          #define H5U 33
  47          #define H6  34
  48          #define H6U  35
  49          #define H7  36
  50          
  51          #define HH1  37
  52          #define HH1U  38
  53          #define HH2  39
C51 COMPILER V9.60.0.0   MAIN                                                              12/09/2021 20:53:55 PAGE 2   

  54          #define HH2U  40
  55          #define HH3  41
  56          #define HH4  42
  57          #define HH4U  43
  58          #define HH5  44
  59          #define HH5U 45
  60          #define HH6  46
  61          #define HH6U  47
  62          #define HH7  48
  63          
  64          
  65          
  66          
  67          sbit Buzzer = P4 ^ 2;
  68          
  69          uint16_t code freq_table[] = {
  70              0, //休止符
  71              63625,
  72              63732,
  73              63833,
  74              63929,
  75              64019,
  76              64104,
  77              64185,
  78              64260,
  79              64332,
  80              64400,
  81              64463,
  82              64524,
  83              64580,
  84              64634,
  85              64685,
  86              64732,
  87              64778,
  88              64820,
  89              64860,
  90              64898,
  91              64934,
  92              64968,
  93              65000,
  94              65030,
  95              65058,
  96              65085,
  97              65110,
  98              65134,
  99              65157,
 100              65178,
 101              65198,
 102              65217,
 103              65235,
 104              65252,
 105              65268,
 106              65283,
 107              //下面是高高
 108              65297,
 109          65311,
 110          65323,
 111          65335,
 112          65346,
 113          65357,
 114          65367,
 115          65377,
C51 COMPILER V9.60.0.0   MAIN                                                              12/09/2021 20:53:55 PAGE 3   

 116          65386,
 117          65394,
 118          65402,
 119          65409
 120          
 121          };
 122          uint8_t freq_select = 0;
 123          
 124          uint8_t code music_table_kiss_the_rain[] = {
 125            0,4,
 126            0,4,
 127            0,4,
 128            0,1,
 129            M5,1,
 130            H1,1,
 131            H2,1,
 132          
 133            H2,2,
 134            H3,2,
 135            H3,8,
 136            XZ0,1,
 137            H1,1,
 138            H2,1,
 139            H3,1,
 140          
 141            H2,2,
 142            H5,2,
 143            H5,8,
 144            XZ0,1,
 145            H5,1,
 146            H6,1,
 147            H7,1,
 148          
 149            H7,2,
 150            HH1,2,
 151            HH1,6,
 152            HH2,2,
 153            HH3,2,
 154            HH2,2,
 155            HH1,2,
 156            //第一行结束
 157          
 158            XZ0,4,
 159            XZ0,4,
 160            XZ0,4,
 161            XZ0,4,
 162          
 163            L1,2,
 164            L5,2,
 165            M1,2,
 166            M2,2,
 167            M3,2,
 168            XZ0,2,
 169            0,4,
 170          
 171            
 172            
 173          
 174          
 175            0xff
 176          };
 177          
C51 COMPILER V9.60.0.0   MAIN                                                              12/09/2021 20:53:55 PAGE 4   

 178          uint8_t code music_table_xiaoxingxing[] = {
 179              13, 4,
 180              13, 4,
 181              20, 4,
 182              20, 4,
 183              22, 4,
 184              22, 4,
 185              20, 8,
 186              18, 4,
 187              18, 4,
 188              17, 4,
 189              17, 4,
 190              15, 4,
 191              15, 4,
 192              13, 8,
 193          
 194              0xff // 终止标志
 195          };
 196          
 197          uint8_t music_table_select = 0;
 198          
 199          void main()
 200          {
 201   1        init_all_gpio_to_std8051_status();
 202   1      
 203   1        Timer0_Init();
 204   1        while (1)
 205   1        {
 206   2          if (music_table[music_table_select] == 0xff)
 207   2          {
 208   3            TR0 = 0;
 209   3            continue;
 210   3          }
 211   2      
 212   2          freq_select = music_table[music_table_select++];
 213   2          Delay_ms(SPEED/4 * music_table[music_table_select++]);
 214   2          TR0 = 0;
 215   2          Delay_ms(5);
 216   2          TR0 = 1;
 217   2        }
 218   1      }
 219          
 220          void Timer0_Rountine() interrupt 1
 221          {
 222   1        if (freq_table[freq_select])
 223   1        {
 224   2          TL0 = freq_table[freq_select] % 256; //设置定时初始值
 225   2          TH0 = freq_table[freq_select] / 256; //设置定时初始值
 226   2          Buzzer = ~Buzzer;
 227   2        }
 228   1      }
C51 COMPILER V9.60.0.0   MAIN                                                              12/09/2021 20:53:55 PAGE 5   

ASSEMBLY LISTING OF GENERATED OBJECT CODE


             ; FUNCTION init_all_gpio_to_std8051_status (BEGIN)
                                           ; SOURCE LINE # 14
                                           ; SOURCE LINE # 15
                                           ; SOURCE LINE # 16
0000 E4                CLR     A
0001 F594              MOV     P0M0,A
                                           ; SOURCE LINE # 17
0003 F593              MOV     P0M1,A
                                           ; SOURCE LINE # 18
0005 F592              MOV     P1M0,A
                                           ; SOURCE LINE # 19
0007 F591              MOV     P1M1,A
                                           ; SOURCE LINE # 20
0009 F596              MOV     P2M0,A
                                           ; SOURCE LINE # 21
000B F595              MOV     P2M1,A
                                           ; SOURCE LINE # 22
000D F5B2              MOV     P3M0,A
                                           ; SOURCE LINE # 23
000F F5B1              MOV     P3M1,A
                                           ; SOURCE LINE # 24
0011 F5B4              MOV     P4M0,A
                                           ; SOURCE LINE # 25
0013 F5B3              MOV     P4M1,A
                                           ; SOURCE LINE # 26
0015 F5CA              MOV     P5M0,A
                                           ; SOURCE LINE # 27
0017 F5C9              MOV     P5M1,A
                                           ; SOURCE LINE # 28
0019 F5CC              MOV     P6M0,A
                                           ; SOURCE LINE # 29
001B F5CB              MOV     P6M1,A
                                           ; SOURCE LINE # 30
001D F5E2              MOV     P7M0,A
                                           ; SOURCE LINE # 31
001F F5E1              MOV     P7M1,A
                                           ; SOURCE LINE # 32
0021 22                RET     
             ; FUNCTION init_all_gpio_to_std8051_status (END)

             ; FUNCTION _Delay_ms (BEGIN)
                                           ; SOURCE LINE # 34
;---- Variable 'xms' assigned to Register 'R6/R7' ----
                                           ; SOURCE LINE # 35
0000         ?C0002:
                                           ; SOURCE LINE # 37
0000 EF                MOV     A,R7
0001 1F                DEC     R7
0002 AC06              MOV     R4,AR6
0004 7001              JNZ     ?C0017
0006 1E                DEC     R6
0007         ?C0017:
0007 4C                ORL     A,R4
0008 600B              JZ      ?C0009
                                           ; SOURCE LINE # 38
                                           ; SOURCE LINE # 39
000A 00                NOP     
                                           ; SOURCE LINE # 40
;---- Variable 'i' assigned to Register 'R5' ----
C51 COMPILER V9.60.0.0   MAIN                                                              12/09/2021 20:53:55 PAGE 6   

000B 7D3A              MOV     R5,#03AH
                                           ; SOURCE LINE # 41
;---- Variable 'j' assigned to Register 'R4' ----
000D 7C72              MOV     R4,#072H
                                           ; SOURCE LINE # 43
000F         ?C0007:
                                           ; SOURCE LINE # 44
000F DCFE              DJNZ    R4,?C0007
                                           ; SOURCE LINE # 46
0011 DDFC              DJNZ    R5,?C0007
                                           ; SOURCE LINE # 47
0013 80EB              SJMP    ?C0002
                                           ; SOURCE LINE # 48
0015         ?C0009:
0015 22                RET     
             ; FUNCTION _Delay_ms (END)

             ; FUNCTION Timer0_Init (BEGIN)
                                           ; SOURCE LINE # 11
                                           ; SOURCE LINE # 12
                                           ; SOURCE LINE # 13
0000 538E7F            ANL     AUXR,#07FH
                                           ; SOURCE LINE # 15
0003 5389F0            ANL     TMOD,#0F0H
                                           ; SOURCE LINE # 16
0006 438901            ORL     TMOD,#01H
                                           ; SOURCE LINE # 17
0009 C28D              CLR     TF0
                                           ; SOURCE LINE # 18
000B D28C              SETB    TR0
                                           ; SOURCE LINE # 19
000D D2A9              SETB    ET0
                                           ; SOURCE LINE # 20
000F D2AF              SETB    EA
                                           ; SOURCE LINE # 21
0011 C2B9              CLR     PT0
                                           ; SOURCE LINE # 23
0013 758A89            MOV     TL0,#089H
                                           ; SOURCE LINE # 24
0016 758CF8            MOV     TH0,#0F8H
                                           ; SOURCE LINE # 25
0019 22                RET     
             ; FUNCTION Timer0_Init (END)

             ; FUNCTION main (BEGIN)
                                           ; SOURCE LINE # 199
                                           ; SOURCE LINE # 200
                                           ; SOURCE LINE # 201
0000 120000      R     LCALL   init_all_gpio_to_std8051_status
                                           ; SOURCE LINE # 203
0003 120000      R     LCALL   Timer0_Init
0006         ?C0011:
                                           ; SOURCE LINE # 204
                                           ; SOURCE LINE # 205
                                           ; SOURCE LINE # 206
0006 E500        R     MOV     A,music_table_select
0008 900000      R     MOV     DPTR,#music_table_kiss_the_rain
000B 93                MOVC    A,@A+DPTR
000C F4                CPL     A
000D 7004              JNZ     ?C0013
                                           ; SOURCE LINE # 207
                                           ; SOURCE LINE # 208
C51 COMPILER V9.60.0.0   MAIN                                                              12/09/2021 20:53:55 PAGE 7   

000F C28C              CLR     TR0
                                           ; SOURCE LINE # 209
0011 80F3              SJMP    ?C0011
                                           ; SOURCE LINE # 210
0013         ?C0013:
                                           ; SOURCE LINE # 212
0013 AF00        R     MOV     R7,music_table_select
0015 0500        R     INC     music_table_select
0017 EF                MOV     A,R7
0018 900000      R     MOV     DPTR,#music_table_kiss_the_rain
001B 93                MOVC    A,@A+DPTR
001C F500        R     MOV     freq_select,A
                                           ; SOURCE LINE # 213
001E AF00        R     MOV     R7,music_table_select
0020 0500        R     INC     music_table_select
0022 EF                MOV     A,R7
0023 93                MOVC    A,@A+DPTR
0024 75F0C8            MOV     B,#0C8H
0027 A4                MUL     AB
0028 FF                MOV     R7,A
0029 AEF0              MOV     R6,B
002B 120000      R     LCALL   _Delay_ms
                                           ; SOURCE LINE # 214
002E C28C              CLR     TR0
                                           ; SOURCE LINE # 215
0030 7F05              MOV     R7,#05H
0032 7E00              MOV     R6,#00H
0034 120000      R     LCALL   _Delay_ms
                                           ; SOURCE LINE # 216
0037 D28C              SETB    TR0
                                           ; SOURCE LINE # 217
0039 80CB              SJMP    ?C0011
             ; FUNCTION main (END)

             ; FUNCTION Timer0_Rountine (BEGIN)
0000 C0E0              PUSH    ACC
0002 C083              PUSH    DPH
0004 C082              PUSH    DPL
0006 C0D0              PUSH    PSW
0008 75D000            MOV     PSW,#00H
000B C006              PUSH    AR6
                                           ; SOURCE LINE # 220
                                           ; SOURCE LINE # 222
000D E500        R     MOV     A,freq_select
000F 25E0              ADD     A,ACC
0011 2400        R     ADD     A,#LOW freq_table
0013 F582              MOV     DPL,A
0015 E4                CLR     A
0016 3400        R     ADDC    A,#HIGH freq_table
0018 F583              MOV     DPH,A
001A 7401              MOV     A,#01H
001C 93                MOVC    A,@A+DPTR
001D 7002              JNZ     ?C0018
001F E4                CLR     A
0020 93                MOVC    A,@A+DPTR
0021         ?C0018:
0021 601A              JZ      ?C0016
                                           ; SOURCE LINE # 223
                                           ; SOURCE LINE # 224
0023 E500        R     MOV     A,freq_select
0025 25E0              ADD     A,ACC
0027 2400        R     ADD     A,#LOW freq_table
C51 COMPILER V9.60.0.0   MAIN                                                              12/09/2021 20:53:55 PAGE 8   

0029 F582              MOV     DPL,A
002B E4                CLR     A
002C 3400        R     ADDC    A,#HIGH freq_table
002E F583              MOV     DPH,A
0030 E4                CLR     A
0031 93                MOVC    A,@A+DPTR
0032 FE                MOV     R6,A
0033 7401              MOV     A,#01H
0035 93                MOVC    A,@A+DPTR
0036 F58A              MOV     TL0,A
                                           ; SOURCE LINE # 225
0038 EE                MOV     A,R6
0039 F58C              MOV     TH0,A
                                           ; SOURCE LINE # 226
003B B2C2              CPL     Buzzer
                                           ; SOURCE LINE # 227
                                           ; SOURCE LINE # 228
003D         ?C0016:
003D D006              POP     AR6
003F D0D0              POP     PSW
0041 D082              POP     DPL
0043 D083              POP     DPH
0045 D0E0              POP     ACC
0047 32                RETI    
             ; FUNCTION Timer0_Rountine (END)

C51 COMPILER V9.60.0.0   MAIN                                                              12/09/2021 20:53:55 PAGE 9   

NAME                                    CLASS   MSPACE  TYPE    OFFSET  SIZE
====                                    =====   ======  ====    ======  ====


uint16_t . . . . . . . . . . . . . . .  TYPEDEF  -----  U_INT    -----  2
CCF2 . . . . . . . . . . . . . . . . .  ABSBIT   -----  BIT      00DAH  1
P0M1 . . . . . . . . . . . . . . . . .  SFR      DATA   U_CHAR   0093H  1
P1M0 . . . . . . . . . . . . . . . . .  SFR      DATA   U_CHAR   0092H  1
CCF3 . . . . . . . . . . . . . . . . .  ABSBIT   -----  BIT      00DBH  1
P2M0 . . . . . . . . . . . . . . . . .  SFR      DATA   U_CHAR   0096H  1
P1M1 . . . . . . . . . . . . . . . . .  SFR      DATA   U_CHAR   0091H  1
P0 . . . . . . . . . . . . . . . . . .  SFR      DATA   U_CHAR   0080H  1
P3M0 . . . . . . . . . . . . . . . . .  SFR      DATA   U_CHAR   00B2H  1
P2M1 . . . . . . . . . . . . . . . . .  SFR      DATA   U_CHAR   0095H  1
P1 . . . . . . . . . . . . . . . . . .  SFR      DATA   U_CHAR   0090H  1
P4M0 . . . . . . . . . . . . . . . . .  SFR      DATA   U_CHAR   00B4H  1
P3M1 . . . . . . . . . . . . . . . . .  SFR      DATA   U_CHAR   00B1H  1
P2 . . . . . . . . . . . . . . . . . .  SFR      DATA   U_CHAR   00A0H  1
P5M0 . . . . . . . . . . . . . . . . .  SFR      DATA   U_CHAR   00CAH  1
P4M1 . . . . . . . . . . . . . . . . .  SFR      DATA   U_CHAR   00B3H  1
P3 . . . . . . . . . . . . . . . . . .  SFR      DATA   U_CHAR   00B0H  1
WKTCH. . . . . . . . . . . . . . . . .  SFR      DATA   U_CHAR   00ABH  1
AC . . . . . . . . . . . . . . . . . .  ABSBIT   -----  BIT      00D6H  1
P6M0 . . . . . . . . . . . . . . . . .  SFR      DATA   U_CHAR   00CCH  1
P5M1 . . . . . . . . . . . . . . . . .  SFR      DATA   U_CHAR   00C9H  1
P4 . . . . . . . . . . . . . . . . . .  SFR      DATA   U_CHAR   00C0H  1
P7M0 . . . . . . . . . . . . . . . . .  SFR      DATA   U_CHAR   00E2H  1
P6M1 . . . . . . . . . . . . . . . . .  SFR      DATA   U_CHAR   00CBH  1
P5 . . . . . . . . . . . . . . . . . .  SFR      DATA   U_CHAR   00C8H  1
Buzzer . . . . . . . . . . . . . . . .  ABSBIT   -----  BIT      00C2H  1
P6 . . . . . . . . . . . . . . . . . .  SFR      DATA   U_CHAR   00E8H  1
P7M1 . . . . . . . . . . . . . . . . .  SFR      DATA   U_CHAR   00E1H  1
EA . . . . . . . . . . . . . . . . . .  ABSBIT   -----  BIT      00AFH  1
int32_t. . . . . . . . . . . . . . . .  TYPEDEF  -----  LONG     -----  4
P7 . . . . . . . . . . . . . . . . . .  SFR      DATA   U_CHAR   00F8H  1
WKTCL. . . . . . . . . . . . . . . . .  SFR      DATA   U_CHAR   00AAH  1
SPCTL. . . . . . . . . . . . . . . . .  SFR      DATA   U_CHAR   00CEH  1
int16_t. . . . . . . . . . . . . . . .  TYPEDEF  -----  INT      -----  2
CF . . . . . . . . . . . . . . . . . .  ABSBIT   -----  BIT      00DFH  1
CH . . . . . . . . . . . . . . . . . .  SFR      DATA   U_CHAR   00F9H  1
P_SW1. . . . . . . . . . . . . . . . .  SFR      DATA   U_CHAR   00A2H  1
P_SW2. . . . . . . . . . . . . . . . .  SFR      DATA   U_CHAR   00BAH  1
DPH1 . . . . . . . . . . . . . . . . .  SFR      DATA   U_CHAR   00E5H  1
EADC . . . . . . . . . . . . . . . . .  ABSBIT   -----  BIT      00ADH  1
IE . . . . . . . . . . . . . . . . . .  SFR      DATA   U_CHAR   00A8H  1
CL . . . . . . . . . . . . . . . . . .  SFR      DATA   U_CHAR   00E9H  1
IAP_CMD. . . . . . . . . . . . . . . .  SFR      DATA   U_CHAR   00C5H  1
CCAP0H . . . . . . . . . . . . . . . .  SFR      DATA   U_CHAR   00FAH  1
size_t . . . . . . . . . . . . . . . .  TYPEDEF  -----  U_INT    -----  2
CCAP1H . . . . . . . . . . . . . . . .  SFR      DATA   U_CHAR   00FBH  1
DPL1 . . . . . . . . . . . . . . . . .  SFR      DATA   U_CHAR   00E4H  1
CCAP2H . . . . . . . . . . . . . . . .  SFR      DATA   U_CHAR   00FCH  1
ADC_RES. . . . . . . . . . . . . . . .  SFR      DATA   U_CHAR   00BDH  1
IP2H . . . . . . . . . . . . . . . . .  SFR      DATA   U_CHAR   00B6H  1
freq_select. . . . . . . . . . . . . .  PUBLIC   DATA   U_CHAR   0000H  1
IP3H . . . . . . . . . . . . . . . . .  SFR      DATA   U_CHAR   00EEH  1
CCAP0L . . . . . . . . . . . . . . . .  SFR      DATA   U_CHAR   00EAH  1
CR . . . . . . . . . . . . . . . . . .  ABSBIT   -----  BIT      00DEH  1
TA . . . . . . . . . . . . . . . . . .  SFR      DATA   U_CHAR   00AEH  1
CCAP1L . . . . . . . . . . . . . . . .  SFR      DATA   U_CHAR   00EBH  1
CCAPM0 . . . . . . . . . . . . . . . .  SFR      DATA   U_CHAR   00DAH  1
C51 COMPILER V9.60.0.0   MAIN                                                              12/09/2021 20:53:55 PAGE 10  

NAME                                    CLASS   MSPACE  TYPE    OFFSET  SIZE
====                                    =====   ======  ====    ======  ====


music_table_xiaoxingxing . . . . . . .  PUBLIC   CODE   ARRAY    00B1H  29
CCAP2L . . . . . . . . . . . . . . . .  SFR      DATA   U_CHAR   00ECH  1
CCAPM1 . . . . . . . . . . . . . . . .  SFR      DATA   U_CHAR   00DBH  1
INTCLKO. . . . . . . . . . . . . . . .  SFR      DATA   U_CHAR   008FH  1
CCAPM2 . . . . . . . . . . . . . . . .  SFR      DATA   U_CHAR   00DCH  1
ES . . . . . . . . . . . . . . . . . .  ABSBIT   -----  BIT      00ACH  1
PADC . . . . . . . . . . . . . . . . .  ABSBIT   -----  BIT      00BDH  1
IP . . . . . . . . . . . . . . . . . .  SFR      DATA   U_CHAR   00B8H  1
ADCCFG . . . . . . . . . . . . . . . .  SFR      DATA   U_CHAR   00DEH  1
RI . . . . . . . . . . . . . . . . . .  ABSBIT   -----  BIT      0098H  1
freq_table . . . . . . . . . . . . . .  PUBLIC   CODE   ARRAY    0000H  98
CY . . . . . . . . . . . . . . . . . .  ABSBIT   -----  BIT      00D7H  1
TI . . . . . . . . . . . . . . . . . .  ABSBIT   -----  BIT      0099H  1
IAP_ADDRH. . . . . . . . . . . . . . .  SFR      DATA   U_CHAR   00C3H  1
PS . . . . . . . . . . . . . . . . . .  ABSBIT   -----  BIT      00BCH  1
SP . . . . . . . . . . . . . . . . . .  SFR      DATA   U_CHAR   0081H  1
CMOD . . . . . . . . . . . . . . . . .  SFR      DATA   U_CHAR   00D9H  1
CCON . . . . . . . . . . . . . . . . .  SFR      DATA   U_CHAR   00D8H  1
IAP_ADDRL. . . . . . . . . . . . . . .  SFR      DATA   U_CHAR   00C4H  1
OV . . . . . . . . . . . . . . . . . .  ABSBIT   -----  BIT      00D2H  1
PPCA . . . . . . . . . . . . . . . . .  ABSBIT   -----  BIT      00BFH  1
LIRTRIM. . . . . . . . . . . . . . . .  SFR      DATA   U_CHAR   009EH  1
main . . . . . . . . . . . . . . . . .  PUBLIC   CODE   PROC     0000H  -----
CMPCR1 . . . . . . . . . . . . . . . .  SFR      DATA   U_CHAR   00E6H  1
CMPCR2 . . . . . . . . . . . . . . . .  SFR      DATA   U_CHAR   00E7H  1
Timer0_Init. . . . . . . . . . . . . .  PUBLIC   CODE   PROC     0000H  -----
ELVD . . . . . . . . . . . . . . . . .  ABSBIT   -----  BIT      00AEH  1
init_all_gpio_to_std8051_status. . . .  PUBLIC   CODE   PROC     0000H  -----
P00. . . . . . . . . . . . . . . . . .  ABSBIT   -----  BIT      0080H  1
ADC_CONTR. . . . . . . . . . . . . . .  SFR      DATA   U_CHAR   00BCH  1
SBUF . . . . . . . . . . . . . . . . .  SFR      DATA   U_CHAR   0099H  1
P10. . . . . . . . . . . . . . . . . .  ABSBIT   -----  BIT      0090H  1
PCON . . . . . . . . . . . . . . . . .  SFR      DATA   U_CHAR   0087H  1
P01. . . . . . . . . . . . . . . . . .  ABSBIT   -----  BIT      0081H  1
P20. . . . . . . . . . . . . . . . . .  ABSBIT   -----  BIT      00A0H  1
P11. . . . . . . . . . . . . . . . . .  ABSBIT   -----  BIT      0091H  1
P02. . . . . . . . . . . . . . . . . .  ABSBIT   -----  BIT      0082H  1
_Delay_ms. . . . . . . . . . . . . . .  PUBLIC   CODE   PROC     0000H  -----
  xms. . . . . . . . . . . . . . . . .  * REG *  DATA   U_INT    0006H  2
  i. . . . . . . . . . . . . . . . . .  * REG *  DATA   U_CHAR   0005H  1
  j. . . . . . . . . . . . . . . . . .  * REG *  DATA   U_CHAR   0004H  1
IAP_TPS. . . . . . . . . . . . . . . .  SFR      DATA   U_CHAR   00F5H  1
P30. . . . . . . . . . . . . . . . . .  ABSBIT   -----  BIT      00B0H  1
P21. . . . . . . . . . . . . . . . . .  ABSBIT   -----  BIT      00A1H  1
P12. . . . . . . . . . . . . . . . . .  ABSBIT   -----  BIT      0092H  1
P03. . . . . . . . . . . . . . . . . .  ABSBIT   -----  BIT      0083H  1
P40. . . . . . . . . . . . . . . . . .  ABSBIT   -----  BIT      00C0H  1
P31. . . . . . . . . . . . . . . . . .  ABSBIT   -----  BIT      00B1H  1
P22. . . . . . . . . . . . . . . . . .  ABSBIT   -----  BIT      00A2H  1
SCON . . . . . . . . . . . . . . . . .  SFR      DATA   U_CHAR   0098H  1
P13. . . . . . . . . . . . . . . . . .  ABSBIT   -----  BIT      0093H  1
P04. . . . . . . . . . . . . . . . . .  ABSBIT   -----  BIT      0084H  1
P50. . . . . . . . . . . . . . . . . .  ABSBIT   -----  BIT      00C8H  1
P41. . . . . . . . . . . . . . . . . .  ABSBIT   -----  BIT      00C1H  1
P32. . . . . . . . . . . . . . . . . .  ABSBIT   -----  BIT      00B2H  1
P23. . . . . . . . . . . . . . . . . .  ABSBIT   -----  BIT      00A3H  1
P14. . . . . . . . . . . . . . . . . .  ABSBIT   -----  BIT      0094H  1
C51 COMPILER V9.60.0.0   MAIN                                                              12/09/2021 20:53:55 PAGE 11  

NAME                                    CLASS   MSPACE  TYPE    OFFSET  SIZE
====                                    =====   ======  ====    ======  ====


TMOD . . . . . . . . . . . . . . . . .  SFR      DATA   U_CHAR   0089H  1
TCON . . . . . . . . . . . . . . . . .  SFR      DATA   U_CHAR   0088H  1
P05. . . . . . . . . . . . . . . . . .  ABSBIT   -----  BIT      0085H  1
P60. . . . . . . . . . . . . . . . . .  ABSBIT   -----  BIT      00E8H  1
P51. . . . . . . . . . . . . . . . . .  ABSBIT   -----  BIT      00C9H  1
P42. . . . . . . . . . . . . . . . . .  ABSBIT   -----  BIT      00C2H  1
P33. . . . . . . . . . . . . . . . . .  ABSBIT   -----  BIT      00B3H  1
P24. . . . . . . . . . . . . . . . . .  ABSBIT   -----  BIT      00A4H  1
P15. . . . . . . . . . . . . . . . . .  ABSBIT   -----  BIT      0095H  1
P06. . . . . . . . . . . . . . . . . .  ABSBIT   -----  BIT      0086H  1
P70. . . . . . . . . . . . . . . . . .  ABSBIT   -----  BIT      00F8H  1
P61. . . . . . . . . . . . . . . . . .  ABSBIT   -----  BIT      00E9H  1
P52. . . . . . . . . . . . . . . . . .  ABSBIT   -----  BIT      00CAH  1
P43. . . . . . . . . . . . . . . . . .  ABSBIT   -----  BIT      00C3H  1
PLVD . . . . . . . . . . . . . . . . .  ABSBIT   -----  BIT      00BEH  1
P34. . . . . . . . . . . . . . . . . .  ABSBIT   -----  BIT      00B4H  1
P25. . . . . . . . . . . . . . . . . .  ABSBIT   -----  BIT      00A5H  1
P16. . . . . . . . . . . . . . . . . .  ABSBIT   -----  BIT      0096H  1
P07. . . . . . . . . . . . . . . . . .  ABSBIT   -----  BIT      0087H  1
P71. . . . . . . . . . . . . . . . . .  ABSBIT   -----  BIT      00F9H  1
P62. . . . . . . . . . . . . . . . . .  ABSBIT   -----  BIT      00EAH  1
P53. . . . . . . . . . . . . . . . . .  ABSBIT   -----  BIT      00CBH  1
P44. . . . . . . . . . . . . . . . . .  ABSBIT   -----  BIT      00C4H  1
P35. . . . . . . . . . . . . . . . . .  ABSBIT   -----  BIT      00B5H  1
P26. . . . . . . . . . . . . . . . . .  ABSBIT   -----  BIT      00A6H  1
P17. . . . . . . . . . . . . . . . . .  ABSBIT   -----  BIT      0097H  1
P72. . . . . . . . . . . . . . . . . .  ABSBIT   -----  BIT      00FAH  1
P63. . . . . . . . . . . . . . . . . .  ABSBIT   -----  BIT      00EBH  1
P54. . . . . . . . . . . . . . . . . .  ABSBIT   -----  BIT      00CCH  1
P45. . . . . . . . . . . . . . . . . .  ABSBIT   -----  BIT      00C5H  1
P36. . . . . . . . . . . . . . . . . .  ABSBIT   -----  BIT      00B6H  1
P27. . . . . . . . . . . . . . . . . .  ABSBIT   -----  BIT      00A7H  1
P73. . . . . . . . . . . . . . . . . .  ABSBIT   -----  BIT      00FBH  1
P64. . . . . . . . . . . . . . . . . .  ABSBIT   -----  BIT      00ECH  1
P55. . . . . . . . . . . . . . . . . .  ABSBIT   -----  BIT      00CDH  1
P46. . . . . . . . . . . . . . . . . .  ABSBIT   -----  BIT      00C6H  1
P37. . . . . . . . . . . . . . . . . .  ABSBIT   -----  BIT      00B7H  1
P74. . . . . . . . . . . . . . . . . .  ABSBIT   -----  BIT      00FCH  1
P65. . . . . . . . . . . . . . . . . .  ABSBIT   -----  BIT      00EDH  1
P56. . . . . . . . . . . . . . . . . .  ABSBIT   -----  BIT      00CEH  1
P47. . . . . . . . . . . . . . . . . .  ABSBIT   -----  BIT      00C7H  1
P75. . . . . . . . . . . . . . . . . .  ABSBIT   -----  BIT      00FDH  1
P66. . . . . . . . . . . . . . . . . .  ABSBIT   -----  BIT      00EEH  1
P57. . . . . . . . . . . . . . . . . .  ABSBIT   -----  BIT      00CFH  1
P76. . . . . . . . . . . . . . . . . .  ABSBIT   -----  BIT      00FEH  1
P67. . . . . . . . . . . . . . . . . .  ABSBIT   -----  BIT      00EFH  1
P77. . . . . . . . . . . . . . . . . .  ABSBIT   -----  BIT      00FFH  1
BUS_SPEED. . . . . . . . . . . . . . .  SFR      DATA   U_CHAR   00A1H  1
IE0. . . . . . . . . . . . . . . . . .  ABSBIT   -----  BIT      0089H  1
IE1. . . . . . . . . . . . . . . . . .  ABSBIT   -----  BIT      008BH  1
IE2. . . . . . . . . . . . . . . . . .  SFR      DATA   U_CHAR   00AFH  1
B. . . . . . . . . . . . . . . . . . .  SFR      DATA   U_CHAR   00F0H  1
AUXR . . . . . . . . . . . . . . . . .  SFR      DATA   U_CHAR   008EH  1
IAP_CONTR. . . . . . . . . . . . . . .  SFR      DATA   U_CHAR   00C7H  1
PWMCFG . . . . . . . . . . . . . . . .  SFR      DATA   U_CHAR   00F6H  1
ACC. . . . . . . . . . . . . . . . . .  SFR      DATA   U_CHAR   00E0H  1
ET0. . . . . . . . . . . . . . . . . .  ABSBIT   -----  BIT      00A9H  1
C51 COMPILER V9.60.0.0   MAIN                                                              12/09/2021 20:53:55 PAGE 12  

NAME                                    CLASS   MSPACE  TYPE    OFFSET  SIZE
====                                    =====   ======  ====    ======  ====


ET1. . . . . . . . . . . . . . . . . .  ABSBIT   -----  BIT      00ABH  1
TF0. . . . . . . . . . . . . . . . . .  ABSBIT   -----  BIT      008DH  1
RSTCFG . . . . . . . . . . . . . . . .  SFR      DATA   U_CHAR   00FFH  1
IP2. . . . . . . . . . . . . . . . . .  SFR      DATA   U_CHAR   00B5H  1
TF1. . . . . . . . . . . . . . . . . .  ABSBIT   -----  BIT      008FH  1
IP3. . . . . . . . . . . . . . . . . .  SFR      DATA   U_CHAR   00DFH  1
RB8. . . . . . . . . . . . . . . . . .  ABSBIT   -----  BIT      009AH  1
TH0. . . . . . . . . . . . . . . . . .  SFR      DATA   U_CHAR   008CH  1
EX0. . . . . . . . . . . . . . . . . .  ABSBIT   -----  BIT      00A8H  1
TH1. . . . . . . . . . . . . . . . . .  SFR      DATA   U_CHAR   008DH  1
IT0. . . . . . . . . . . . . . . . . .  ABSBIT   -----  BIT      0088H  1
T2H. . . . . . . . . . . . . . . . . .  SFR      DATA   U_CHAR   00D6H  1
EX1. . . . . . . . . . . . . . . . . .  ABSBIT   -----  BIT      00AAH  1
TB8. . . . . . . . . . . . . . . . . .  ABSBIT   -----  BIT      009BH  1
IT1. . . . . . . . . . . . . . . . . .  ABSBIT   -----  BIT      008AH  1
uint8_t. . . . . . . . . . . . . . . .  TYPEDEF  -----  U_CHAR   -----  1
T3H. . . . . . . . . . . . . . . . . .  SFR      DATA   U_CHAR   00D4H  1
P. . . . . . . . . . . . . . . . . . .  ABSBIT   -----  BIT      00D0H  1
T4H. . . . . . . . . . . . . . . . . .  SFR      DATA   U_CHAR   00D2H  1
SM0. . . . . . . . . . . . . . . . . .  ABSBIT   -----  BIT      009FH  1
TL0. . . . . . . . . . . . . . . . . .  SFR      DATA   U_CHAR   008AH  1
SM1. . . . . . . . . . . . . . . . . .  ABSBIT   -----  BIT      009EH  1
TL1. . . . . . . . . . . . . . . . . .  SFR      DATA   U_CHAR   008BH  1
T2L. . . . . . . . . . . . . . . . . .  SFR      DATA   U_CHAR   00D7H  1
SM2. . . . . . . . . . . . . . . . . .  ABSBIT   -----  BIT      009DH  1
T3L. . . . . . . . . . . . . . . . . .  SFR      DATA   U_CHAR   00D5H  1
T4L. . . . . . . . . . . . . . . . . .  SFR      DATA   U_CHAR   00D3H  1
PT0. . . . . . . . . . . . . . . . . .  ABSBIT   -----  BIT      00B9H  1
RS0. . . . . . . . . . . . . . . . . .  ABSBIT   -----  BIT      00D3H  1
PT1. . . . . . . . . . . . . . . . . .  ABSBIT   -----  BIT      00BBH  1
RS1. . . . . . . . . . . . . . . . . .  ABSBIT   -----  BIT      00D4H  1
IAP_DATA . . . . . . . . . . . . . . .  SFR      DATA   U_CHAR   00C2H  1
TR0. . . . . . . . . . . . . . . . . .  ABSBIT   -----  BIT      008CH  1
TR1. . . . . . . . . . . . . . . . . .  ABSBIT   -----  BIT      008EH  1
WDT_CONTR. . . . . . . . . . . . . . .  SFR      DATA   U_CHAR   00C1H  1
PX0. . . . . . . . . . . . . . . . . .  ABSBIT   -----  BIT      00B8H  1
int8_t . . . . . . . . . . . . . . . .  TYPEDEF  -----  CHAR     -----  1
PX1. . . . . . . . . . . . . . . . . .  ABSBIT   -----  BIT      00BAH  1
IRTRIM . . . . . . . . . . . . . . . .  SFR      DATA   U_CHAR   009FH  1
PCA_PWM0 . . . . . . . . . . . . . . .  SFR      DATA   U_CHAR   00F2H  1
PCA_PWM1 . . . . . . . . . . . . . . .  SFR      DATA   U_CHAR   00F3H  1
PCA_PWM2 . . . . . . . . . . . . . . .  SFR      DATA   U_CHAR   00F4H  1
DPH. . . . . . . . . . . . . . . . . .  SFR      DATA   U_CHAR   0083H  1
music_table_kiss_the_rain. . . . . . .  PUBLIC   CODE   ARRAY    0062H  79
T4T3M. . . . . . . . . . . . . . . . .  SFR      DATA   U_CHAR   00D1H  1
ADC_RESL . . . . . . . . . . . . . . .  SFR      DATA   U_CHAR   00BEH  1
DPL. . . . . . . . . . . . . . . . . .  SFR      DATA   U_CHAR   0082H  1
SPSTAT . . . . . . . . . . . . . . . .  SFR      DATA   U_CHAR   00CDH  1
IPH. . . . . . . . . . . . . . . . . .  SFR      DATA   U_CHAR   00B7H  1
PWMSET . . . . . . . . . . . . . . . .  SFR      DATA   U_CHAR   00F1H  1
S2BUF. . . . . . . . . . . . . . . . .  SFR      DATA   U_CHAR   009BH  1
S3BUF. . . . . . . . . . . . . . . . .  SFR      DATA   U_CHAR   00ADH  1
REN. . . . . . . . . . . . . . . . . .  ABSBIT   -----  BIT      009CH  1
S4BUF. . . . . . . . . . . . . . . . .  SFR      DATA   U_CHAR   0085H  1
S2CON. . . . . . . . . . . . . . . . .  SFR      DATA   U_CHAR   009AH  1
DPS. . . . . . . . . . . . . . . . . .  SFR      DATA   U_CHAR   00E3H  1
S3CON. . . . . . . . . . . . . . . . .  SFR      DATA   U_CHAR   00ACH  1
C51 COMPILER V9.60.0.0   MAIN                                                              12/09/2021 20:53:55 PAGE 13  

NAME                                    CLASS   MSPACE  TYPE    OFFSET  SIZE
====                                    =====   ======  ====    ======  ====


S4CON. . . . . . . . . . . . . . . . .  SFR      DATA   U_CHAR   0084H  1
AUXINTIF . . . . . . . . . . . . . . .  SFR      DATA   U_CHAR   00EFH  1
SADEN. . . . . . . . . . . . . . . . .  SFR      DATA   U_CHAR   00B9H  1
Timer0_Rountine. . . . . . . . . . . .  PUBLIC   CODE   PROC     0000H  -----
SADDR. . . . . . . . . . . . . . . . .  SFR      DATA   U_CHAR   00A9H  1
IAP_TRIG . . . . . . . . . . . . . . .  SFR      DATA   U_CHAR   00C6H  1
music_table_select . . . . . . . . . .  PUBLIC   DATA   U_CHAR   0001H  1
F0 . . . . . . . . . . . . . . . . . .  ABSBIT   -----  BIT      00D5H  1
IRCBAND. . . . . . . . . . . . . . . .  SFR      DATA   U_CHAR   009DH  1
PSW. . . . . . . . . . . . . . . . . .  SFR      DATA   U_CHAR   00D0H  1
uint32_t . . . . . . . . . . . . . . .  TYPEDEF  -----  U_LONG   -----  4
CCF0 . . . . . . . . . . . . . . . . .  ABSBIT   -----  BIT      00D8H  1
CCF1 . . . . . . . . . . . . . . . . .  ABSBIT   -----  BIT      00D9H  1
SPDAT. . . . . . . . . . . . . . . . .  SFR      DATA   U_CHAR   00CFH  1
P0M0 . . . . . . . . . . . . . . . . .  SFR      DATA   U_CHAR   0094H  1


MODULE INFORMATION:   STATIC OVERLAYABLE
   CODE SIZE        =    216    ----
   CONSTANT SIZE    =    206    ----
   XDATA SIZE       =   ----    ----
   PDATA SIZE       =   ----    ----
   DATA SIZE        =      2    ----
   IDATA SIZE       =   ----    ----
   BIT SIZE         =   ----    ----
   EDATA SIZE       =   ----    ----
   HDATA SIZE       =   ----    ----
   XDATA CONST SIZE =   ----    ----
   FAR CONST SIZE   =   ----    ----
END OF MODULE INFORMATION.


C51 COMPILATION COMPLETE.  0 WARNING(S),  0 ERROR(S)
