C51 COMPILER V9.60.0.0   MAIN                                                              12/06/2021 00:05:27 PAGE 1   


C51 COMPILER V9.60.0.0, COMPILATION OF MODULE MAIN
OBJECT MODULE PLACED IN .\build\template\main.o
COMPILER INVOKED BY: C:\Keil_v5\C51\BIN\C51.exe .\USER\MAIN.C PRINT(.\build\template\main.lst) OMF2 TABS(4) CODE NOCOND 
                    -SYMBOLS OPTIMIZE(8,SPEED) SMALL ROM(LARGE) INCDIR(C:\Keil_v5\C51\INC\STC;C:\Keil_v5\C51\INC) DEFINE(__UVISION_VERSION=52
                    -6) OBJECT(.\build\template\main.o)

line level    source

   1          #include "main.h"
   2          
   3          #include "Timer0.h"
   4          #include "IndivBtn.h"
   5          #include "LCD1602.h"
   6          
   7          uint8_t HR = 23;
   8          uint8_t MN = 58;
   9          uint8_t SE = 50;
  10          
  11          void Timer0_Rountine() interrupt 1
  12          {
  13   1        static uint16_t T0Count = 0;
  14   1        TL0 = 0x5A; //设置定时初始值
  15   1        TH0 = 0xF1; //设置定时初始值
  16   1        T0Count++;
  17   1        if (T0Count >= 1000)
  18   1        {
  19   2          T0Count = 0;
  20   2      
  21   2          SE++;
  22   2          if (SE==60)
  23   2          {
  24   3            SE=0;
  25   3            MN++;
  26   3            if (MN==60)
  27   3            {
  28   4              MN=0;
  29   4              HR++;
  30   4              if (HR==24)
  31   4              {
  32   5                HR=0;
  33   5                /* code */
  34   5              }
  35   4              
  36   4              /* code */
  37   4            }
  38   3            
  39   3            /* code */
  40   3          }
  41   2          
  42   2        }
  43   1      }
  44          
  45          
  46          
  47          void main()
  48          {
  49   1        init_all_gpio_to_std8051_status();
  50   1        Timer0_Init();
  51   1        LCD_Init();
  52   1      
  53   1        while (1)
C51 COMPILER V9.60.0.0   MAIN                                                              12/06/2021 00:05:27 PAGE 2   

  54   1        {
  55   2          LCD_ShowString(1, 1, "Clock:");
  56   2          LCD_ShowNum(2, 1, HR, 2);
  57   2          LCD_ShowChar(2, 3, ':');
  58   2          LCD_ShowNum(2, 4, MN, 2);
  59   2          LCD_ShowChar(2, 6, ':');
  60   2          LCD_ShowNum(2, 7, SE, 2);
  61   2        }
  62   1      }
C51 COMPILER V9.60.0.0   MAIN                                                              12/06/2021 00:05:27 PAGE 3   

ASSEMBLY LISTING OF GENERATED OBJECT CODE


             ; FUNCTION init_all_gpio_to_std8051_status (BEGIN)
                                           ; SOURCE LINE # 24
                                           ; SOURCE LINE # 25
                                           ; SOURCE LINE # 26
0000 E4                CLR     A
0001 F594              MOV     P0M0,A
                                           ; SOURCE LINE # 27
0003 F593              MOV     P0M1,A
                                           ; SOURCE LINE # 28
0005 F592              MOV     P1M0,A
                                           ; SOURCE LINE # 29
0007 F591              MOV     P1M1,A
                                           ; SOURCE LINE # 30
0009 F596              MOV     P2M0,A
                                           ; SOURCE LINE # 31
000B F595              MOV     P2M1,A
                                           ; SOURCE LINE # 32
000D F5B2              MOV     P3M0,A
                                           ; SOURCE LINE # 33
000F F5B1              MOV     P3M1,A
                                           ; SOURCE LINE # 34
0011 F5B4              MOV     P4M0,A
                                           ; SOURCE LINE # 35
0013 F5B3              MOV     P4M1,A
                                           ; SOURCE LINE # 36
0015 F5CA              MOV     P5M0,A
                                           ; SOURCE LINE # 37
0017 F5C9              MOV     P5M1,A
                                           ; SOURCE LINE # 38
0019 F5CC              MOV     P6M0,A
                                           ; SOURCE LINE # 39
001B F5CB              MOV     P6M1,A
                                           ; SOURCE LINE # 40
001D F5E2              MOV     P7M0,A
                                           ; SOURCE LINE # 41
001F F5E1              MOV     P7M1,A
                                           ; SOURCE LINE # 42
0021 22                RET     
             ; FUNCTION init_all_gpio_to_std8051_status (END)

             ; FUNCTION L?0031 (BEGIN)
0000         L?0032:
0000 7F14              MOV     R7,#014H
0002 7E00              MOV     R6,#00H
             ; FUNCTION _Delay_ms (BEGIN)
                                           ; SOURCE LINE # 44
;---- Variable 'xms' assigned to Register 'R6/R7' ----
                                           ; SOURCE LINE # 45
0004         ?C0002:
                                           ; SOURCE LINE # 47
0004 EF                MOV     A,R7
0005 1F                DEC     R7
0006 AC06              MOV     R4,AR6
0008 7001              JNZ     ?C0029
000A 1E                DEC     R6
000B         ?C0029:
000B 4C                ORL     A,R4
000C 600A              JZ      ?C0009
                                           ; SOURCE LINE # 48
C51 COMPILER V9.60.0.0   MAIN                                                              12/06/2021 00:05:27 PAGE 4   

                                           ; SOURCE LINE # 51
;---- Variable 'i' assigned to Register 'R5' ----
000E 7D3C              MOV     R5,#03CH
                                           ; SOURCE LINE # 52
;---- Variable 'j' assigned to Register 'R4' ----
0010 7C93              MOV     R4,#093H
                                           ; SOURCE LINE # 54
0012         ?C0007:
                                           ; SOURCE LINE # 55
0012 DCFE              DJNZ    R4,?C0007
                                           ; SOURCE LINE # 57
0014 DDFC              DJNZ    R5,?C0007
                                           ; SOURCE LINE # 59
0016 80EC              SJMP    ?C0002
                                           ; SOURCE LINE # 60
0018         ?C0009:
0018 22                RET     
             ; FUNCTION _Delay_ms (END)

             ; FUNCTION Timer0_Init (BEGIN)
                                           ; SOURCE LINE # 11
                                           ; SOURCE LINE # 12
                                           ; SOURCE LINE # 13
0000 538E7F            ANL     AUXR,#07FH
                                           ; SOURCE LINE # 15
0003 5389F0            ANL     TMOD,#0F0H
                                           ; SOURCE LINE # 16
0006 438901            ORL     TMOD,#01H
                                           ; SOURCE LINE # 17
0009 C28D              CLR     TF0
                                           ; SOURCE LINE # 18
000B D28C              SETB    TR0
                                           ; SOURCE LINE # 19
000D 758A5A            MOV     TL0,#05AH
                                           ; SOURCE LINE # 20
0010 758CF1            MOV     TH0,#0F1H
                                           ; SOURCE LINE # 22
0013 D2A9              SETB    ET0
                                           ; SOURCE LINE # 23
0015 D2AF              SETB    EA
                                           ; SOURCE LINE # 24
0017 C2B9              CLR     PT0
                                           ; SOURCE LINE # 25
0019 22                RET     
             ; FUNCTION Timer0_Init (END)

             ; FUNCTION Get_key_num (BEGIN)
                                           ; SOURCE LINE # 11
                                           ; SOURCE LINE # 12
                                           ; SOURCE LINE # 13
;---- Variable 'key_num' assigned to Register 'R3' ----
0000 E4                CLR     A
0001 FB                MOV     R3,A
                                           ; SOURCE LINE # 14
0002 20E80E            JB      P60,?C0011
0005 7F14              MOV     R7,#014H
0007 FE                MOV     R6,A
0008 120000      R     LCALL   _Delay_ms
000B         ?C0012:
000B 30E8FD            JNB     P60,?C0012
000E 120000      R     LCALL   L?0031
0011 7B01              MOV     R3,#01H
C51 COMPILER V9.60.0.0   MAIN                                                              12/06/2021 00:05:27 PAGE 5   

0013         ?C0011:
                                           ; SOURCE LINE # 15
0013 20E90B            JB      P61,?C0014
0016 120000      R     LCALL   L?0031
0019         ?C0015:
0019 30E9FD            JNB     P61,?C0015
001C 120000      R     LCALL   L?0032
001F 7B02              MOV     R3,#02H
0021         ?C0014:
                                           ; SOURCE LINE # 16
0021 20EA0B            JB      P62,?C0017
0024 120000      R     LCALL   L?0032
0027         ?C0018:
0027 30EAFD            JNB     P62,?C0018
002A 120000      R     LCALL   L?0032
002D 7B03              MOV     R3,#03H
002F         ?C0017:
                                           ; SOURCE LINE # 18
002F AF03              MOV     R7,AR3
                                           ; SOURCE LINE # 19
0031 22                RET     
             ; FUNCTION Get_key_num (END)

             ; FUNCTION Timer0_Rountine (BEGIN)
0000 C0E0              PUSH    ACC
0002 C0D0              PUSH    PSW
                                           ; SOURCE LINE # 11
                                           ; SOURCE LINE # 14
0004 758A5A            MOV     TL0,#05AH
                                           ; SOURCE LINE # 15
0007 758CF1            MOV     TH0,#0F1H
                                           ; SOURCE LINE # 16
000A 0500        R     INC     T0Count+01H
000C E500        R     MOV     A,T0Count+01H
000E 7002              JNZ     ?C0030
0010 0500        R     INC     T0Count
0012         ?C0030:
                                           ; SOURCE LINE # 17
0012 C3                CLR     C
0013 94E8              SUBB    A,#0E8H
0015 E500        R     MOV     A,T0Count
0017 9403              SUBB    A,#03H
0019 4024              JC      ?C0025
                                           ; SOURCE LINE # 18
                                           ; SOURCE LINE # 19
001B 750000      R     MOV     T0Count,#00H
001E 750000      R     MOV     T0Count+01H,#00H
                                           ; SOURCE LINE # 21
0021 0500        R     INC     SE
                                           ; SOURCE LINE # 22
0023 E500        R     MOV     A,SE
0025 643C              XRL     A,#03CH
0027 7016              JNZ     ?C0025
                                           ; SOURCE LINE # 23
                                           ; SOURCE LINE # 24
0029 F500        R     MOV     SE,A
                                           ; SOURCE LINE # 25
002B 0500        R     INC     MN
                                           ; SOURCE LINE # 26
002D E500        R     MOV     A,MN
002F 643C              XRL     A,#03CH
0031 700C              JNZ     ?C0025
C51 COMPILER V9.60.0.0   MAIN                                                              12/06/2021 00:05:27 PAGE 6   

                                           ; SOURCE LINE # 27
                                           ; SOURCE LINE # 28
0033 F500        R     MOV     MN,A
                                           ; SOURCE LINE # 29
0035 0500        R     INC     HR
                                           ; SOURCE LINE # 30
0037 E500        R     MOV     A,HR
0039 6418              XRL     A,#018H
003B 7002              JNZ     ?C0025
                                           ; SOURCE LINE # 31
                                           ; SOURCE LINE # 32
003D F500        R     MOV     HR,A
                                           ; SOURCE LINE # 34
                                           ; SOURCE LINE # 37
                                           ; SOURCE LINE # 40
                                           ; SOURCE LINE # 42
                                           ; SOURCE LINE # 43
003F         ?C0025:
003F D0D0              POP     PSW
0041 D0E0              POP     ACC
0043 32                RETI    
             ; FUNCTION Timer0_Rountine (END)

             ; FUNCTION main (BEGIN)
                                           ; SOURCE LINE # 47
                                           ; SOURCE LINE # 48
                                           ; SOURCE LINE # 49
0000 120000      R     LCALL   init_all_gpio_to_std8051_status
                                           ; SOURCE LINE # 50
0003 120000      R     LCALL   Timer0_Init
                                           ; SOURCE LINE # 51
0006 120000      E     LCALL   LCD_Init
0009         ?C0026:
                                           ; SOURCE LINE # 53
                                           ; SOURCE LINE # 54
                                           ; SOURCE LINE # 55
0009 7BFF              MOV     R3,#0FFH
000B 7A00        R     MOV     R2,#HIGH ?SC_0
000D 7900        R     MOV     R1,#LOW ?SC_0
000F 7D01              MOV     R5,#01H
0011 7F01              MOV     R7,#01H
0013 120000      E     LCALL   _LCD_ShowString
                                           ; SOURCE LINE # 56
0016 E500        R     MOV     A,HR
0018 FB                MOV     R3,A
0019 7A00              MOV     R2,#00H
001B 750002      E     MOV     ?_LCD_ShowNum?BYTE+04H,#02H
001E 7D01              MOV     R5,#01H
0020 7F02              MOV     R7,#02H
0022 120000      E     LCALL   _LCD_ShowNum
                                           ; SOURCE LINE # 57
0025 7B3A              MOV     R3,#03AH
0027 7D03              MOV     R5,#03H
0029 7F02              MOV     R7,#02H
002B 120000      E     LCALL   _LCD_ShowChar
                                           ; SOURCE LINE # 58
002E E500        R     MOV     A,MN
0030 FB                MOV     R3,A
0031 7A00              MOV     R2,#00H
0033 750002      E     MOV     ?_LCD_ShowNum?BYTE+04H,#02H
0036 7D04              MOV     R5,#04H
0038 7F02              MOV     R7,#02H
C51 COMPILER V9.60.0.0   MAIN                                                              12/06/2021 00:05:27 PAGE 7   

003A 120000      E     LCALL   _LCD_ShowNum
                                           ; SOURCE LINE # 59
003D 7B3A              MOV     R3,#03AH
003F 7D06              MOV     R5,#06H
0041 7F02              MOV     R7,#02H
0043 120000      E     LCALL   _LCD_ShowChar
                                           ; SOURCE LINE # 60
0046 E500        R     MOV     A,SE
0048 FB                MOV     R3,A
0049 7A00              MOV     R2,#00H
004B 750002      E     MOV     ?_LCD_ShowNum?BYTE+04H,#02H
004E 7D07              MOV     R5,#07H
0050 7F02              MOV     R7,#02H
0052 120000      E     LCALL   _LCD_ShowNum
                                           ; SOURCE LINE # 61
0055 80B2              SJMP    ?C0026
             ; FUNCTION main (END)

C51 COMPILER V9.60.0.0   MAIN                                                              12/06/2021 00:05:27 PAGE 8   

NAME                                    CLASS   MSPACE  TYPE    OFFSET  SIZE
====                                    =====   ======  ====    ======  ====


Get_key_num. . . . . . . . . . . . . .  PUBLIC   CODE   PROC     0000H  -----
  key_num. . . . . . . . . . . . . . .  * REG *  DATA   U_CHAR   0003H  1
uint16_t . . . . . . . . . . . . . . .  TYPEDEF  -----  U_INT    -----  2
CCF2 . . . . . . . . . . . . . . . . .  ABSBIT   -----  BIT      00DAH  1
P0M1 . . . . . . . . . . . . . . . . .  SFR      DATA   U_CHAR   0093H  1
P1M0 . . . . . . . . . . . . . . . . .  SFR      DATA   U_CHAR   0092H  1
CCF3 . . . . . . . . . . . . . . . . .  ABSBIT   -----  BIT      00DBH  1
P2M0 . . . . . . . . . . . . . . . . .  SFR      DATA   U_CHAR   0096H  1
P1M1 . . . . . . . . . . . . . . . . .  SFR      DATA   U_CHAR   0091H  1
P0 . . . . . . . . . . . . . . . . . .  SFR      DATA   U_CHAR   0080H  1
P3M0 . . . . . . . . . . . . . . . . .  SFR      DATA   U_CHAR   00B2H  1
P2M1 . . . . . . . . . . . . . . . . .  SFR      DATA   U_CHAR   0095H  1
P1 . . . . . . . . . . . . . . . . . .  SFR      DATA   U_CHAR   0090H  1
P4M0 . . . . . . . . . . . . . . . . .  SFR      DATA   U_CHAR   00B4H  1
P3M1 . . . . . . . . . . . . . . . . .  SFR      DATA   U_CHAR   00B1H  1
P2 . . . . . . . . . . . . . . . . . .  SFR      DATA   U_CHAR   00A0H  1
P5M0 . . . . . . . . . . . . . . . . .  SFR      DATA   U_CHAR   00CAH  1
P4M1 . . . . . . . . . . . . . . . . .  SFR      DATA   U_CHAR   00B3H  1
P3 . . . . . . . . . . . . . . . . . .  SFR      DATA   U_CHAR   00B0H  1
WKTCH. . . . . . . . . . . . . . . . .  SFR      DATA   U_CHAR   00ABH  1
AC . . . . . . . . . . . . . . . . . .  ABSBIT   -----  BIT      00D6H  1
P6M0 . . . . . . . . . . . . . . . . .  SFR      DATA   U_CHAR   00CCH  1
P5M1 . . . . . . . . . . . . . . . . .  SFR      DATA   U_CHAR   00C9H  1
P4 . . . . . . . . . . . . . . . . . .  SFR      DATA   U_CHAR   00C0H  1
P7M0 . . . . . . . . . . . . . . . . .  SFR      DATA   U_CHAR   00E2H  1
P6M1 . . . . . . . . . . . . . . . . .  SFR      DATA   U_CHAR   00CBH  1
P5 . . . . . . . . . . . . . . . . . .  SFR      DATA   U_CHAR   00C8H  1
P6 . . . . . . . . . . . . . . . . . .  SFR      DATA   U_CHAR   00E8H  1
P7M1 . . . . . . . . . . . . . . . . .  SFR      DATA   U_CHAR   00E1H  1
EA . . . . . . . . . . . . . . . . . .  ABSBIT   -----  BIT      00AFH  1
int32_t. . . . . . . . . . . . . . . .  TYPEDEF  -----  LONG     -----  4
P7 . . . . . . . . . . . . . . . . . .  SFR      DATA   U_CHAR   00F8H  1
WKTCL. . . . . . . . . . . . . . . . .  SFR      DATA   U_CHAR   00AAH  1
SPCTL. . . . . . . . . . . . . . . . .  SFR      DATA   U_CHAR   00CEH  1
int16_t. . . . . . . . . . . . . . . .  TYPEDEF  -----  INT      -----  2
CF . . . . . . . . . . . . . . . . . .  ABSBIT   -----  BIT      00DFH  1
_LCD_ShowNum . . . . . . . . . . . . .  EXTERN   CODE   PROC     -----  -----
CH . . . . . . . . . . . . . . . . . .  SFR      DATA   U_CHAR   00F9H  1
P_SW1. . . . . . . . . . . . . . . . .  SFR      DATA   U_CHAR   00A2H  1
P_SW2. . . . . . . . . . . . . . . . .  SFR      DATA   U_CHAR   00BAH  1
DPH1 . . . . . . . . . . . . . . . . .  SFR      DATA   U_CHAR   00E5H  1
EADC . . . . . . . . . . . . . . . . .  ABSBIT   -----  BIT      00ADH  1
IE . . . . . . . . . . . . . . . . . .  SFR      DATA   U_CHAR   00A8H  1
CL . . . . . . . . . . . . . . . . . .  SFR      DATA   U_CHAR   00E9H  1
IAP_CMD. . . . . . . . . . . . . . . .  SFR      DATA   U_CHAR   00C5H  1
CCAP0H . . . . . . . . . . . . . . . .  SFR      DATA   U_CHAR   00FAH  1
size_t . . . . . . . . . . . . . . . .  TYPEDEF  -----  U_INT    -----  2
CCAP1H . . . . . . . . . . . . . . . .  SFR      DATA   U_CHAR   00FBH  1
DPL1 . . . . . . . . . . . . . . . . .  SFR      DATA   U_CHAR   00E4H  1
CCAP2H . . . . . . . . . . . . . . . .  SFR      DATA   U_CHAR   00FCH  1
ADC_RES. . . . . . . . . . . . . . . .  SFR      DATA   U_CHAR   00BDH  1
IP2H . . . . . . . . . . . . . . . . .  SFR      DATA   U_CHAR   00B6H  1
IP3H . . . . . . . . . . . . . . . . .  SFR      DATA   U_CHAR   00EEH  1
CCAP0L . . . . . . . . . . . . . . . .  SFR      DATA   U_CHAR   00EAH  1
CR . . . . . . . . . . . . . . . . . .  ABSBIT   -----  BIT      00DEH  1
TA . . . . . . . . . . . . . . . . . .  SFR      DATA   U_CHAR   00AEH  1
CCAP1L . . . . . . . . . . . . . . . .  SFR      DATA   U_CHAR   00EBH  1
C51 COMPILER V9.60.0.0   MAIN                                                              12/06/2021 00:05:27 PAGE 9   

NAME                                    CLASS   MSPACE  TYPE    OFFSET  SIZE
====                                    =====   ======  ====    ======  ====


CCAPM0 . . . . . . . . . . . . . . . .  SFR      DATA   U_CHAR   00DAH  1
CCAP2L . . . . . . . . . . . . . . . .  SFR      DATA   U_CHAR   00ECH  1
CCAPM1 . . . . . . . . . . . . . . . .  SFR      DATA   U_CHAR   00DBH  1
INTCLKO. . . . . . . . . . . . . . . .  SFR      DATA   U_CHAR   008FH  1
SE . . . . . . . . . . . . . . . . . .  PUBLIC   DATA   U_CHAR   0002H  1
CCAPM2 . . . . . . . . . . . . . . . .  SFR      DATA   U_CHAR   00DCH  1
ES . . . . . . . . . . . . . . . . . .  ABSBIT   -----  BIT      00ACH  1
PADC . . . . . . . . . . . . . . . . .  ABSBIT   -----  BIT      00BDH  1
IP . . . . . . . . . . . . . . . . . .  SFR      DATA   U_CHAR   00B8H  1
HR . . . . . . . . . . . . . . . . . .  PUBLIC   DATA   U_CHAR   0003H  1
ADCCFG . . . . . . . . . . . . . . . .  SFR      DATA   U_CHAR   00DEH  1
MN . . . . . . . . . . . . . . . . . .  PUBLIC   DATA   U_CHAR   0004H  1
RI . . . . . . . . . . . . . . . . . .  ABSBIT   -----  BIT      0098H  1
CY . . . . . . . . . . . . . . . . . .  ABSBIT   -----  BIT      00D7H  1
TI . . . . . . . . . . . . . . . . . .  ABSBIT   -----  BIT      0099H  1
IAP_ADDRH. . . . . . . . . . . . . . .  SFR      DATA   U_CHAR   00C3H  1
PS . . . . . . . . . . . . . . . . . .  ABSBIT   -----  BIT      00BCH  1
SP . . . . . . . . . . . . . . . . . .  SFR      DATA   U_CHAR   0081H  1
CMOD . . . . . . . . . . . . . . . . .  SFR      DATA   U_CHAR   00D9H  1
CCON . . . . . . . . . . . . . . . . .  SFR      DATA   U_CHAR   00D8H  1
IAP_ADDRL. . . . . . . . . . . . . . .  SFR      DATA   U_CHAR   00C4H  1
OV . . . . . . . . . . . . . . . . . .  ABSBIT   -----  BIT      00D2H  1
PPCA . . . . . . . . . . . . . . . . .  ABSBIT   -----  BIT      00BFH  1
LIRTRIM. . . . . . . . . . . . . . . .  SFR      DATA   U_CHAR   009EH  1
main . . . . . . . . . . . . . . . . .  PUBLIC   CODE   PROC     0000H  -----
CMPCR1 . . . . . . . . . . . . . . . .  SFR      DATA   U_CHAR   00E6H  1
CMPCR2 . . . . . . . . . . . . . . . .  SFR      DATA   U_CHAR   00E7H  1
Timer0_Init. . . . . . . . . . . . . .  PUBLIC   CODE   PROC     0000H  -----
ELVD . . . . . . . . . . . . . . . . .  ABSBIT   -----  BIT      00AEH  1
init_all_gpio_to_std8051_status. . . .  PUBLIC   CODE   PROC     0000H  -----
P00. . . . . . . . . . . . . . . . . .  ABSBIT   -----  BIT      0080H  1
ADC_CONTR. . . . . . . . . . . . . . .  SFR      DATA   U_CHAR   00BCH  1
SBUF . . . . . . . . . . . . . . . . .  SFR      DATA   U_CHAR   0099H  1
P10. . . . . . . . . . . . . . . . . .  ABSBIT   -----  BIT      0090H  1
PCON . . . . . . . . . . . . . . . . .  SFR      DATA   U_CHAR   0087H  1
P01. . . . . . . . . . . . . . . . . .  ABSBIT   -----  BIT      0081H  1
P20. . . . . . . . . . . . . . . . . .  ABSBIT   -----  BIT      00A0H  1
P11. . . . . . . . . . . . . . . . . .  ABSBIT   -----  BIT      0091H  1
P02. . . . . . . . . . . . . . . . . .  ABSBIT   -----  BIT      0082H  1
_Delay_ms. . . . . . . . . . . . . . .  PUBLIC   CODE   PROC     0004H  -----
  xms. . . . . . . . . . . . . . . . .  * REG *  DATA   U_INT    0006H  2
  i. . . . . . . . . . . . . . . . . .  * REG *  DATA   U_CHAR   0005H  1
  j. . . . . . . . . . . . . . . . . .  * REG *  DATA   U_CHAR   0004H  1
IAP_TPS. . . . . . . . . . . . . . . .  SFR      DATA   U_CHAR   00F5H  1
P30. . . . . . . . . . . . . . . . . .  ABSBIT   -----  BIT      00B0H  1
P21. . . . . . . . . . . . . . . . . .  ABSBIT   -----  BIT      00A1H  1
P12. . . . . . . . . . . . . . . . . .  ABSBIT   -----  BIT      0092H  1
P03. . . . . . . . . . . . . . . . . .  ABSBIT   -----  BIT      0083H  1
P40. . . . . . . . . . . . . . . . . .  ABSBIT   -----  BIT      00C0H  1
P31. . . . . . . . . . . . . . . . . .  ABSBIT   -----  BIT      00B1H  1
P22. . . . . . . . . . . . . . . . . .  ABSBIT   -----  BIT      00A2H  1
SCON . . . . . . . . . . . . . . . . .  SFR      DATA   U_CHAR   0098H  1
P13. . . . . . . . . . . . . . . . . .  ABSBIT   -----  BIT      0093H  1
P04. . . . . . . . . . . . . . . . . .  ABSBIT   -----  BIT      0084H  1
P50. . . . . . . . . . . . . . . . . .  ABSBIT   -----  BIT      00C8H  1
P41. . . . . . . . . . . . . . . . . .  ABSBIT   -----  BIT      00C1H  1
P32. . . . . . . . . . . . . . . . . .  ABSBIT   -----  BIT      00B2H  1
C51 COMPILER V9.60.0.0   MAIN                                                              12/06/2021 00:05:27 PAGE 10  

NAME                                    CLASS   MSPACE  TYPE    OFFSET  SIZE
====                                    =====   ======  ====    ======  ====


P23. . . . . . . . . . . . . . . . . .  ABSBIT   -----  BIT      00A3H  1
P14. . . . . . . . . . . . . . . . . .  ABSBIT   -----  BIT      0094H  1
TMOD . . . . . . . . . . . . . . . . .  SFR      DATA   U_CHAR   0089H  1
TCON . . . . . . . . . . . . . . . . .  SFR      DATA   U_CHAR   0088H  1
P05. . . . . . . . . . . . . . . . . .  ABSBIT   -----  BIT      0085H  1
P60. . . . . . . . . . . . . . . . . .  ABSBIT   -----  BIT      00E8H  1
P51. . . . . . . . . . . . . . . . . .  ABSBIT   -----  BIT      00C9H  1
P42. . . . . . . . . . . . . . . . . .  ABSBIT   -----  BIT      00C2H  1
P33. . . . . . . . . . . . . . . . . .  ABSBIT   -----  BIT      00B3H  1
P24. . . . . . . . . . . . . . . . . .  ABSBIT   -----  BIT      00A4H  1
P15. . . . . . . . . . . . . . . . . .  ABSBIT   -----  BIT      0095H  1
P06. . . . . . . . . . . . . . . . . .  ABSBIT   -----  BIT      0086H  1
P70. . . . . . . . . . . . . . . . . .  ABSBIT   -----  BIT      00F8H  1
P61. . . . . . . . . . . . . . . . . .  ABSBIT   -----  BIT      00E9H  1
P52. . . . . . . . . . . . . . . . . .  ABSBIT   -----  BIT      00CAH  1
P43. . . . . . . . . . . . . . . . . .  ABSBIT   -----  BIT      00C3H  1
PLVD . . . . . . . . . . . . . . . . .  ABSBIT   -----  BIT      00BEH  1
P34. . . . . . . . . . . . . . . . . .  ABSBIT   -----  BIT      00B4H  1
P25. . . . . . . . . . . . . . . . . .  ABSBIT   -----  BIT      00A5H  1
P16. . . . . . . . . . . . . . . . . .  ABSBIT   -----  BIT      0096H  1
P07. . . . . . . . . . . . . . . . . .  ABSBIT   -----  BIT      0087H  1
P71. . . . . . . . . . . . . . . . . .  ABSBIT   -----  BIT      00F9H  1
P62. . . . . . . . . . . . . . . . . .  ABSBIT   -----  BIT      00EAH  1
P53. . . . . . . . . . . . . . . . . .  ABSBIT   -----  BIT      00CBH  1
P44. . . . . . . . . . . . . . . . . .  ABSBIT   -----  BIT      00C4H  1
P35. . . . . . . . . . . . . . . . . .  ABSBIT   -----  BIT      00B5H  1
P26. . . . . . . . . . . . . . . . . .  ABSBIT   -----  BIT      00A6H  1
P17. . . . . . . . . . . . . . . . . .  ABSBIT   -----  BIT      0097H  1
P72. . . . . . . . . . . . . . . . . .  ABSBIT   -----  BIT      00FAH  1
P63. . . . . . . . . . . . . . . . . .  ABSBIT   -----  BIT      00EBH  1
P54. . . . . . . . . . . . . . . . . .  ABSBIT   -----  BIT      00CCH  1
P45. . . . . . . . . . . . . . . . . .  ABSBIT   -----  BIT      00C5H  1
P36. . . . . . . . . . . . . . . . . .  ABSBIT   -----  BIT      00B6H  1
P27. . . . . . . . . . . . . . . . . .  ABSBIT   -----  BIT      00A7H  1
P73. . . . . . . . . . . . . . . . . .  ABSBIT   -----  BIT      00FBH  1
P64. . . . . . . . . . . . . . . . . .  ABSBIT   -----  BIT      00ECH  1
P55. . . . . . . . . . . . . . . . . .  ABSBIT   -----  BIT      00CDH  1
P46. . . . . . . . . . . . . . . . . .  ABSBIT   -----  BIT      00C6H  1
P37. . . . . . . . . . . . . . . . . .  ABSBIT   -----  BIT      00B7H  1
P74. . . . . . . . . . . . . . . . . .  ABSBIT   -----  BIT      00FCH  1
P65. . . . . . . . . . . . . . . . . .  ABSBIT   -----  BIT      00EDH  1
P56. . . . . . . . . . . . . . . . . .  ABSBIT   -----  BIT      00CEH  1
P47. . . . . . . . . . . . . . . . . .  ABSBIT   -----  BIT      00C7H  1
P75. . . . . . . . . . . . . . . . . .  ABSBIT   -----  BIT      00FDH  1
P66. . . . . . . . . . . . . . . . . .  ABSBIT   -----  BIT      00EEH  1
P57. . . . . . . . . . . . . . . . . .  ABSBIT   -----  BIT      00CFH  1
P76. . . . . . . . . . . . . . . . . .  ABSBIT   -----  BIT      00FEH  1
P67. . . . . . . . . . . . . . . . . .  ABSBIT   -----  BIT      00EFH  1
P77. . . . . . . . . . . . . . . . . .  ABSBIT   -----  BIT      00FFH  1
BUS_SPEED. . . . . . . . . . . . . . .  SFR      DATA   U_CHAR   00A1H  1
IE0. . . . . . . . . . . . . . . . . .  ABSBIT   -----  BIT      0089H  1
IE1. . . . . . . . . . . . . . . . . .  ABSBIT   -----  BIT      008BH  1
IE2. . . . . . . . . . . . . . . . . .  SFR      DATA   U_CHAR   00AFH  1
B. . . . . . . . . . . . . . . . . . .  SFR      DATA   U_CHAR   00F0H  1
AUXR . . . . . . . . . . . . . . . . .  SFR      DATA   U_CHAR   008EH  1
IAP_CONTR. . . . . . . . . . . . . . .  SFR      DATA   U_CHAR   00C7H  1
PWMCFG . . . . . . . . . . . . . . . .  SFR      DATA   U_CHAR   00F6H  1
C51 COMPILER V9.60.0.0   MAIN                                                              12/06/2021 00:05:27 PAGE 11  

NAME                                    CLASS   MSPACE  TYPE    OFFSET  SIZE
====                                    =====   ======  ====    ======  ====


ACC. . . . . . . . . . . . . . . . . .  SFR      DATA   U_CHAR   00E0H  1
ET0. . . . . . . . . . . . . . . . . .  ABSBIT   -----  BIT      00A9H  1
LCD_Init . . . . . . . . . . . . . . .  EXTERN   CODE   PROC     -----  -----
ET1. . . . . . . . . . . . . . . . . .  ABSBIT   -----  BIT      00ABH  1
TF0. . . . . . . . . . . . . . . . . .  ABSBIT   -----  BIT      008DH  1
RSTCFG . . . . . . . . . . . . . . . .  SFR      DATA   U_CHAR   00FFH  1
IP2. . . . . . . . . . . . . . . . . .  SFR      DATA   U_CHAR   00B5H  1
TF1. . . . . . . . . . . . . . . . . .  ABSBIT   -----  BIT      008FH  1
IP3. . . . . . . . . . . . . . . . . .  SFR      DATA   U_CHAR   00DFH  1
RB8. . . . . . . . . . . . . . . . . .  ABSBIT   -----  BIT      009AH  1
TH0. . . . . . . . . . . . . . . . . .  SFR      DATA   U_CHAR   008CH  1
EX0. . . . . . . . . . . . . . . . . .  ABSBIT   -----  BIT      00A8H  1
TH1. . . . . . . . . . . . . . . . . .  SFR      DATA   U_CHAR   008DH  1
IT0. . . . . . . . . . . . . . . . . .  ABSBIT   -----  BIT      0088H  1
T2H. . . . . . . . . . . . . . . . . .  SFR      DATA   U_CHAR   00D6H  1
EX1. . . . . . . . . . . . . . . . . .  ABSBIT   -----  BIT      00AAH  1
TB8. . . . . . . . . . . . . . . . . .  ABSBIT   -----  BIT      009BH  1
IT1. . . . . . . . . . . . . . . . . .  ABSBIT   -----  BIT      008AH  1
uint8_t. . . . . . . . . . . . . . . .  TYPEDEF  -----  U_CHAR   -----  1
T3H. . . . . . . . . . . . . . . . . .  SFR      DATA   U_CHAR   00D4H  1
P. . . . . . . . . . . . . . . . . . .  ABSBIT   -----  BIT      00D0H  1
T4H. . . . . . . . . . . . . . . . . .  SFR      DATA   U_CHAR   00D2H  1
SM0. . . . . . . . . . . . . . . . . .  ABSBIT   -----  BIT      009FH  1
TL0. . . . . . . . . . . . . . . . . .  SFR      DATA   U_CHAR   008AH  1
SM1. . . . . . . . . . . . . . . . . .  ABSBIT   -----  BIT      009EH  1
TL1. . . . . . . . . . . . . . . . . .  SFR      DATA   U_CHAR   008BH  1
T2L. . . . . . . . . . . . . . . . . .  SFR      DATA   U_CHAR   00D7H  1
SM2. . . . . . . . . . . . . . . . . .  ABSBIT   -----  BIT      009DH  1
_LCD_ShowString. . . . . . . . . . . .  EXTERN   CODE   PROC     -----  -----
T3L. . . . . . . . . . . . . . . . . .  SFR      DATA   U_CHAR   00D5H  1
T4L. . . . . . . . . . . . . . . . . .  SFR      DATA   U_CHAR   00D3H  1
PT0. . . . . . . . . . . . . . . . . .  ABSBIT   -----  BIT      00B9H  1
RS0. . . . . . . . . . . . . . . . . .  ABSBIT   -----  BIT      00D3H  1
PT1. . . . . . . . . . . . . . . . . .  ABSBIT   -----  BIT      00BBH  1
RS1. . . . . . . . . . . . . . . . . .  ABSBIT   -----  BIT      00D4H  1
IAP_DATA . . . . . . . . . . . . . . .  SFR      DATA   U_CHAR   00C2H  1
TR0. . . . . . . . . . . . . . . . . .  ABSBIT   -----  BIT      008CH  1
TR1. . . . . . . . . . . . . . . . . .  ABSBIT   -----  BIT      008EH  1
_LCD_ShowChar. . . . . . . . . . . . .  EXTERN   CODE   PROC     -----  -----
WDT_CONTR. . . . . . . . . . . . . . .  SFR      DATA   U_CHAR   00C1H  1
PX0. . . . . . . . . . . . . . . . . .  ABSBIT   -----  BIT      00B8H  1
int8_t . . . . . . . . . . . . . . . .  TYPEDEF  -----  CHAR     -----  1
PX1. . . . . . . . . . . . . . . . . .  ABSBIT   -----  BIT      00BAH  1
IRTRIM . . . . . . . . . . . . . . . .  SFR      DATA   U_CHAR   009FH  1
PCA_PWM0 . . . . . . . . . . . . . . .  SFR      DATA   U_CHAR   00F2H  1
PCA_PWM1 . . . . . . . . . . . . . . .  SFR      DATA   U_CHAR   00F3H  1
PCA_PWM2 . . . . . . . . . . . . . . .  SFR      DATA   U_CHAR   00F4H  1
DPH. . . . . . . . . . . . . . . . . .  SFR      DATA   U_CHAR   0083H  1
T4T3M. . . . . . . . . . . . . . . . .  SFR      DATA   U_CHAR   00D1H  1
ADC_RESL . . . . . . . . . . . . . . .  SFR      DATA   U_CHAR   00BEH  1
DPL. . . . . . . . . . . . . . . . . .  SFR      DATA   U_CHAR   0082H  1
SPSTAT . . . . . . . . . . . . . . . .  SFR      DATA   U_CHAR   00CDH  1
IPH. . . . . . . . . . . . . . . . . .  SFR      DATA   U_CHAR   00B7H  1
PWMSET . . . . . . . . . . . . . . . .  SFR      DATA   U_CHAR   00F1H  1
S2BUF. . . . . . . . . . . . . . . . .  SFR      DATA   U_CHAR   009BH  1
S3BUF. . . . . . . . . . . . . . . . .  SFR      DATA   U_CHAR   00ADH  1
REN. . . . . . . . . . . . . . . . . .  ABSBIT   -----  BIT      009CH  1
C51 COMPILER V9.60.0.0   MAIN                                                              12/06/2021 00:05:27 PAGE 12  

NAME                                    CLASS   MSPACE  TYPE    OFFSET  SIZE
====                                    =====   ======  ====    ======  ====


S4BUF. . . . . . . . . . . . . . . . .  SFR      DATA   U_CHAR   0085H  1
S2CON. . . . . . . . . . . . . . . . .  SFR      DATA   U_CHAR   009AH  1
DPS. . . . . . . . . . . . . . . . . .  SFR      DATA   U_CHAR   00E3H  1
S3CON. . . . . . . . . . . . . . . . .  SFR      DATA   U_CHAR   00ACH  1
S4CON. . . . . . . . . . . . . . . . .  SFR      DATA   U_CHAR   0084H  1
AUXINTIF . . . . . . . . . . . . . . .  SFR      DATA   U_CHAR   00EFH  1
SADEN. . . . . . . . . . . . . . . . .  SFR      DATA   U_CHAR   00B9H  1
Timer0_Rountine. . . . . . . . . . . .  PUBLIC   CODE   PROC     0000H  -----
  T0Count. . . . . . . . . . . . . . .  STATIC   DATA   U_INT    0000H  2
SADDR. . . . . . . . . . . . . . . . .  SFR      DATA   U_CHAR   00A9H  1
IAP_TRIG . . . . . . . . . . . . . . .  SFR      DATA   U_CHAR   00C6H  1
F0 . . . . . . . . . . . . . . . . . .  ABSBIT   -----  BIT      00D5H  1
IRCBAND. . . . . . . . . . . . . . . .  SFR      DATA   U_CHAR   009DH  1
PSW. . . . . . . . . . . . . . . . . .  SFR      DATA   U_CHAR   00D0H  1
uint32_t . . . . . . . . . . . . . . .  TYPEDEF  -----  U_LONG   -----  4
CCF0 . . . . . . . . . . . . . . . . .  ABSBIT   -----  BIT      00D8H  1
CCF1 . . . . . . . . . . . . . . . . .  ABSBIT   -----  BIT      00D9H  1
SPDAT. . . . . . . . . . . . . . . . .  SFR      DATA   U_CHAR   00CFH  1
P0M0 . . . . . . . . . . . . . . . . .  SFR      DATA   U_CHAR   0094H  1


MODULE INFORMATION:   STATIC OVERLAYABLE
   CODE SIZE        =    293    ----
   CONSTANT SIZE    =      7    ----
   XDATA SIZE       =   ----    ----
   PDATA SIZE       =   ----    ----
   DATA SIZE        =      5    ----
   IDATA SIZE       =   ----    ----
   BIT SIZE         =   ----    ----
   EDATA SIZE       =   ----    ----
   HDATA SIZE       =   ----    ----
   XDATA CONST SIZE =   ----    ----
   FAR CONST SIZE   =   ----    ----
END OF MODULE INFORMATION.


C51 COMPILATION COMPLETE.  0 WARNING(S),  0 ERROR(S)
