C51 COMPILER V9.60.0.0   TEMPLATE                                                          12/03/2021 13:56:29 PAGE 1   


C51 COMPILER V9.60.0.0, COMPILATION OF MODULE TEMPLATE
OBJECT MODULE PLACED IN .\build\template\template.o
COMPILER INVOKED BY: C:\Keil_v5\C51\BIN\C51.exe .\TEMPLATE.C PRINT(.\build\template\template.lst) OMF2 TABS(4) CODE NOCO
                    -ND SYMBOLS OPTIMIZE(8,SPEED) SMALL ROM(LARGE) INCDIR(C:\Keil_v5\C51\INC\STC;C:\Keil_v5\C51\INC) DEFINE(__UVISION_VERSION
                    -=526) OBJECT(.\build\template\template.o)

line level    source

   1          #include "STC8A8K64D4.h"
   2          
   3          #include "alib.h"
*** WARNING C280 IN LINE 11 OF alib.h: 'pin_port': unreferenced local variable
*** WARNING C280 IN LINE 11 OF alib.h: 'pin_num': unreferenced local variable
   4          #include <stdio.h>
   5          
   6          sbit outp = P3 ^ 1;
   7          //sbit lR = P0 ^ 5;
   8          //sbit lG = P0 ^ 6;
   9          //sbit lB = P0 ^ 7;
  10          
  11          
  12          
  13          
  14          
  15          void main()
  16          {
  17   1        P0M0 = 0x00;
  18   1        P0M1 = 0x00; // P3.1输出模式
  19   1        P6M0 = 0x00;
  20   1        P6M1 = 0x00; // P3.1输出模式
  21   1       UART_SENDCHAR_AT_P15_INIT();
  22   1        while (1)
  23   1        {
  24   2          
  25   2          UART_SENDCHAR_AT_P15(0x0f);
  26   2        }
  27   1      }
C51 COMPILER V9.60.0.0   TEMPLATE                                                          12/03/2021 13:56:29 PAGE 2   

ASSEMBLY LISTING OF GENERATED OBJECT CODE


             ; FUNCTION _pinModeOutput (BEGIN)
                                           ; SOURCE LINE # 11
0000 8F00        R     MOV     pin_port,R7
0002 8D00        R     MOV     pin_num,R5
                                           ; SOURCE LINE # 12
                                           ; SOURCE LINE # 13
0004 22                RET     
             ; FUNCTION _pinModeOutput (END)

             ; FUNCTION _delay_some_ticks (BEGIN)
                                           ; SOURCE LINE # 16
0000 8F00        R     MOV     ticks,R7
                                           ; SOURCE LINE # 17
0002         ?C0002:
                                           ; SOURCE LINE # 18
0002 AF00        R     MOV     R7,ticks
0004 1500        R     DEC     ticks
0006 EF                MOV     A,R7
0007 70F9              JNZ     ?C0002
                                           ; SOURCE LINE # 20
0009 22                RET     
             ; FUNCTION _delay_some_ticks (END)

             ; FUNCTION _delay_uint16_ticks (BEGIN)
                                           ; SOURCE LINE # 22
0000 8E00        R     MOV     ticks,R6
0002 8F00        R     MOV     ticks+01H,R7
0004         ?C0005:
                                           ; SOURCE LINE # 23
0004 E500        R     MOV     A,ticks+01H
0006 1500        R     DEC     ticks+01H
0008 AE00        R     MOV     R6,ticks
000A 7002              JNZ     ?C0029
000C 1500        R     DEC     ticks
000E         ?C0029:
000E 4E                ORL     A,R6
000F 70F3              JNZ     ?C0005
                                           ; SOURCE LINE # 25
0011 22                RET     
             ; FUNCTION _delay_uint16_ticks (END)

             ; FUNCTION _delay_ms (BEGIN)
                                           ; SOURCE LINE # 28
0000 8F00        R     MOV     mss+03H,R7
0002 8E00        R     MOV     mss+02H,R6
0004 8D00        R     MOV     mss+01H,R5
0006 8C00        R     MOV     mss,R4
                                           ; SOURCE LINE # 29
0008         ?C0008:
                                           ; SOURCE LINE # 30
0008 7800        R     MOV     R0,#LOW mss
000A 74FF              MOV     A,#0FFH
000C 120000      E     LCALL   ?C?LLDIIDATA8
000F EC                MOV     A,R4
0010 4D                ORL     A,R5
0011 4E                ORL     A,R6
0012 4F                ORL     A,R7
0013 601A              JZ      ?C0012
                                           ; SOURCE LINE # 31
C51 COMPILER V9.60.0.0   TEMPLATE                                                          12/03/2021 13:56:29 PAGE 3   

                                           ; SOURCE LINE # 32
0015 750003      R     MOV     i,#03H
0018 750040      R     MOV     i+01H,#040H
001B         ?C0010:
                                           ; SOURCE LINE # 33
001B E500        R     MOV     A,i+01H
001D 1500        R     DEC     i+01H
001F AE00        R     MOV     R6,i
0021 7002              JNZ     ?C0030
0023 1500        R     DEC     i
0025         ?C0030:
0025 4E                ORL     A,R6
0026 60E0              JZ      ?C0008
                                           ; SOURCE LINE # 34
                                           ; SOURCE LINE # 35
0028 7F05              MOV     R7,#05H
002A 120000      R     LCALL   _delay_some_ticks
                                           ; SOURCE LINE # 36
002D 80EC              SJMP    ?C0010
                                           ; SOURCE LINE # 37
                                           ; SOURCE LINE # 38
002F         ?C0012:
002F 22                RET     
             ; FUNCTION _delay_ms (END)

             ; FUNCTION Delay208us (BEGIN)
                                           ; SOURCE LINE # 40
                                           ; SOURCE LINE # 41
                                           ; SOURCE LINE # 44
;---- Variable 'i' assigned to Register 'R7' ----
0000 7F09              MOV     R7,#09H
                                           ; SOURCE LINE # 45
;---- Variable 'j' assigned to Register 'R6' ----
0002 7EF4              MOV     R6,#0F4H
                                           ; SOURCE LINE # 47
0004         ?C0016:
                                           ; SOURCE LINE # 48
0004 DEFE              DJNZ    R6,?C0016
                                           ; SOURCE LINE # 49
0006 DFFC              DJNZ    R7,?C0016
                                           ; SOURCE LINE # 50
0008 22                RET     
             ; FUNCTION Delay208us (END)

             ; FUNCTION UART_SENDCHAR_AT_P15_INIT (BEGIN)
                                           ; SOURCE LINE # 53
                                           ; SOURCE LINE # 54
0000 7592FF            MOV     P1M0,#0FFH
                                           ; SOURCE LINE # 55
0003 E4                CLR     A
0004 F591              MOV     P1M1,A
                                           ; SOURCE LINE # 57
0006 22                RET     
             ; FUNCTION UART_SENDCHAR_AT_P15_INIT (END)

             ; FUNCTION _UART_SENDCHAR_AT_P15 (BEGIN)
                                           ; SOURCE LINE # 61
;---- Variable 'c' assigned to Register 'R5' ----
0000 AD07              MOV     R5,AR7
                                           ; SOURCE LINE # 62
0002 120000      R     LCALL   Delay208us
                                           ; SOURCE LINE # 63
C51 COMPILER V9.60.0.0   TEMPLATE                                                          12/03/2021 13:56:29 PAGE 4   

0005 C295              CLR     P15
                                           ; SOURCE LINE # 64
0007 120000      R     LCALL   Delay208us
                                           ; SOURCE LINE # 68
000A E4                CLR     A
000B F500        R     MOV     i,A
000D         ?C0020:
000D C3                CLR     C
000E E500        R     MOV     A,i
0010 9408              SUBB    A,#08H
0012 7480              MOV     A,#080H
0014 9480              SUBB    A,#080H
0016 5024              JNC     ?C0021
                                           ; SOURCE LINE # 69
0018 7E00              MOV     R6,#00H
001A 7401              MOV     A,#01H
001C A800        R     MOV     R0,i
001E 08                INC     R0
001F 8005              SJMP    ?C0032
0021         ?C0031:
0021 C3                CLR     C
0022 33                RLC     A
0023 CE                XCH     A,R6
0024 33                RLC     A
0025 CE                XCH     A,R6
0026         ?C0032:
0026 D8F9              DJNZ    R0,?C0031
0028 FF                MOV     R7,A
0029 ED                MOV     A,R5
002A FB                MOV     R3,A
002B EF                MOV     A,R7
002C 5B                ANL     A,R3
002D 6004              JZ      ?C0023
                                           ; SOURCE LINE # 70
002F D295              SETB    P15
0031 8002              SJMP    ?C0024
0033         ?C0023:
                                           ; SOURCE LINE # 72
0033 C295              CLR     P15
0035         ?C0024:
                                           ; SOURCE LINE # 73
0035 120000      R     LCALL   Delay208us
                                           ; SOURCE LINE # 74
0038 0500        R     INC     i
003A 80D1              SJMP    ?C0020
003C         ?C0021:
                                           ; SOURCE LINE # 75
003C D295              SETB    P15
                                           ; SOURCE LINE # 76
003E 020000      R     LJMP    Delay208us
             ; FUNCTION _UART_SENDCHAR_AT_P15 (END)

             ; FUNCTION main (BEGIN)
                                           ; SOURCE LINE # 15
                                           ; SOURCE LINE # 16
                                           ; SOURCE LINE # 17
0000 E4                CLR     A
0001 F594              MOV     P0M0,A
                                           ; SOURCE LINE # 18
0003 F593              MOV     P0M1,A
                                           ; SOURCE LINE # 19
0005 F5CC              MOV     P6M0,A
C51 COMPILER V9.60.0.0   TEMPLATE                                                          12/03/2021 13:56:29 PAGE 5   

                                           ; SOURCE LINE # 20
0007 F5CB              MOV     P6M1,A
                                           ; SOURCE LINE # 21
0009 120000      R     LCALL   UART_SENDCHAR_AT_P15_INIT
000C         ?C0026:
                                           ; SOURCE LINE # 22
                                           ; SOURCE LINE # 23
                                           ; SOURCE LINE # 25
000C 7F0F              MOV     R7,#0FH
000E 120000      R     LCALL   _UART_SENDCHAR_AT_P15
                                           ; SOURCE LINE # 26
0011 80F9              SJMP    ?C0026
             ; FUNCTION main (END)

C51 COMPILER V9.60.0.0   TEMPLATE                                                          12/03/2021 13:56:29 PAGE 6   

NAME                                    CLASS   MSPACE  TYPE    OFFSET  SIZE
====                                    =====   ======  ====    ======  ====


uint16_t . . . . . . . . . . . . . . .  TYPEDEF  -----  U_INT    -----  2
CCF2 . . . . . . . . . . . . . . . . .  ABSBIT   -----  BIT      00DAH  1
P0M1 . . . . . . . . . . . . . . . . .  SFR      DATA   U_CHAR   0093H  1
P1M0 . . . . . . . . . . . . . . . . .  SFR      DATA   U_CHAR   0092H  1
CCF3 . . . . . . . . . . . . . . . . .  ABSBIT   -----  BIT      00DBH  1
P2M0 . . . . . . . . . . . . . . . . .  SFR      DATA   U_CHAR   0096H  1
P1M1 . . . . . . . . . . . . . . . . .  SFR      DATA   U_CHAR   0091H  1
P0 . . . . . . . . . . . . . . . . . .  SFR      DATA   U_CHAR   0080H  1
P3M0 . . . . . . . . . . . . . . . . .  SFR      DATA   U_CHAR   00B2H  1
P2M1 . . . . . . . . . . . . . . . . .  SFR      DATA   U_CHAR   0095H  1
P1 . . . . . . . . . . . . . . . . . .  SFR      DATA   U_CHAR   0090H  1
P4M0 . . . . . . . . . . . . . . . . .  SFR      DATA   U_CHAR   00B4H  1
P3M1 . . . . . . . . . . . . . . . . .  SFR      DATA   U_CHAR   00B1H  1
P2 . . . . . . . . . . . . . . . . . .  SFR      DATA   U_CHAR   00A0H  1
P5M0 . . . . . . . . . . . . . . . . .  SFR      DATA   U_CHAR   00CAH  1
P4M1 . . . . . . . . . . . . . . . . .  SFR      DATA   U_CHAR   00B3H  1
P3 . . . . . . . . . . . . . . . . . .  SFR      DATA   U_CHAR   00B0H  1
WKTCH. . . . . . . . . . . . . . . . .  SFR      DATA   U_CHAR   00ABH  1
AC . . . . . . . . . . . . . . . . . .  ABSBIT   -----  BIT      00D6H  1
P6M0 . . . . . . . . . . . . . . . . .  SFR      DATA   U_CHAR   00CCH  1
P5M1 . . . . . . . . . . . . . . . . .  SFR      DATA   U_CHAR   00C9H  1
P4 . . . . . . . . . . . . . . . . . .  SFR      DATA   U_CHAR   00C0H  1
P7M0 . . . . . . . . . . . . . . . . .  SFR      DATA   U_CHAR   00E2H  1
P6M1 . . . . . . . . . . . . . . . . .  SFR      DATA   U_CHAR   00CBH  1
P5 . . . . . . . . . . . . . . . . . .  SFR      DATA   U_CHAR   00C8H  1
P6 . . . . . . . . . . . . . . . . . .  SFR      DATA   U_CHAR   00E8H  1
P7M1 . . . . . . . . . . . . . . . . .  SFR      DATA   U_CHAR   00E1H  1
EA . . . . . . . . . . . . . . . . . .  ABSBIT   -----  BIT      00AFH  1
int32_t. . . . . . . . . . . . . . . .  TYPEDEF  -----  LONG     -----  4
P7 . . . . . . . . . . . . . . . . . .  SFR      DATA   U_CHAR   00F8H  1
WKTCL. . . . . . . . . . . . . . . . .  SFR      DATA   U_CHAR   00AAH  1
SPCTL. . . . . . . . . . . . . . . . .  SFR      DATA   U_CHAR   00CEH  1
int16_t. . . . . . . . . . . . . . . .  TYPEDEF  -----  INT      -----  2
CF . . . . . . . . . . . . . . . . . .  ABSBIT   -----  BIT      00DFH  1
CH . . . . . . . . . . . . . . . . . .  SFR      DATA   U_CHAR   00F9H  1
P_SW1. . . . . . . . . . . . . . . . .  SFR      DATA   U_CHAR   00A2H  1
UART_SENDCHAR_AT_P15_INIT. . . . . . .  PUBLIC   CODE   PROC     0000H  -----
P_SW2. . . . . . . . . . . . . . . . .  SFR      DATA   U_CHAR   00BAH  1
DPH1 . . . . . . . . . . . . . . . . .  SFR      DATA   U_CHAR   00E5H  1
EADC . . . . . . . . . . . . . . . . .  ABSBIT   -----  BIT      00ADH  1
IE . . . . . . . . . . . . . . . . . .  SFR      DATA   U_CHAR   00A8H  1
CL . . . . . . . . . . . . . . . . . .  SFR      DATA   U_CHAR   00E9H  1
IAP_CMD. . . . . . . . . . . . . . . .  SFR      DATA   U_CHAR   00C5H  1
CCAP0H . . . . . . . . . . . . . . . .  SFR      DATA   U_CHAR   00FAH  1
size_t . . . . . . . . . . . . . . . .  TYPEDEF  -----  U_INT    -----  2
INPUT. . . . . . . . . . . . . . . . .  E_CONST  -----  U_CHAR   -----  1
CCAP1H . . . . . . . . . . . . . . . .  SFR      DATA   U_CHAR   00FBH  1
DPL1 . . . . . . . . . . . . . . . . .  SFR      DATA   U_CHAR   00E4H  1
CCAP2H . . . . . . . . . . . . . . . .  SFR      DATA   U_CHAR   00FCH  1
ADC_RES. . . . . . . . . . . . . . . .  SFR      DATA   U_CHAR   00BDH  1
IP2H . . . . . . . . . . . . . . . . .  SFR      DATA   U_CHAR   00B6H  1
IP3H . . . . . . . . . . . . . . . . .  SFR      DATA   U_CHAR   00EEH  1
CCAP0L . . . . . . . . . . . . . . . .  SFR      DATA   U_CHAR   00EAH  1
CR . . . . . . . . . . . . . . . . . .  ABSBIT   -----  BIT      00DEH  1
TA . . . . . . . . . . . . . . . . . .  SFR      DATA   U_CHAR   00AEH  1
CCAP1L . . . . . . . . . . . . . . . .  SFR      DATA   U_CHAR   00EBH  1
CCAPM0 . . . . . . . . . . . . . . . .  SFR      DATA   U_CHAR   00DAH  1
C51 COMPILER V9.60.0.0   TEMPLATE                                                          12/03/2021 13:56:29 PAGE 7   

NAME                                    CLASS   MSPACE  TYPE    OFFSET  SIZE
====                                    =====   ======  ====    ======  ====


CCAP2L . . . . . . . . . . . . . . . .  SFR      DATA   U_CHAR   00ECH  1
CCAPM1 . . . . . . . . . . . . . . . .  SFR      DATA   U_CHAR   00DBH  1
INTCLKO. . . . . . . . . . . . . . . .  SFR      DATA   U_CHAR   008FH  1
CCAPM2 . . . . . . . . . . . . . . . .  SFR      DATA   U_CHAR   00DCH  1
ES . . . . . . . . . . . . . . . . . .  ABSBIT   -----  BIT      00ACH  1
PADC . . . . . . . . . . . . . . . . .  ABSBIT   -----  BIT      00BDH  1
IP . . . . . . . . . . . . . . . . . .  SFR      DATA   U_CHAR   00B8H  1
ADCCFG . . . . . . . . . . . . . . . .  SFR      DATA   U_CHAR   00DEH  1
RI . . . . . . . . . . . . . . . . . .  ABSBIT   -----  BIT      0098H  1
CY . . . . . . . . . . . . . . . . . .  ABSBIT   -----  BIT      00D7H  1
TI . . . . . . . . . . . . . . . . . .  ABSBIT   -----  BIT      0099H  1
_delay_uint16_ticks. . . . . . . . . .  PUBLIC   CODE   PROC     0000H  -----
  ticks. . . . . . . . . . . . . . . .  AUTO     DATA   U_INT    0000H  2
IAP_ADDRH. . . . . . . . . . . . . . .  SFR      DATA   U_CHAR   00C3H  1
PS . . . . . . . . . . . . . . . . . .  ABSBIT   -----  BIT      00BCH  1
SP . . . . . . . . . . . . . . . . . .  SFR      DATA   U_CHAR   0081H  1
CMOD . . . . . . . . . . . . . . . . .  SFR      DATA   U_CHAR   00D9H  1
CCON . . . . . . . . . . . . . . . . .  SFR      DATA   U_CHAR   00D8H  1
IAP_ADDRL. . . . . . . . . . . . . . .  SFR      DATA   U_CHAR   00C4H  1
OV . . . . . . . . . . . . . . . . . .  ABSBIT   -----  BIT      00D2H  1
PPCA . . . . . . . . . . . . . . . . .  ABSBIT   -----  BIT      00BFH  1
LIRTRIM. . . . . . . . . . . . . . . .  SFR      DATA   U_CHAR   009EH  1
main . . . . . . . . . . . . . . . . .  PUBLIC   CODE   PROC     0000H  -----
CMPCR1 . . . . . . . . . . . . . . . .  SFR      DATA   U_CHAR   00E6H  1
CMPCR2 . . . . . . . . . . . . . . . .  SFR      DATA   U_CHAR   00E7H  1
_delay_some_ticks. . . . . . . . . . .  PUBLIC   CODE   PROC     0000H  -----
  ticks. . . . . . . . . . . . . . . .  AUTO     DATA   U_CHAR   0000H  1
ELVD . . . . . . . . . . . . . . . . .  ABSBIT   -----  BIT      00AEH  1
P00. . . . . . . . . . . . . . . . . .  ABSBIT   -----  BIT      0080H  1
ADC_CONTR. . . . . . . . . . . . . . .  SFR      DATA   U_CHAR   00BCH  1
SBUF . . . . . . . . . . . . . . . . .  SFR      DATA   U_CHAR   0099H  1
P10. . . . . . . . . . . . . . . . . .  ABSBIT   -----  BIT      0090H  1
PCON . . . . . . . . . . . . . . . . .  SFR      DATA   U_CHAR   0087H  1
P01. . . . . . . . . . . . . . . . . .  ABSBIT   -----  BIT      0081H  1
P20. . . . . . . . . . . . . . . . . .  ABSBIT   -----  BIT      00A0H  1
P11. . . . . . . . . . . . . . . . . .  ABSBIT   -----  BIT      0091H  1
P02. . . . . . . . . . . . . . . . . .  ABSBIT   -----  BIT      0082H  1
IAP_TPS. . . . . . . . . . . . . . . .  SFR      DATA   U_CHAR   00F5H  1
P30. . . . . . . . . . . . . . . . . .  ABSBIT   -----  BIT      00B0H  1
P21. . . . . . . . . . . . . . . . . .  ABSBIT   -----  BIT      00A1H  1
P12. . . . . . . . . . . . . . . . . .  ABSBIT   -----  BIT      0092H  1
P03. . . . . . . . . . . . . . . . . .  ABSBIT   -----  BIT      0083H  1
P40. . . . . . . . . . . . . . . . . .  ABSBIT   -----  BIT      00C0H  1
P31. . . . . . . . . . . . . . . . . .  ABSBIT   -----  BIT      00B1H  1
P22. . . . . . . . . . . . . . . . . .  ABSBIT   -----  BIT      00A2H  1
SCON . . . . . . . . . . . . . . . . .  SFR      DATA   U_CHAR   0098H  1
P13. . . . . . . . . . . . . . . . . .  ABSBIT   -----  BIT      0093H  1
P04. . . . . . . . . . . . . . . . . .  ABSBIT   -----  BIT      0084H  1
P50. . . . . . . . . . . . . . . . . .  ABSBIT   -----  BIT      00C8H  1
P41. . . . . . . . . . . . . . . . . .  ABSBIT   -----  BIT      00C1H  1
P32. . . . . . . . . . . . . . . . . .  ABSBIT   -----  BIT      00B2H  1
P23. . . . . . . . . . . . . . . . . .  ABSBIT   -----  BIT      00A3H  1
P14. . . . . . . . . . . . . . . . . .  ABSBIT   -----  BIT      0094H  1
TMOD . . . . . . . . . . . . . . . . .  SFR      DATA   U_CHAR   0089H  1
TCON . . . . . . . . . . . . . . . . .  SFR      DATA   U_CHAR   0088H  1
P05. . . . . . . . . . . . . . . . . .  ABSBIT   -----  BIT      0085H  1
P60. . . . . . . . . . . . . . . . . .  ABSBIT   -----  BIT      00E8H  1
C51 COMPILER V9.60.0.0   TEMPLATE                                                          12/03/2021 13:56:29 PAGE 8   

NAME                                    CLASS   MSPACE  TYPE    OFFSET  SIZE
====                                    =====   ======  ====    ======  ====


P51. . . . . . . . . . . . . . . . . .  ABSBIT   -----  BIT      00C9H  1
P42. . . . . . . . . . . . . . . . . .  ABSBIT   -----  BIT      00C2H  1
P33. . . . . . . . . . . . . . . . . .  ABSBIT   -----  BIT      00B3H  1
P24. . . . . . . . . . . . . . . . . .  ABSBIT   -----  BIT      00A4H  1
P15. . . . . . . . . . . . . . . . . .  ABSBIT   -----  BIT      0095H  1
P06. . . . . . . . . . . . . . . . . .  ABSBIT   -----  BIT      0086H  1
P70. . . . . . . . . . . . . . . . . .  ABSBIT   -----  BIT      00F8H  1
P61. . . . . . . . . . . . . . . . . .  ABSBIT   -----  BIT      00E9H  1
P52. . . . . . . . . . . . . . . . . .  ABSBIT   -----  BIT      00CAH  1
P43. . . . . . . . . . . . . . . . . .  ABSBIT   -----  BIT      00C3H  1
PLVD . . . . . . . . . . . . . . . . .  ABSBIT   -----  BIT      00BEH  1
P34. . . . . . . . . . . . . . . . . .  ABSBIT   -----  BIT      00B4H  1
P25. . . . . . . . . . . . . . . . . .  ABSBIT   -----  BIT      00A5H  1
P16. . . . . . . . . . . . . . . . . .  ABSBIT   -----  BIT      0096H  1
P07. . . . . . . . . . . . . . . . . .  ABSBIT   -----  BIT      0087H  1
P71. . . . . . . . . . . . . . . . . .  ABSBIT   -----  BIT      00F9H  1
P62. . . . . . . . . . . . . . . . . .  ABSBIT   -----  BIT      00EAH  1
P53. . . . . . . . . . . . . . . . . .  ABSBIT   -----  BIT      00CBH  1
P44. . . . . . . . . . . . . . . . . .  ABSBIT   -----  BIT      00C4H  1
P35. . . . . . . . . . . . . . . . . .  ABSBIT   -----  BIT      00B5H  1
P26. . . . . . . . . . . . . . . . . .  ABSBIT   -----  BIT      00A6H  1
P17. . . . . . . . . . . . . . . . . .  ABSBIT   -----  BIT      0097H  1
P72. . . . . . . . . . . . . . . . . .  ABSBIT   -----  BIT      00FAH  1
P63. . . . . . . . . . . . . . . . . .  ABSBIT   -----  BIT      00EBH  1
P54. . . . . . . . . . . . . . . . . .  ABSBIT   -----  BIT      00CCH  1
P45. . . . . . . . . . . . . . . . . .  ABSBIT   -----  BIT      00C5H  1
P36. . . . . . . . . . . . . . . . . .  ABSBIT   -----  BIT      00B6H  1
P27. . . . . . . . . . . . . . . . . .  ABSBIT   -----  BIT      00A7H  1
P73. . . . . . . . . . . . . . . . . .  ABSBIT   -----  BIT      00FBH  1
P64. . . . . . . . . . . . . . . . . .  ABSBIT   -----  BIT      00ECH  1
P55. . . . . . . . . . . . . . . . . .  ABSBIT   -----  BIT      00CDH  1
P46. . . . . . . . . . . . . . . . . .  ABSBIT   -----  BIT      00C6H  1
P37. . . . . . . . . . . . . . . . . .  ABSBIT   -----  BIT      00B7H  1
P74. . . . . . . . . . . . . . . . . .  ABSBIT   -----  BIT      00FCH  1
P65. . . . . . . . . . . . . . . . . .  ABSBIT   -----  BIT      00EDH  1
P56. . . . . . . . . . . . . . . . . .  ABSBIT   -----  BIT      00CEH  1
P47. . . . . . . . . . . . . . . . . .  ABSBIT   -----  BIT      00C7H  1
P75. . . . . . . . . . . . . . . . . .  ABSBIT   -----  BIT      00FDH  1
P66. . . . . . . . . . . . . . . . . .  ABSBIT   -----  BIT      00EEH  1
P57. . . . . . . . . . . . . . . . . .  ABSBIT   -----  BIT      00CFH  1
P76. . . . . . . . . . . . . . . . . .  ABSBIT   -----  BIT      00FEH  1
P67. . . . . . . . . . . . . . . . . .  ABSBIT   -----  BIT      00EFH  1
P77. . . . . . . . . . . . . . . . . .  ABSBIT   -----  BIT      00FFH  1
BUS_SPEED. . . . . . . . . . . . . . .  SFR      DATA   U_CHAR   00A1H  1
IE0. . . . . . . . . . . . . . . . . .  ABSBIT   -----  BIT      0089H  1
IE1. . . . . . . . . . . . . . . . . .  ABSBIT   -----  BIT      008BH  1
IE2. . . . . . . . . . . . . . . . . .  SFR      DATA   U_CHAR   00AFH  1
B. . . . . . . . . . . . . . . . . . .  SFR      DATA   U_CHAR   00F0H  1
AUXR . . . . . . . . . . . . . . . . .  SFR      DATA   U_CHAR   008EH  1
IAP_CONTR. . . . . . . . . . . . . . .  SFR      DATA   U_CHAR   00C7H  1
PWMCFG . . . . . . . . . . . . . . . .  SFR      DATA   U_CHAR   00F6H  1
ACC. . . . . . . . . . . . . . . . . .  SFR      DATA   U_CHAR   00E0H  1
ET0. . . . . . . . . . . . . . . . . .  ABSBIT   -----  BIT      00A9H  1
outp . . . . . . . . . . . . . . . . .  ABSBIT   -----  BIT      00B1H  1
ET1. . . . . . . . . . . . . . . . . .  ABSBIT   -----  BIT      00ABH  1
TF0. . . . . . . . . . . . . . . . . .  ABSBIT   -----  BIT      008DH  1
RSTCFG . . . . . . . . . . . . . . . .  SFR      DATA   U_CHAR   00FFH  1
C51 COMPILER V9.60.0.0   TEMPLATE                                                          12/03/2021 13:56:29 PAGE 9   

NAME                                    CLASS   MSPACE  TYPE    OFFSET  SIZE
====                                    =====   ======  ====    ======  ====


IP2. . . . . . . . . . . . . . . . . .  SFR      DATA   U_CHAR   00B5H  1
TF1. . . . . . . . . . . . . . . . . .  ABSBIT   -----  BIT      008FH  1
IP3. . . . . . . . . . . . . . . . . .  SFR      DATA   U_CHAR   00DFH  1
RB8. . . . . . . . . . . . . . . . . .  ABSBIT   -----  BIT      009AH  1
TH0. . . . . . . . . . . . . . . . . .  SFR      DATA   U_CHAR   008CH  1
EX0. . . . . . . . . . . . . . . . . .  ABSBIT   -----  BIT      00A8H  1
TH1. . . . . . . . . . . . . . . . . .  SFR      DATA   U_CHAR   008DH  1
IT0. . . . . . . . . . . . . . . . . .  ABSBIT   -----  BIT      0088H  1
T2H. . . . . . . . . . . . . . . . . .  SFR      DATA   U_CHAR   00D6H  1
EX1. . . . . . . . . . . . . . . . . .  ABSBIT   -----  BIT      00AAH  1
TB8. . . . . . . . . . . . . . . . . .  ABSBIT   -----  BIT      009BH  1
IT1. . . . . . . . . . . . . . . . . .  ABSBIT   -----  BIT      008AH  1
uint8_t. . . . . . . . . . . . . . . .  TYPEDEF  -----  U_CHAR   -----  1
T3H. . . . . . . . . . . . . . . . . .  SFR      DATA   U_CHAR   00D4H  1
P. . . . . . . . . . . . . . . . . . .  ABSBIT   -----  BIT      00D0H  1
T4H. . . . . . . . . . . . . . . . . .  SFR      DATA   U_CHAR   00D2H  1
SM0. . . . . . . . . . . . . . . . . .  ABSBIT   -----  BIT      009FH  1
TL0. . . . . . . . . . . . . . . . . .  SFR      DATA   U_CHAR   008AH  1
SM1. . . . . . . . . . . . . . . . . .  ABSBIT   -----  BIT      009EH  1
TL1. . . . . . . . . . . . . . . . . .  SFR      DATA   U_CHAR   008BH  1
T2L. . . . . . . . . . . . . . . . . .  SFR      DATA   U_CHAR   00D7H  1
SM2. . . . . . . . . . . . . . . . . .  ABSBIT   -----  BIT      009DH  1
_delay_ms. . . . . . . . . . . . . . .  PUBLIC   CODE   PROC     0000H  -----
  mss. . . . . . . . . . . . . . . . .  AUTO     DATA   U_LONG   0000H  4
  i. . . . . . . . . . . . . . . . . .  AUTO     DATA   INT      0004H  2
T3L. . . . . . . . . . . . . . . . . .  SFR      DATA   U_CHAR   00D5H  1
T4L. . . . . . . . . . . . . . . . . .  SFR      DATA   U_CHAR   00D3H  1
PT0. . . . . . . . . . . . . . . . . .  ABSBIT   -----  BIT      00B9H  1
RS0. . . . . . . . . . . . . . . . . .  ABSBIT   -----  BIT      00D3H  1
PT1. . . . . . . . . . . . . . . . . .  ABSBIT   -----  BIT      00BBH  1
RS1. . . . . . . . . . . . . . . . . .  ABSBIT   -----  BIT      00D4H  1
IAP_DATA . . . . . . . . . . . . . . .  SFR      DATA   U_CHAR   00C2H  1
TR0. . . . . . . . . . . . . . . . . .  ABSBIT   -----  BIT      008CH  1
TR1. . . . . . . . . . . . . . . . . .  ABSBIT   -----  BIT      008EH  1
WDT_CONTR. . . . . . . . . . . . . . .  SFR      DATA   U_CHAR   00C1H  1
PX0. . . . . . . . . . . . . . . . . .  ABSBIT   -----  BIT      00B8H  1
int8_t . . . . . . . . . . . . . . . .  TYPEDEF  -----  CHAR     -----  1
PX1. . . . . . . . . . . . . . . . . .  ABSBIT   -----  BIT      00BAH  1
IRTRIM . . . . . . . . . . . . . . . .  SFR      DATA   U_CHAR   009FH  1
PCA_PWM0 . . . . . . . . . . . . . . .  SFR      DATA   U_CHAR   00F2H  1
PCA_PWM1 . . . . . . . . . . . . . . .  SFR      DATA   U_CHAR   00F3H  1
PCA_PWM2 . . . . . . . . . . . . . . .  SFR      DATA   U_CHAR   00F4H  1
DPH. . . . . . . . . . . . . . . . . .  SFR      DATA   U_CHAR   0083H  1
T4T3M. . . . . . . . . . . . . . . . .  SFR      DATA   U_CHAR   00D1H  1
ADC_RESL . . . . . . . . . . . . . . .  SFR      DATA   U_CHAR   00BEH  1
DPL. . . . . . . . . . . . . . . . . .  SFR      DATA   U_CHAR   0082H  1
SPSTAT . . . . . . . . . . . . . . . .  SFR      DATA   U_CHAR   00CDH  1
IPH. . . . . . . . . . . . . . . . . .  SFR      DATA   U_CHAR   00B7H  1
PWMSET . . . . . . . . . . . . . . . .  SFR      DATA   U_CHAR   00F1H  1
S2BUF. . . . . . . . . . . . . . . . .  SFR      DATA   U_CHAR   009BH  1
S3BUF. . . . . . . . . . . . . . . . .  SFR      DATA   U_CHAR   00ADH  1
REN. . . . . . . . . . . . . . . . . .  ABSBIT   -----  BIT      009CH  1
S4BUF. . . . . . . . . . . . . . . . .  SFR      DATA   U_CHAR   0085H  1
_pinModeOutput . . . . . . . . . . . .  PUBLIC   CODE   PROC     0000H  -----
  pin_port . . . . . . . . . . . . . .  AUTO     DATA   U_CHAR   0000H  1
  pin_num. . . . . . . . . . . . . . .  AUTO     DATA   U_CHAR   0001H  1
S2CON. . . . . . . . . . . . . . . . .  SFR      DATA   U_CHAR   009AH  1
C51 COMPILER V9.60.0.0   TEMPLATE                                                          12/03/2021 13:56:29 PAGE 10  

NAME                                    CLASS   MSPACE  TYPE    OFFSET  SIZE
====                                    =====   ======  ====    ======  ====


DPS. . . . . . . . . . . . . . . . . .  SFR      DATA   U_CHAR   00E3H  1
S3CON. . . . . . . . . . . . . . . . .  SFR      DATA   U_CHAR   00ACH  1
i. . . . . . . . . . . . . . . . . . .  PUBLIC   DATA   U_CHAR   0000H  1
pinMode_enum . . . . . . . . . . . . .  * TAG *  -----  ENUM     -----  -----
S4CON. . . . . . . . . . . . . . . . .  SFR      DATA   U_CHAR   0084H  1
AUXINTIF . . . . . . . . . . . . . . .  SFR      DATA   U_CHAR   00EFH  1
SADEN. . . . . . . . . . . . . . . . .  SFR      DATA   U_CHAR   00B9H  1
SADDR. . . . . . . . . . . . . . . . .  SFR      DATA   U_CHAR   00A9H  1
IAP_TRIG . . . . . . . . . . . . . . .  SFR      DATA   U_CHAR   00C6H  1
OUTPUT . . . . . . . . . . . . . . . .  E_CONST  -----  U_CHAR   -----  1
F0 . . . . . . . . . . . . . . . . . .  ABSBIT   -----  BIT      00D5H  1
IRCBAND. . . . . . . . . . . . . . . .  SFR      DATA   U_CHAR   009DH  1
_UART_SENDCHAR_AT_P15. . . . . . . . .  PUBLIC   CODE   PROC     0000H  -----
  c. . . . . . . . . . . . . . . . . .  * REG *  DATA   U_CHAR   0005H  1
Delay208us . . . . . . . . . . . . . .  PUBLIC   CODE   PROC     0000H  -----
  i. . . . . . . . . . . . . . . . . .  * REG *  DATA   U_CHAR   0007H  1
  j. . . . . . . . . . . . . . . . . .  * REG *  DATA   U_CHAR   0006H  1
PSW. . . . . . . . . . . . . . . . . .  SFR      DATA   U_CHAR   00D0H  1
uint32_t . . . . . . . . . . . . . . .  TYPEDEF  -----  U_LONG   -----  4
CCF0 . . . . . . . . . . . . . . . . .  ABSBIT   -----  BIT      00D8H  1
CCF1 . . . . . . . . . . . . . . . . .  ABSBIT   -----  BIT      00D9H  1
SPDAT. . . . . . . . . . . . . . . . .  SFR      DATA   U_CHAR   00CFH  1
P0M0 . . . . . . . . . . . . . . . . .  SFR      DATA   U_CHAR   0094H  1


MODULE INFORMATION:   STATIC OVERLAYABLE
   CODE SIZE        =    181    ----
   CONSTANT SIZE    =   ----    ----
   XDATA SIZE       =   ----    ----
   PDATA SIZE       =   ----    ----
   DATA SIZE        =      1      11
   IDATA SIZE       =   ----    ----
   BIT SIZE         =   ----    ----
   EDATA SIZE       =   ----    ----
   HDATA SIZE       =   ----    ----
   XDATA CONST SIZE =   ----    ----
   FAR CONST SIZE   =   ----    ----
END OF MODULE INFORMATION.


C51 COMPILATION COMPLETE.  2 WARNING(S),  0 ERROR(S)
